{"D:\\Codebox\\PROJECTS\\NineDeploy\\apps\\cli\\src\\client.ts": {"path":"D:\\Codebox\\PROJECTS\\NineDeploy\\apps\\cli\\src\\client.ts","statementMap":{"0":{"start":{"line":8,"column":14},"end":{"line":8,"column":25}},"1":{"start":{"line":9,"column":2},"end":{"line":12,"column":null}},"2":{"start":{"line":11,"column":20},"end":{"line":11,"column":null}}},"fnMap":{"0":{"name":"getClient","decl":{"start":{"line":7,"column":16},"end":{"line":7,"column":46}},"loc":{"start":{"line":7,"column":46},"end":{"line":13,"column":null}},"line":7},"1":{"name":"(anonymous_1)","decl":{"start":{"line":11,"column":4},"end":{"line":11,"column":20}},"loc":{"start":{"line":11,"column":20},"end":{"line":11,"column":null}},"line":11}},"branchMap":{},"s":{"0":2,"1":2,"2":2},"f":{"0":2,"1":2},"b":{},"meta":{"lastBranch":0,"lastFunction":2,"lastStatement":3,"seen":{"f:7:16:7:46":0,"s:8:14:8:25":0,"s:9:2:12:Infinity":1,"f:11:4:11:20":1,"s:11:20:11:Infinity":2},"fnNames":{}}}
,"D:\\Codebox\\PROJECTS\\NineDeploy\\apps\\cli\\src\\config.ts": {"path":"D:\\Codebox\\PROJECTS\\NineDeploy\\apps\\cli\\src\\config.ts","statementMap":{"0":{"start":{"line":5,"column":19},"end":{"line":5,"column":null}},"1":{"start":{"line":6,"column":20},"end":{"line":6,"column":null}},"2":{"start":{"line":13,"column":28},"end":{"line":13,"column":null}},"3":{"start":{"line":16,"column":2},"end":{"line":22,"column":null}},"4":{"start":{"line":17,"column":4},"end":{"line":19,"column":null}},"5":{"start":{"line":18,"column":6},"end":{"line":18,"column":null}},"6":{"start":{"line":23,"column":2},"end":{"line":23,"column":null}},"7":{"start":{"line":27,"column":2},"end":{"line":27,"column":null}},"8":{"start":{"line":28,"column":2},"end":{"line":28,"column":null}},"9":{"start":{"line":32,"column":2},"end":{"line":36,"column":null}},"10":{"start":{"line":33,"column":4},"end":{"line":33,"column":null}}},"fnMap":{"0":{"name":"loadConfig","decl":{"start":{"line":15,"column":16},"end":{"line":15,"column":40}},"loc":{"start":{"line":15,"column":40},"end":{"line":24,"column":null}},"line":15},"1":{"name":"saveConfig","decl":{"start":{"line":26,"column":16},"end":{"line":26,"column":27}},"loc":{"start":{"line":26,"column":52},"end":{"line":37,"column":null}},"line":26}},"branchMap":{"0":{"loc":{"start":{"line":17,"column":4},"end":{"line":19,"column":null}},"type":"if","locations":[{"start":{"line":17,"column":4},"end":{"line":19,"column":null}},{"start":{},"end":{}}],"line":17}},"s":{"0":6,"1":6,"2":6,"3":5,"4":5,"5":4,"6":2,"7":2,"8":2,"9":2,"10":2},"f":{"0":5,"1":2},"b":{"0":[4,1]},"meta":{"lastBranch":1,"lastFunction":2,"lastStatement":11,"seen":{"s:5:19:5:Infinity":0,"s:6:20:6:Infinity":1,"s:13:28:13:Infinity":2,"f:15:16:15:40":0,"s:16:2:22:Infinity":3,"b:17:4:19:Infinity:undefined:undefined:undefined:undefined":0,"s:17:4:19:Infinity":4,"s:18:6:18:Infinity":5,"s:23:2:23:Infinity":6,"f:26:16:26:27":1,"s:27:2:27:Infinity":7,"s:28:2:28:Infinity":8,"s:32:2:36:Infinity":9,"s:33:4:33:Infinity":10},"fnNames":{}}}
,"D:\\Codebox\\PROJECTS\\NineDeploy\\apps\\cli\\src\\index.ts": {"path":"D:\\Codebox\\PROJECTS\\NineDeploy\\apps\\cli\\src\\index.ts","statementMap":{"0":{"start":{"line":54,"column":16},"end":{"line":54,"column":null}},"1":{"start":{"line":56,"column":0},"end":{"line":60,"column":null}},"2":{"start":{"line":63,"column":0},"end":{"line":66,"column":null}},"3":{"start":{"line":66,"column":16},"end":{"line":66,"column":29}},"4":{"start":{"line":68,"column":0},"end":{"line":71,"column":null}},"5":{"start":{"line":71,"column":16},"end":{"line":71,"column":29}},"6":{"start":{"line":73,"column":0},"end":{"line":76,"column":null}},"7":{"start":{"line":76,"column":16},"end":{"line":76,"column":29}},"8":{"start":{"line":78,"column":0},"end":{"line":90,"column":null}},"9":{"start":{"line":82,"column":16},"end":{"line":82,"column":27}},"10":{"start":{"line":85,"column":4},"end":{"line":87,"column":null}},"11":{"start":{"line":86,"column":6},"end":{"line":86,"column":null}},"12":{"start":{"line":86,"column":50},"end":{"line":86,"column":59}},"13":{"start":{"line":88,"column":4},"end":{"line":88,"column":null}},"14":{"start":{"line":89,"column":4},"end":{"line":89,"column":null}},"15":{"start":{"line":92,"column":0},"end":{"line":106,"column":null}},"16":{"start":{"line":96,"column":16},"end":{"line":96,"column":27}},"17":{"start":{"line":97,"column":4},"end":{"line":97,"column":null}},"18":{"start":{"line":97,"column":22},"end":{"line":97,"column":79}},"19":{"start":{"line":97,"column":79},"end":{"line":97,"column":96}},"20":{"start":{"line":98,"column":4},"end":{"line":105,"column":null}},"21":{"start":{"line":99,"column":19},"end":{"line":99,"column":null}},"22":{"start":{"line":100,"column":6},"end":{"line":100,"column":null}},"23":{"start":{"line":102,"column":18},"end":{"line":102,"column":null}},"24":{"start":{"line":103,"column":6},"end":{"line":103,"column":null}},"25":{"start":{"line":104,"column":6},"end":{"line":104,"column":null}},"26":{"start":{"line":108,"column":0},"end":{"line":121,"column":null}},"27":{"start":{"line":113,"column":4},"end":{"line":120,"column":null}},"28":{"start":{"line":114,"column":6},"end":{"line":114,"column":null}},"29":{"start":{"line":115,"column":6},"end":{"line":115,"column":null}},"30":{"start":{"line":117,"column":18},"end":{"line":117,"column":29}},"31":{"start":{"line":118,"column":6},"end":{"line":118,"column":null}},"32":{"start":{"line":119,"column":6},"end":{"line":119,"column":null}},"33":{"start":{"line":124,"column":17},"end":{"line":124,"column":null}},"34":{"start":{"line":126,"column":0},"end":{"line":126,"column":null}},"35":{"start":{"line":126,"column":71},"end":{"line":126,"column":96}},"36":{"start":{"line":128,"column":0},"end":{"line":128,"column":null}},"37":{"start":{"line":128,"column":93},"end":{"line":128,"column":120}},"38":{"start":{"line":130,"column":0},"end":{"line":130,"column":null}},"39":{"start":{"line":130,"column":88},"end":{"line":130,"column":116}},"40":{"start":{"line":132,"column":0},"end":{"line":132,"column":null}},"41":{"start":{"line":132,"column":95},"end":{"line":132,"column":126}},"42":{"start":{"line":134,"column":0},"end":{"line":134,"column":null}},"43":{"start":{"line":134,"column":96},"end":{"line":134,"column":125}},"44":{"start":{"line":136,"column":0},"end":{"line":136,"column":null}},"45":{"start":{"line":136,"column":91},"end":{"line":136,"column":133}},"46":{"start":{"line":138,"column":0},"end":{"line":138,"column":null}},"47":{"start":{"line":138,"column":93},"end":{"line":138,"column":136}},"48":{"start":{"line":140,"column":0},"end":{"line":140,"column":null}},"49":{"start":{"line":140,"column":89},"end":{"line":140,"column":134}},"50":{"start":{"line":142,"column":0},"end":{"line":142,"column":null}},"51":{"start":{"line":142,"column":107},"end":{"line":142,"column":138}},"52":{"start":{"line":144,"column":0},"end":{"line":144,"column":null}},"53":{"start":{"line":144,"column":104},"end":{"line":144,"column":135}},"54":{"start":{"line":146,"column":0},"end":{"line":146,"column":null}},"55":{"start":{"line":146,"column":114},"end":{"line":146,"column":146}},"56":{"start":{"line":148,"column":0},"end":{"line":148,"column":null}},"57":{"start":{"line":148,"column":114},"end":{"line":148,"column":146}},"58":{"start":{"line":151,"column":18},"end":{"line":151,"column":null}},"59":{"start":{"line":153,"column":0},"end":{"line":153,"column":null}},"60":{"start":{"line":153,"column":73},"end":{"line":153,"column":92}},"61":{"start":{"line":155,"column":0},"end":{"line":155,"column":null}},"62":{"start":{"line":155,"column":88},"end":{"line":155,"column":109}},"63":{"start":{"line":158,"column":18},"end":{"line":158,"column":null}},"64":{"start":{"line":160,"column":0},"end":{"line":160,"column":null}},"65":{"start":{"line":160,"column":73},"end":{"line":160,"column":93}},"66":{"start":{"line":162,"column":0},"end":{"line":162,"column":null}},"67":{"start":{"line":162,"column":95},"end":{"line":162,"column":121}},"68":{"start":{"line":165,"column":16},"end":{"line":165,"column":null}},"69":{"start":{"line":167,"column":0},"end":{"line":167,"column":null}},"70":{"start":{"line":167,"column":105},"end":{"line":167,"column":133}},"71":{"start":{"line":169,"column":0},"end":{"line":169,"column":null}},"72":{"start":{"line":169,"column":141},"end":{"line":169,"column":183}},"73":{"start":{"line":172,"column":14},"end":{"line":172,"column":null}},"74":{"start":{"line":174,"column":0},"end":{"line":174,"column":null}},"75":{"start":{"line":174,"column":75},"end":{"line":174,"column":99}},"76":{"start":{"line":176,"column":0},"end":{"line":176,"column":null}},"77":{"start":{"line":176,"column":66},"end":{"line":176,"column":88}},"78":{"start":{"line":179,"column":15},"end":{"line":179,"column":null}},"79":{"start":{"line":181,"column":0},"end":{"line":181,"column":null}},"80":{"start":{"line":181,"column":87},"end":{"line":181,"column":110}},"81":{"start":{"line":183,"column":0},"end":{"line":183,"column":null}},"82":{"start":{"line":183,"column":91},"end":{"line":183,"column":119}},"83":{"start":{"line":184,"column":0},"end":{"line":186,"column":null}},"84":{"start":{"line":186,"column":41},"end":{"line":186,"column":92}},"85":{"start":{"line":189,"column":15},"end":{"line":189,"column":null}},"86":{"start":{"line":191,"column":0},"end":{"line":191,"column":null}},"87":{"start":{"line":191,"column":100},"end":{"line":191,"column":124}},"88":{"start":{"line":193,"column":0},"end":{"line":196,"column":null}},"89":{"start":{"line":196,"column":82},"end":{"line":196,"column":123}},"90":{"start":{"line":198,"column":0},"end":{"line":198,"column":null}},"91":{"start":{"line":198,"column":115},"end":{"line":198,"column":146}},"92":{"start":{"line":201,"column":19},"end":{"line":201,"column":null}},"93":{"start":{"line":203,"column":0},"end":{"line":203,"column":null}},"94":{"start":{"line":203,"column":72},"end":{"line":203,"column":96}},"95":{"start":{"line":205,"column":0},"end":{"line":209,"column":null}},"96":{"start":{"line":209,"column":80},"end":{"line":209,"column":119}},"97":{"start":{"line":211,"column":0},"end":{"line":211,"column":null}},"98":{"start":{"line":211,"column":120},"end":{"line":211,"column":160}},"99":{"start":{"line":214,"column":19},"end":{"line":214,"column":null}},"100":{"start":{"line":216,"column":0},"end":{"line":216,"column":null}},"101":{"start":{"line":216,"column":72},"end":{"line":216,"column":96}},"102":{"start":{"line":218,"column":0},"end":{"line":218,"column":null}},"103":{"start":{"line":218,"column":108},"end":{"line":218,"column":140}},"104":{"start":{"line":221,"column":20},"end":{"line":221,"column":null}},"105":{"start":{"line":223,"column":0},"end":{"line":223,"column":null}},"106":{"start":{"line":223,"column":83},"end":{"line":223,"column":108}},"107":{"start":{"line":225,"column":0},"end":{"line":225,"column":null}},"108":{"start":{"line":225,"column":136},"end":{"line":225,"column":214}},"109":{"start":{"line":227,"column":0},"end":{"line":227,"column":null}},"110":{"start":{"line":227,"column":110},"end":{"line":227,"column":143}},"111":{"start":{"line":230,"column":20},"end":{"line":230,"column":null}},"112":{"start":{"line":232,"column":0},"end":{"line":232,"column":null}},"113":{"start":{"line":232,"column":77},"end":{"line":232,"column":102}},"114":{"start":{"line":234,"column":0},"end":{"line":234,"column":null}},"115":{"start":{"line":234,"column":90},"end":{"line":234,"column":121}},"116":{"start":{"line":237,"column":19},"end":{"line":237,"column":null}},"117":{"start":{"line":239,"column":0},"end":{"line":239,"column":null}},"118":{"start":{"line":239,"column":118},"end":{"line":239,"column":146}},"119":{"start":{"line":241,"column":0},"end":{"line":241,"column":null}},"120":{"start":{"line":241,"column":103},"end":{"line":241,"column":133}},"121":{"start":{"line":243,"column":0},"end":{"line":243,"column":null}},"122":{"start":{"line":243,"column":136},"end":{"line":243,"column":172}},"123":{"start":{"line":246,"column":18},"end":{"line":246,"column":null}},"124":{"start":{"line":248,"column":0},"end":{"line":248,"column":null}},"125":{"start":{"line":248,"column":71},"end":{"line":248,"column":94}},"126":{"start":{"line":250,"column":0},"end":{"line":254,"column":null}},"127":{"start":{"line":254,"column":121},"end":{"line":254,"column":181}},"128":{"start":{"line":256,"column":0},"end":{"line":256,"column":null}},"129":{"start":{"line":256,"column":88},"end":{"line":256,"column":117}},"130":{"start":{"line":259,"column":0},"end":{"line":259,"column":null}},"131":{"start":{"line":259,"column":72},"end":{"line":259,"column":94}},"132":{"start":{"line":260,"column":0},"end":{"line":261,"column":null}},"133":{"start":{"line":261,"column":27},"end":{"line":261,"column":59}},"134":{"start":{"line":263,"column":0},"end":{"line":263,"column":null}},"135":{"start":{"line":263,"column":77},"end":{"line":263,"column":102}},"136":{"start":{"line":266,"column":16},"end":{"line":266,"column":null}},"137":{"start":{"line":267,"column":0},"end":{"line":267,"column":null}},"138":{"start":{"line":267,"column":79},"end":{"line":267,"column":103}},"139":{"start":{"line":268,"column":0},"end":{"line":268,"column":null}},"140":{"start":{"line":268,"column":98},"end":{"line":268,"column":129}},"141":{"start":{"line":269,"column":0},"end":{"line":269,"column":null}},"142":{"start":{"line":269,"column":116},"end":{"line":269,"column":147}},"143":{"start":{"line":270,"column":0},"end":{"line":275,"column":null}},"144":{"start":{"line":275,"column":41},"end":{"line":275,"column":82}},"145":{"start":{"line":276,"column":0},"end":{"line":276,"column":null}},"146":{"start":{"line":276,"column":96},"end":{"line":276,"column":126}},"147":{"start":{"line":277,"column":0},"end":{"line":277,"column":null}},"148":{"start":{"line":277,"column":87},"end":{"line":277,"column":118}},"149":{"start":{"line":278,"column":0},"end":{"line":278,"column":null}},"150":{"start":{"line":278,"column":89},"end":{"line":278,"column":119}},"151":{"start":{"line":279,"column":0},"end":{"line":279,"column":null}},"152":{"start":{"line":279,"column":91},"end":{"line":279,"column":124}},"153":{"start":{"line":282,"column":21},"end":{"line":282,"column":null}},"154":{"start":{"line":283,"column":0},"end":{"line":287,"column":null}},"155":{"start":{"line":287,"column":25},"end":{"line":287,"column":60}},"156":{"start":{"line":288,"column":0},"end":{"line":288,"column":null}},"157":{"start":{"line":288,"column":107},"end":{"line":288,"column":140}},"158":{"start":{"line":289,"column":0},"end":{"line":293,"column":null}},"159":{"start":{"line":293,"column":53},"end":{"line":293,"column":99}},"160":{"start":{"line":294,"column":0},"end":{"line":294,"column":null}},"161":{"start":{"line":294,"column":110},"end":{"line":294,"column":146}},"162":{"start":{"line":297,"column":19},"end":{"line":297,"column":null}},"163":{"start":{"line":298,"column":0},"end":{"line":298,"column":null}},"164":{"start":{"line":298,"column":82},"end":{"line":298,"column":109}},"165":{"start":{"line":299,"column":0},"end":{"line":299,"column":null}},"166":{"start":{"line":299,"column":108},"end":{"line":299,"column":138}},"167":{"start":{"line":300,"column":0},"end":{"line":302,"column":null}},"168":{"start":{"line":302,"column":53},"end":{"line":302,"column":116}},"169":{"start":{"line":303,"column":0},"end":{"line":303,"column":null}},"170":{"start":{"line":303,"column":91},"end":{"line":303,"column":124}},"171":{"start":{"line":306,"column":0},"end":{"line":306,"column":null}},"172":{"start":{"line":306,"column":120},"end":{"line":306,"column":150}},"173":{"start":{"line":309,"column":13},"end":{"line":309,"column":null}},"174":{"start":{"line":310,"column":0},"end":{"line":310,"column":null}},"175":{"start":{"line":310,"column":117},"end":{"line":310,"column":138}},"176":{"start":{"line":313,"column":18},"end":{"line":313,"column":null}},"177":{"start":{"line":314,"column":0},"end":{"line":319,"column":null}},"178":{"start":{"line":319,"column":70},"end":{"line":319,"column":93}},"179":{"start":{"line":321,"column":0},"end":{"line":324,"column":null}},"180":{"start":{"line":324,"column":39},"end":{"line":324,"column":61}},"181":{"start":{"line":326,"column":0},"end":{"line":330,"column":null}},"182":{"start":{"line":330,"column":54},"end":{"line":330,"column":78}},"183":{"start":{"line":332,"column":0},"end":{"line":336,"column":null}},"184":{"start":{"line":336,"column":55},"end":{"line":336,"column":77}},"185":{"start":{"line":339,"column":0},"end":{"line":339,"column":null}},"186":{"start":{"line":339,"column":110},"end":{"line":339,"column":128}},"187":{"start":{"line":341,"column":0},"end":{"line":341,"column":null}},"188":{"start":{"line":341,"column":109},"end":{"line":341,"column":127}},"189":{"start":{"line":343,"column":0},"end":{"line":343,"column":null}},"190":{"start":{"line":343,"column":143},"end":{"line":343,"column":169}},"191":{"start":{"line":346,"column":0},"end":{"line":350,"column":null}},"192":{"start":{"line":350,"column":39},"end":{"line":350,"column":70}},"193":{"start":{"line":353,"column":16},"end":{"line":353,"column":null}},"194":{"start":{"line":365,"column":15},"end":{"line":365,"column":null}},"195":{"start":{"line":374,"column":20},"end":{"line":374,"column":null}},"196":{"start":{"line":385,"column":11},"end":{"line":385,"column":null}},"197":{"start":{"line":386,"column":0},"end":{"line":386,"column":null}},"198":{"start":{"line":386,"column":111},"end":{"line":386,"column":138}},"199":{"start":{"line":387,"column":0},"end":{"line":387,"column":null}},"200":{"start":{"line":387,"column":105},"end":{"line":387,"column":138}},"201":{"start":{"line":388,"column":0},"end":{"line":388,"column":null}},"202":{"start":{"line":388,"column":72},"end":{"line":388,"column":106}},"203":{"start":{"line":389,"column":0},"end":{"line":389,"column":null}},"204":{"start":{"line":389,"column":138},"end":{"line":389,"column":175}},"205":{"start":{"line":390,"column":0},"end":{"line":395,"column":null}},"206":{"start":{"line":395,"column":39},"end":{"line":395,"column":103}},"207":{"start":{"line":396,"column":0},"end":{"line":401,"column":null}},"208":{"start":{"line":401,"column":39},"end":{"line":401,"column":102}},"209":{"start":{"line":402,"column":0},"end":{"line":402,"column":null}},"210":{"start":{"line":402,"column":89},"end":{"line":402,"column":124}},"211":{"start":{"line":407,"column":17},"end":{"line":409,"column":null}},"212":{"start":{"line":410,"column":0},"end":{"line":413,"column":null}},"213":{"start":{"line":413,"column":16},"end":{"line":413,"column":43}},"214":{"start":{"line":414,"column":0},"end":{"line":417,"column":null}},"215":{"start":{"line":417,"column":16},"end":{"line":417,"column":47}},"216":{"start":{"line":418,"column":0},"end":{"line":421,"column":null}},"217":{"start":{"line":421,"column":16},"end":{"line":421,"column":43}},"218":{"start":{"line":422,"column":0},"end":{"line":425,"column":null}},"219":{"start":{"line":425,"column":33},"end":{"line":425,"column":93}},"220":{"start":{"line":428,"column":0},"end":{"line":442,"column":null}},"221":{"start":{"line":429,"column":2},"end":{"line":429,"column":null}},"222":{"start":{"line":430,"column":2},"end":{"line":430,"column":null}},"223":{"start":{"line":431,"column":2},"end":{"line":431,"column":null}},"224":{"start":{"line":432,"column":2},"end":{"line":432,"column":null}},"225":{"start":{"line":433,"column":2},"end":{"line":433,"column":null}},"226":{"start":{"line":434,"column":2},"end":{"line":434,"column":null}},"227":{"start":{"line":435,"column":2},"end":{"line":435,"column":null}},"228":{"start":{"line":436,"column":2},"end":{"line":436,"column":null}},"229":{"start":{"line":437,"column":2},"end":{"line":437,"column":null}},"230":{"start":{"line":438,"column":2},"end":{"line":438,"column":null}},"231":{"start":{"line":439,"column":2},"end":{"line":439,"column":null}},"232":{"start":{"line":440,"column":2},"end":{"line":440,"column":null}},"233":{"start":{"line":441,"column":2},"end":{"line":441,"column":null}},"234":{"start":{"line":444,"column":0},"end":{"line":447,"column":null}},"235":{"start":{"line":445,"column":2},"end":{"line":445,"column":null}},"236":{"start":{"line":446,"column":2},"end":{"line":446,"column":null}}},"fnMap":{"0":{"name":"(anonymous_0)","decl":{"start":{"line":66,"column":3},"end":{"line":66,"column":16}},"loc":{"start":{"line":66,"column":16},"end":{"line":66,"column":29}},"line":66},"1":{"name":"(anonymous_1)","decl":{"start":{"line":71,"column":3},"end":{"line":71,"column":16}},"loc":{"start":{"line":71,"column":16},"end":{"line":71,"column":29}},"line":71},"2":{"name":"(anonymous_2)","decl":{"start":{"line":76,"column":3},"end":{"line":76,"column":16}},"loc":{"start":{"line":76,"column":16},"end":{"line":76,"column":29}},"line":76},"3":{"name":"(anonymous_3)","decl":{"start":{"line":81,"column":10},"end":{"line":81,"column":22}},"loc":{"start":{"line":81,"column":22},"end":{"line":90,"column":3}},"line":81},"4":{"name":"(anonymous_4)","decl":{"start":{"line":86,"column":38},"end":{"line":86,"column":50}},"loc":{"start":{"line":86,"column":50},"end":{"line":86,"column":59}},"line":86},"5":{"name":"(anonymous_5)","decl":{"start":{"line":95,"column":10},"end":{"line":95,"column":22}},"loc":{"start":{"line":95,"column":22},"end":{"line":106,"column":3}},"line":95},"6":{"name":"(anonymous_6)","decl":{"start":{"line":112,"column":3},"end":{"line":112,"column":11}},"loc":{"start":{"line":112,"column":41},"end":{"line":121,"column":3}},"line":112},"7":{"name":"(anonymous_7)","decl":{"start":{"line":126,"column":58},"end":{"line":126,"column":71}},"loc":{"start":{"line":126,"column":71},"end":{"line":126,"column":96}},"line":126},"8":{"name":"(anonymous_8)","decl":{"start":{"line":128,"column":80},"end":{"line":128,"column":93}},"loc":{"start":{"line":128,"column":93},"end":{"line":128,"column":120}},"line":128},"9":{"name":"(anonymous_9)","decl":{"start":{"line":130,"column":65},"end":{"line":130,"column":73}},"loc":{"start":{"line":130,"column":88},"end":{"line":130,"column":116}},"line":130},"10":{"name":"(anonymous_10)","decl":{"start":{"line":132,"column":72},"end":{"line":132,"column":80}},"loc":{"start":{"line":132,"column":95},"end":{"line":132,"column":126}},"line":132},"11":{"name":"(anonymous_11)","decl":{"start":{"line":134,"column":73},"end":{"line":134,"column":81}},"loc":{"start":{"line":134,"column":96},"end":{"line":134,"column":125}},"line":134},"12":{"name":"(anonymous_12)","decl":{"start":{"line":136,"column":68},"end":{"line":136,"column":76}},"loc":{"start":{"line":136,"column":91},"end":{"line":136,"column":133}},"line":136},"13":{"name":"(anonymous_13)","decl":{"start":{"line":138,"column":70},"end":{"line":138,"column":78}},"loc":{"start":{"line":138,"column":93},"end":{"line":138,"column":136}},"line":138},"14":{"name":"(anonymous_14)","decl":{"start":{"line":140,"column":66},"end":{"line":140,"column":74}},"loc":{"start":{"line":140,"column":89},"end":{"line":140,"column":134}},"line":140},"15":{"name":"(anonymous_15)","decl":{"start":{"line":142,"column":84},"end":{"line":142,"column":92}},"loc":{"start":{"line":142,"column":107},"end":{"line":142,"column":138}},"line":142},"16":{"name":"(anonymous_16)","decl":{"start":{"line":144,"column":81},"end":{"line":144,"column":89}},"loc":{"start":{"line":144,"column":104},"end":{"line":144,"column":135}},"line":144},"17":{"name":"(anonymous_17)","decl":{"start":{"line":146,"column":91},"end":{"line":146,"column":99}},"loc":{"start":{"line":146,"column":114},"end":{"line":146,"column":146}},"line":146},"18":{"name":"(anonymous_18)","decl":{"start":{"line":148,"column":91},"end":{"line":148,"column":99}},"loc":{"start":{"line":148,"column":114},"end":{"line":148,"column":146}},"line":148},"19":{"name":"(anonymous_19)","decl":{"start":{"line":153,"column":60},"end":{"line":153,"column":73}},"loc":{"start":{"line":153,"column":73},"end":{"line":153,"column":92}},"line":153},"20":{"name":"(anonymous_20)","decl":{"start":{"line":155,"column":75},"end":{"line":155,"column":88}},"loc":{"start":{"line":155,"column":88},"end":{"line":155,"column":109}},"line":155},"21":{"name":"(anonymous_21)","decl":{"start":{"line":160,"column":60},"end":{"line":160,"column":73}},"loc":{"start":{"line":160,"column":73},"end":{"line":160,"column":93}},"line":160},"22":{"name":"(anonymous_22)","decl":{"start":{"line":162,"column":72},"end":{"line":162,"column":80}},"loc":{"start":{"line":162,"column":95},"end":{"line":162,"column":121}},"line":162},"23":{"name":"(anonymous_23)","decl":{"start":{"line":167,"column":82},"end":{"line":167,"column":90}},"loc":{"start":{"line":167,"column":105},"end":{"line":167,"column":133}},"line":167},"24":{"name":"(anonymous_24)","decl":{"start":{"line":169,"column":100},"end":{"line":169,"column":108}},"loc":{"start":{"line":169,"column":141},"end":{"line":169,"column":183}},"line":169},"25":{"name":"(anonymous_25)","decl":{"start":{"line":174,"column":62},"end":{"line":174,"column":75}},"loc":{"start":{"line":174,"column":75},"end":{"line":174,"column":99}},"line":174},"26":{"name":"(anonymous_26)","decl":{"start":{"line":176,"column":53},"end":{"line":176,"column":66}},"loc":{"start":{"line":176,"column":66},"end":{"line":176,"column":88}},"line":176},"27":{"name":"(anonymous_27)","decl":{"start":{"line":181,"column":74},"end":{"line":181,"column":87}},"loc":{"start":{"line":181,"column":87},"end":{"line":181,"column":110}},"line":181},"28":{"name":"(anonymous_28)","decl":{"start":{"line":183,"column":78},"end":{"line":183,"column":91}},"loc":{"start":{"line":183,"column":91},"end":{"line":183,"column":119}},"line":183},"29":{"name":"(anonymous_29)","decl":{"start":{"line":186,"column":3},"end":{"line":186,"column":11}},"loc":{"start":{"line":186,"column":41},"end":{"line":186,"column":92}},"line":186},"30":{"name":"(anonymous_30)","decl":{"start":{"line":191,"column":77},"end":{"line":191,"column":85}},"loc":{"start":{"line":191,"column":100},"end":{"line":191,"column":124}},"line":191},"31":{"name":"(anonymous_31)","decl":{"start":{"line":196,"column":3},"end":{"line":196,"column":11}},"loc":{"start":{"line":196,"column":82},"end":{"line":196,"column":123}},"line":196},"32":{"name":"(anonymous_32)","decl":{"start":{"line":198,"column":79},"end":{"line":198,"column":87}},"loc":{"start":{"line":198,"column":115},"end":{"line":198,"column":146}},"line":198},"33":{"name":"(anonymous_33)","decl":{"start":{"line":203,"column":59},"end":{"line":203,"column":72}},"loc":{"start":{"line":203,"column":72},"end":{"line":203,"column":96}},"line":203},"34":{"name":"(anonymous_34)","decl":{"start":{"line":209,"column":3},"end":{"line":209,"column":11}},"loc":{"start":{"line":209,"column":80},"end":{"line":209,"column":119}},"line":209},"35":{"name":"(anonymous_35)","decl":{"start":{"line":211,"column":79},"end":{"line":211,"column":87}},"loc":{"start":{"line":211,"column":120},"end":{"line":211,"column":160}},"line":211},"36":{"name":"(anonymous_36)","decl":{"start":{"line":216,"column":59},"end":{"line":216,"column":72}},"loc":{"start":{"line":216,"column":72},"end":{"line":216,"column":96}},"line":216},"37":{"name":"(anonymous_37)","decl":{"start":{"line":218,"column":83},"end":{"line":218,"column":91}},"loc":{"start":{"line":218,"column":108},"end":{"line":218,"column":140}},"line":218},"38":{"name":"(anonymous_38)","decl":{"start":{"line":223,"column":70},"end":{"line":223,"column":83}},"loc":{"start":{"line":223,"column":83},"end":{"line":223,"column":108}},"line":223},"39":{"name":"(anonymous_39)","decl":{"start":{"line":225,"column":95},"end":{"line":225,"column":103}},"loc":{"start":{"line":225,"column":136},"end":{"line":225,"column":214}},"line":225},"40":{"name":"(anonymous_40)","decl":{"start":{"line":227,"column":85},"end":{"line":227,"column":93}},"loc":{"start":{"line":227,"column":110},"end":{"line":227,"column":143}},"line":227},"41":{"name":"(anonymous_41)","decl":{"start":{"line":232,"column":64},"end":{"line":232,"column":77}},"loc":{"start":{"line":232,"column":77},"end":{"line":232,"column":102}},"line":232},"42":{"name":"(anonymous_42)","decl":{"start":{"line":234,"column":67},"end":{"line":234,"column":75}},"loc":{"start":{"line":234,"column":90},"end":{"line":234,"column":121}},"line":234},"43":{"name":"(anonymous_43)","decl":{"start":{"line":239,"column":94},"end":{"line":239,"column":102}},"loc":{"start":{"line":239,"column":118},"end":{"line":239,"column":146}},"line":239},"44":{"name":"(anonymous_44)","decl":{"start":{"line":241,"column":80},"end":{"line":241,"column":88}},"loc":{"start":{"line":241,"column":103},"end":{"line":241,"column":133}},"line":241},"45":{"name":"(anonymous_45)","decl":{"start":{"line":243,"column":100},"end":{"line":243,"column":108}},"loc":{"start":{"line":243,"column":136},"end":{"line":243,"column":172}},"line":243},"46":{"name":"(anonymous_46)","decl":{"start":{"line":248,"column":58},"end":{"line":248,"column":71}},"loc":{"start":{"line":248,"column":71},"end":{"line":248,"column":94}},"line":248},"47":{"name":"(anonymous_47)","decl":{"start":{"line":254,"column":3},"end":{"line":254,"column":11}},"loc":{"start":{"line":254,"column":121},"end":{"line":254,"column":181}},"line":254},"48":{"name":"(anonymous_48)","decl":{"start":{"line":256,"column":65},"end":{"line":256,"column":73}},"loc":{"start":{"line":256,"column":88},"end":{"line":256,"column":117}},"line":256},"49":{"name":"(anonymous_49)","decl":{"start":{"line":259,"column":59},"end":{"line":259,"column":72}},"loc":{"start":{"line":259,"column":72},"end":{"line":259,"column":94}},"line":259},"50":{"name":"(anonymous_50)","decl":{"start":{"line":261,"column":3},"end":{"line":261,"column":11}},"loc":{"start":{"line":261,"column":27},"end":{"line":261,"column":59}},"line":261},"51":{"name":"(anonymous_51)","decl":{"start":{"line":263,"column":64},"end":{"line":263,"column":77}},"loc":{"start":{"line":263,"column":77},"end":{"line":263,"column":102}},"line":263},"52":{"name":"(anonymous_52)","decl":{"start":{"line":267,"column":66},"end":{"line":267,"column":79}},"loc":{"start":{"line":267,"column":79},"end":{"line":267,"column":103}},"line":267},"53":{"name":"(anonymous_53)","decl":{"start":{"line":268,"column":85},"end":{"line":268,"column":98}},"loc":{"start":{"line":268,"column":98},"end":{"line":268,"column":129}},"line":268},"54":{"name":"(anonymous_54)","decl":{"start":{"line":269,"column":93},"end":{"line":269,"column":101}},"loc":{"start":{"line":269,"column":116},"end":{"line":269,"column":147}},"line":269},"55":{"name":"(anonymous_55)","decl":{"start":{"line":275,"column":3},"end":{"line":275,"column":11}},"loc":{"start":{"line":275,"column":41},"end":{"line":275,"column":82}},"line":275},"56":{"name":"(anonymous_56)","decl":{"start":{"line":276,"column":73},"end":{"line":276,"column":81}},"loc":{"start":{"line":276,"column":96},"end":{"line":276,"column":126}},"line":276},"57":{"name":"(anonymous_57)","decl":{"start":{"line":277,"column":64},"end":{"line":277,"column":72}},"loc":{"start":{"line":277,"column":87},"end":{"line":277,"column":118}},"line":277},"58":{"name":"(anonymous_58)","decl":{"start":{"line":278,"column":66},"end":{"line":278,"column":74}},"loc":{"start":{"line":278,"column":89},"end":{"line":278,"column":119}},"line":278},"59":{"name":"(anonymous_59)","decl":{"start":{"line":279,"column":68},"end":{"line":279,"column":76}},"loc":{"start":{"line":279,"column":91},"end":{"line":279,"column":124}},"line":279},"60":{"name":"(anonymous_60)","decl":{"start":{"line":287,"column":3},"end":{"line":287,"column":11}},"loc":{"start":{"line":287,"column":25},"end":{"line":287,"column":60}},"line":287},"61":{"name":"(anonymous_61)","decl":{"start":{"line":288,"column":83},"end":{"line":288,"column":91}},"loc":{"start":{"line":288,"column":107},"end":{"line":288,"column":140}},"line":288},"62":{"name":"(anonymous_62)","decl":{"start":{"line":293,"column":3},"end":{"line":293,"column":11}},"loc":{"start":{"line":293,"column":53},"end":{"line":293,"column":99}},"line":293},"63":{"name":"(anonymous_63)","decl":{"start":{"line":294,"column":86},"end":{"line":294,"column":94}},"loc":{"start":{"line":294,"column":110},"end":{"line":294,"column":146}},"line":294},"64":{"name":"(anonymous_64)","decl":{"start":{"line":298,"column":69},"end":{"line":298,"column":82}},"loc":{"start":{"line":298,"column":82},"end":{"line":298,"column":109}},"line":298},"65":{"name":"(anonymous_65)","decl":{"start":{"line":299,"column":85},"end":{"line":299,"column":93}},"loc":{"start":{"line":299,"column":108},"end":{"line":299,"column":138}},"line":299},"66":{"name":"(anonymous_66)","decl":{"start":{"line":302,"column":3},"end":{"line":302,"column":11}},"loc":{"start":{"line":302,"column":53},"end":{"line":302,"column":116}},"line":302},"67":{"name":"(anonymous_67)","decl":{"start":{"line":303,"column":68},"end":{"line":303,"column":76}},"loc":{"start":{"line":303,"column":91},"end":{"line":303,"column":124}},"line":303},"68":{"name":"(anonymous_68)","decl":{"start":{"line":306,"column":107},"end":{"line":306,"column":120}},"loc":{"start":{"line":306,"column":120},"end":{"line":306,"column":150}},"line":306},"69":{"name":"(anonymous_69)","decl":{"start":{"line":310,"column":104},"end":{"line":310,"column":117}},"loc":{"start":{"line":310,"column":117},"end":{"line":310,"column":138}},"line":310},"70":{"name":"(anonymous_70)","decl":{"start":{"line":319,"column":3},"end":{"line":319,"column":11}},"loc":{"start":{"line":319,"column":70},"end":{"line":319,"column":93}},"line":319},"71":{"name":"(anonymous_71)","decl":{"start":{"line":324,"column":3},"end":{"line":324,"column":11}},"loc":{"start":{"line":324,"column":39},"end":{"line":324,"column":61}},"line":324},"72":{"name":"(anonymous_72)","decl":{"start":{"line":330,"column":3},"end":{"line":330,"column":11}},"loc":{"start":{"line":330,"column":54},"end":{"line":330,"column":78}},"line":330},"73":{"name":"(anonymous_73)","decl":{"start":{"line":336,"column":3},"end":{"line":336,"column":11}},"loc":{"start":{"line":336,"column":55},"end":{"line":336,"column":77}},"line":336},"74":{"name":"(anonymous_74)","decl":{"start":{"line":339,"column":84},"end":{"line":339,"column":92}},"loc":{"start":{"line":339,"column":110},"end":{"line":339,"column":128}},"line":339},"75":{"name":"(anonymous_75)","decl":{"start":{"line":341,"column":84},"end":{"line":341,"column":92}},"loc":{"start":{"line":341,"column":109},"end":{"line":341,"column":127}},"line":341},"76":{"name":"(anonymous_76)","decl":{"start":{"line":343,"column":102},"end":{"line":343,"column":110}},"loc":{"start":{"line":343,"column":143},"end":{"line":343,"column":169}},"line":343},"77":{"name":"(anonymous_77)","decl":{"start":{"line":350,"column":3},"end":{"line":350,"column":11}},"loc":{"start":{"line":350,"column":39},"end":{"line":350,"column":70}},"line":350},"78":{"name":"(anonymous_78)","decl":{"start":{"line":386,"column":98},"end":{"line":386,"column":111}},"loc":{"start":{"line":386,"column":111},"end":{"line":386,"column":138}},"line":386},"79":{"name":"(anonymous_79)","decl":{"start":{"line":387,"column":92},"end":{"line":387,"column":105}},"loc":{"start":{"line":387,"column":105},"end":{"line":387,"column":138}},"line":387},"80":{"name":"(anonymous_80)","decl":{"start":{"line":388,"column":59},"end":{"line":388,"column":72}},"loc":{"start":{"line":388,"column":72},"end":{"line":388,"column":106}},"line":388},"81":{"name":"(anonymous_81)","decl":{"start":{"line":389,"column":125},"end":{"line":389,"column":138}},"loc":{"start":{"line":389,"column":138},"end":{"line":389,"column":175}},"line":389},"82":{"name":"(anonymous_82)","decl":{"start":{"line":395,"column":3},"end":{"line":395,"column":11}},"loc":{"start":{"line":395,"column":39},"end":{"line":395,"column":103}},"line":395},"83":{"name":"(anonymous_83)","decl":{"start":{"line":401,"column":3},"end":{"line":401,"column":11}},"loc":{"start":{"line":401,"column":39},"end":{"line":401,"column":102}},"line":401},"84":{"name":"(anonymous_84)","decl":{"start":{"line":402,"column":66},"end":{"line":402,"column":74}},"loc":{"start":{"line":402,"column":89},"end":{"line":402,"column":124}},"line":402},"85":{"name":"(anonymous_85)","decl":{"start":{"line":413,"column":3},"end":{"line":413,"column":16}},"loc":{"start":{"line":413,"column":16},"end":{"line":413,"column":43}},"line":413},"86":{"name":"(anonymous_86)","decl":{"start":{"line":417,"column":3},"end":{"line":417,"column":16}},"loc":{"start":{"line":417,"column":16},"end":{"line":417,"column":47}},"line":417},"87":{"name":"(anonymous_87)","decl":{"start":{"line":421,"column":3},"end":{"line":421,"column":16}},"loc":{"start":{"line":421,"column":16},"end":{"line":421,"column":43}},"line":421},"88":{"name":"(anonymous_88)","decl":{"start":{"line":425,"column":3},"end":{"line":425,"column":11}},"loc":{"start":{"line":425,"column":33},"end":{"line":425,"column":93}},"line":425},"89":{"name":"(anonymous_89)","decl":{"start":{"line":444,"column":21},"end":{"line":444,"column":28}},"loc":{"start":{"line":444,"column":45},"end":{"line":447,"column":1}},"line":444}},"branchMap":{"0":{"loc":{"start":{"line":85,"column":4},"end":{"line":87,"column":null}},"type":"if","locations":[{"start":{"line":85,"column":4},"end":{"line":87,"column":null}},{"start":{},"end":{}}],"line":85},"1":{"loc":{"start":{"line":97,"column":4},"end":{"line":97,"column":null}},"type":"if","locations":[{"start":{"line":97,"column":4},"end":{"line":97,"column":null}},{"start":{},"end":{}}],"line":97},"2":{"loc":{"start":{"line":100,"column":39},"end":{"line":100,"column":79}},"type":"cond-expr","locations":[{"start":{"line":100,"column":57},"end":{"line":100,"column":70}},{"start":{"line":100,"column":70},"end":{"line":100,"column":79}}],"line":100},"3":{"loc":{"start":{"line":102,"column":18},"end":{"line":102,"column":null}},"type":"cond-expr","locations":[{"start":{"line":102,"column":41},"end":{"line":102,"column":55}},{"start":{"line":102,"column":55},"end":{"line":102,"column":null}}],"line":102},"4":{"loc":{"start":{"line":113,"column":4},"end":{"line":120,"column":null}},"type":"if","locations":[{"start":{"line":113,"column":4},"end":{"line":120,"column":null}},{"start":{"line":116,"column":11},"end":{"line":120,"column":null}}],"line":113},"5":{"loc":{"start":{"line":119,"column":32},"end":{"line":119,"column":74}},"type":"cond-expr","locations":[{"start":{"line":119,"column":44},"end":{"line":119,"column":61}},{"start":{"line":119,"column":61},"end":{"line":119,"column":74}}],"line":119},"6":{"loc":{"start":{"line":225,"column":170},"end":{"line":225,"column":213}},"type":"cond-expr","locations":[{"start":{"line":225,"column":193},"end":{"line":225,"column":205}},{"start":{"line":225,"column":205},"end":{"line":225,"column":213}}],"line":225},"7":{"loc":{"start":{"line":428,"column":0},"end":{"line":442,"column":null}},"type":"if","locations":[{"start":{"line":428,"column":0},"end":{"line":442,"column":null}},{"start":{},"end":{}}],"line":428},"8":{"loc":{"start":{"line":445,"column":16},"end":{"line":445,"column":77}},"type":"cond-expr","locations":[{"start":{"line":445,"column":39},"end":{"line":445,"column":66}},{"start":{"line":445,"column":66},"end":{"line":445,"column":77}}],"line":445}},"s":{"0":24,"1":24,"2":24,"3":1,"4":24,"5":1,"6":24,"7":1,"8":24,"9":3,"10":3,"11":2,"12":1,"13":3,"14":3,"15":24,"16":5,"17":5,"18":1,"19":1,"20":5,"21":5,"22":3,"23":3,"24":3,"25":3,"26":24,"27":4,"28":2,"29":2,"30":2,"31":2,"32":2,"33":24,"34":24,"35":1,"36":24,"37":1,"38":24,"39":1,"40":24,"41":1,"42":24,"43":1,"44":24,"45":1,"46":24,"47":1,"48":24,"49":1,"50":24,"51":1,"52":24,"53":1,"54":24,"55":1,"56":24,"57":1,"58":24,"59":24,"60":1,"61":24,"62":1,"63":24,"64":24,"65":1,"66":24,"67":1,"68":24,"69":24,"70":1,"71":24,"72":1,"73":24,"74":24,"75":1,"76":24,"77":1,"78":24,"79":24,"80":1,"81":24,"82":1,"83":24,"84":3,"85":24,"86":24,"87":1,"88":24,"89":1,"90":24,"91":1,"92":24,"93":24,"94":1,"95":24,"96":1,"97":24,"98":1,"99":24,"100":24,"101":1,"102":24,"103":1,"104":24,"105":24,"106":1,"107":24,"108":2,"109":24,"110":1,"111":24,"112":24,"113":1,"114":24,"115":1,"116":24,"117":24,"118":1,"119":24,"120":1,"121":24,"122":1,"123":24,"124":24,"125":1,"126":24,"127":1,"128":24,"129":1,"130":24,"131":1,"132":24,"133":2,"134":24,"135":1,"136":24,"137":24,"138":1,"139":24,"140":1,"141":24,"142":1,"143":24,"144":1,"145":24,"146":1,"147":24,"148":1,"149":24,"150":1,"151":24,"152":1,"153":24,"154":24,"155":1,"156":24,"157":1,"158":24,"159":1,"160":24,"161":1,"162":24,"163":24,"164":1,"165":24,"166":1,"167":24,"168":1,"169":24,"170":1,"171":24,"172":1,"173":24,"174":24,"175":1,"176":24,"177":24,"178":1,"179":24,"180":1,"181":24,"182":1,"183":24,"184":1,"185":24,"186":1,"187":24,"188":1,"189":24,"190":1,"191":24,"192":1,"193":24,"194":24,"195":24,"196":24,"197":24,"198":1,"199":24,"200":1,"201":24,"202":1,"203":24,"204":1,"205":24,"206":1,"207":24,"208":1,"209":24,"210":1,"211":24,"212":24,"213":1,"214":24,"215":1,"216":24,"217":1,"218":24,"219":1,"220":24,"221":1,"222":1,"223":1,"224":1,"225":1,"226":1,"227":1,"228":1,"229":1,"230":1,"231":1,"232":1,"233":1,"234":24,"235":2,"236":2},"f":{"0":1,"1":1,"2":1,"3":3,"4":1,"5":5,"6":4,"7":1,"8":1,"9":1,"10":1,"11":1,"12":1,"13":1,"14":1,"15":1,"16":1,"17":1,"18":1,"19":1,"20":1,"21":1,"22":1,"23":1,"24":1,"25":1,"26":1,"27":1,"28":1,"29":3,"30":1,"31":1,"32":1,"33":1,"34":1,"35":1,"36":1,"37":1,"38":1,"39":2,"40":1,"41":1,"42":1,"43":1,"44":1,"45":1,"46":1,"47":1,"48":1,"49":1,"50":2,"51":1,"52":1,"53":1,"54":1,"55":1,"56":1,"57":1,"58":1,"59":1,"60":1,"61":1,"62":1,"63":1,"64":1,"65":1,"66":1,"67":1,"68":1,"69":1,"70":1,"71":1,"72":1,"73":1,"74":1,"75":1,"76":1,"77":1,"78":1,"79":1,"80":1,"81":1,"82":1,"83":1,"84":1,"85":1,"86":1,"87":1,"88":1,"89":2},"b":{"0":[2,1],"1":[1,4],"2":[2,0],"3":[2,1],"4":[2,2],"5":[1,1],"6":[1,1],"7":[1,23],"8":[1,1]},"meta":{"lastBranch":9,"lastFunction":90,"lastStatement":237,"seen":{"s:54:16:54:Infinity":0,"s:56:0:60:Infinity":1,"s:63:0:66:Infinity":2,"f:66:3:66:16":0,"s:66:16:66:29":3,"s:68:0:71:Infinity":4,"f:71:3:71:16":1,"s:71:16:71:29":5,"s:73:0:76:Infinity":6,"f:76:3:76:16":2,"s:76:16:76:29":7,"s:78:0:90:Infinity":8,"f:81:10:81:22":3,"s:82:16:82:27":9,"b:85:4:87:Infinity:undefined:undefined:undefined:undefined":0,"s:85:4:87:Infinity":10,"s:86:6:86:Infinity":11,"f:86:38:86:50":4,"s:86:50:86:59":12,"s:88:4:88:Infinity":13,"s:89:4:89:Infinity":14,"s:92:0:106:Infinity":15,"f:95:10:95:22":5,"s:96:16:96:27":16,"b:97:4:97:Infinity:undefined:undefined:undefined:undefined":1,"s:97:4:97:Infinity":17,"s:97:22:97:79":18,"s:97:79:97:96":19,"s:98:4:105:Infinity":20,"s:99:19:99:Infinity":21,"s:100:6:100:Infinity":22,"b:100:57:100:70:100:70:100:79":2,"s:102:18:102:Infinity":23,"b:102:41:102:55:102:55:102:Infinity":3,"s:103:6:103:Infinity":24,"s:104:6:104:Infinity":25,"s:108:0:121:Infinity":26,"f:112:3:112:11":6,"b:113:4:120:Infinity:116:11:120:Infinity":4,"s:113:4:120:Infinity":27,"s:114:6:114:Infinity":28,"s:115:6:115:Infinity":29,"s:117:18:117:29":30,"s:118:6:118:Infinity":31,"s:119:6:119:Infinity":32,"b:119:44:119:61:119:61:119:74":5,"s:124:17:124:Infinity":33,"s:126:0:126:Infinity":34,"f:126:58:126:71":7,"s:126:71:126:96":35,"s:128:0:128:Infinity":36,"f:128:80:128:93":8,"s:128:93:128:120":37,"s:130:0:130:Infinity":38,"f:130:65:130:73":9,"s:130:88:130:116":39,"s:132:0:132:Infinity":40,"f:132:72:132:80":10,"s:132:95:132:126":41,"s:134:0:134:Infinity":42,"f:134:73:134:81":11,"s:134:96:134:125":43,"s:136:0:136:Infinity":44,"f:136:68:136:76":12,"s:136:91:136:133":45,"s:138:0:138:Infinity":46,"f:138:70:138:78":13,"s:138:93:138:136":47,"s:140:0:140:Infinity":48,"f:140:66:140:74":14,"s:140:89:140:134":49,"s:142:0:142:Infinity":50,"f:142:84:142:92":15,"s:142:107:142:138":51,"s:144:0:144:Infinity":52,"f:144:81:144:89":16,"s:144:104:144:135":53,"s:146:0:146:Infinity":54,"f:146:91:146:99":17,"s:146:114:146:146":55,"s:148:0:148:Infinity":56,"f:148:91:148:99":18,"s:148:114:148:146":57,"s:151:18:151:Infinity":58,"s:153:0:153:Infinity":59,"f:153:60:153:73":19,"s:153:73:153:92":60,"s:155:0:155:Infinity":61,"f:155:75:155:88":20,"s:155:88:155:109":62,"s:158:18:158:Infinity":63,"s:160:0:160:Infinity":64,"f:160:60:160:73":21,"s:160:73:160:93":65,"s:162:0:162:Infinity":66,"f:162:72:162:80":22,"s:162:95:162:121":67,"s:165:16:165:Infinity":68,"s:167:0:167:Infinity":69,"f:167:82:167:90":23,"s:167:105:167:133":70,"s:169:0:169:Infinity":71,"f:169:100:169:108":24,"s:169:141:169:183":72,"s:172:14:172:Infinity":73,"s:174:0:174:Infinity":74,"f:174:62:174:75":25,"s:174:75:174:99":75,"s:176:0:176:Infinity":76,"f:176:53:176:66":26,"s:176:66:176:88":77,"s:179:15:179:Infinity":78,"s:181:0:181:Infinity":79,"f:181:74:181:87":27,"s:181:87:181:110":80,"s:183:0:183:Infinity":81,"f:183:78:183:91":28,"s:183:91:183:119":82,"s:184:0:186:Infinity":83,"f:186:3:186:11":29,"s:186:41:186:92":84,"s:189:15:189:Infinity":85,"s:191:0:191:Infinity":86,"f:191:77:191:85":30,"s:191:100:191:124":87,"s:193:0:196:Infinity":88,"f:196:3:196:11":31,"s:196:82:196:123":89,"s:198:0:198:Infinity":90,"f:198:79:198:87":32,"s:198:115:198:146":91,"s:201:19:201:Infinity":92,"s:203:0:203:Infinity":93,"f:203:59:203:72":33,"s:203:72:203:96":94,"s:205:0:209:Infinity":95,"f:209:3:209:11":34,"s:209:80:209:119":96,"s:211:0:211:Infinity":97,"f:211:79:211:87":35,"s:211:120:211:160":98,"s:214:19:214:Infinity":99,"s:216:0:216:Infinity":100,"f:216:59:216:72":36,"s:216:72:216:96":101,"s:218:0:218:Infinity":102,"f:218:83:218:91":37,"s:218:108:218:140":103,"s:221:20:221:Infinity":104,"s:223:0:223:Infinity":105,"f:223:70:223:83":38,"s:223:83:223:108":106,"s:225:0:225:Infinity":107,"f:225:95:225:103":39,"s:225:136:225:214":108,"b:225:193:225:205:225:205:225:213":6,"s:227:0:227:Infinity":109,"f:227:85:227:93":40,"s:227:110:227:143":110,"s:230:20:230:Infinity":111,"s:232:0:232:Infinity":112,"f:232:64:232:77":41,"s:232:77:232:102":113,"s:234:0:234:Infinity":114,"f:234:67:234:75":42,"s:234:90:234:121":115,"s:237:19:237:Infinity":116,"s:239:0:239:Infinity":117,"f:239:94:239:102":43,"s:239:118:239:146":118,"s:241:0:241:Infinity":119,"f:241:80:241:88":44,"s:241:103:241:133":120,"s:243:0:243:Infinity":121,"f:243:100:243:108":45,"s:243:136:243:172":122,"s:246:18:246:Infinity":123,"s:248:0:248:Infinity":124,"f:248:58:248:71":46,"s:248:71:248:94":125,"s:250:0:254:Infinity":126,"f:254:3:254:11":47,"s:254:121:254:181":127,"s:256:0:256:Infinity":128,"f:256:65:256:73":48,"s:256:88:256:117":129,"s:259:0:259:Infinity":130,"f:259:59:259:72":49,"s:259:72:259:94":131,"s:260:0:261:Infinity":132,"f:261:3:261:11":50,"s:261:27:261:59":133,"s:263:0:263:Infinity":134,"f:263:64:263:77":51,"s:263:77:263:102":135,"s:266:16:266:Infinity":136,"s:267:0:267:Infinity":137,"f:267:66:267:79":52,"s:267:79:267:103":138,"s:268:0:268:Infinity":139,"f:268:85:268:98":53,"s:268:98:268:129":140,"s:269:0:269:Infinity":141,"f:269:93:269:101":54,"s:269:116:269:147":142,"s:270:0:275:Infinity":143,"f:275:3:275:11":55,"s:275:41:275:82":144,"s:276:0:276:Infinity":145,"f:276:73:276:81":56,"s:276:96:276:126":146,"s:277:0:277:Infinity":147,"f:277:64:277:72":57,"s:277:87:277:118":148,"s:278:0:278:Infinity":149,"f:278:66:278:74":58,"s:278:89:278:119":150,"s:279:0:279:Infinity":151,"f:279:68:279:76":59,"s:279:91:279:124":152,"s:282:21:282:Infinity":153,"s:283:0:287:Infinity":154,"f:287:3:287:11":60,"s:287:25:287:60":155,"s:288:0:288:Infinity":156,"f:288:83:288:91":61,"s:288:107:288:140":157,"s:289:0:293:Infinity":158,"f:293:3:293:11":62,"s:293:53:293:99":159,"s:294:0:294:Infinity":160,"f:294:86:294:94":63,"s:294:110:294:146":161,"s:297:19:297:Infinity":162,"s:298:0:298:Infinity":163,"f:298:69:298:82":64,"s:298:82:298:109":164,"s:299:0:299:Infinity":165,"f:299:85:299:93":65,"s:299:108:299:138":166,"s:300:0:302:Infinity":167,"f:302:3:302:11":66,"s:302:53:302:116":168,"s:303:0:303:Infinity":169,"f:303:68:303:76":67,"s:303:91:303:124":170,"s:306:0:306:Infinity":171,"f:306:107:306:120":68,"s:306:120:306:150":172,"s:309:13:309:Infinity":173,"s:310:0:310:Infinity":174,"f:310:104:310:117":69,"s:310:117:310:138":175,"s:313:18:313:Infinity":176,"s:314:0:319:Infinity":177,"f:319:3:319:11":70,"s:319:70:319:93":178,"s:321:0:324:Infinity":179,"f:324:3:324:11":71,"s:324:39:324:61":180,"s:326:0:330:Infinity":181,"f:330:3:330:11":72,"s:330:54:330:78":182,"s:332:0:336:Infinity":183,"f:336:3:336:11":73,"s:336:55:336:77":184,"s:339:0:339:Infinity":185,"f:339:84:339:92":74,"s:339:110:339:128":186,"s:341:0:341:Infinity":187,"f:341:84:341:92":75,"s:341:109:341:127":188,"s:343:0:343:Infinity":189,"f:343:102:343:110":76,"s:343:143:343:169":190,"s:346:0:350:Infinity":191,"f:350:3:350:11":77,"s:350:39:350:70":192,"s:353:16:353:Infinity":193,"s:365:15:365:Infinity":194,"s:374:20:374:Infinity":195,"s:385:11:385:Infinity":196,"s:386:0:386:Infinity":197,"f:386:98:386:111":78,"s:386:111:386:138":198,"s:387:0:387:Infinity":199,"f:387:92:387:105":79,"s:387:105:387:138":200,"s:388:0:388:Infinity":201,"f:388:59:388:72":80,"s:388:72:388:106":202,"s:389:0:389:Infinity":203,"f:389:125:389:138":81,"s:389:138:389:175":204,"s:390:0:395:Infinity":205,"f:395:3:395:11":82,"s:395:39:395:103":206,"s:396:0:401:Infinity":207,"f:401:3:401:11":83,"s:401:39:401:102":208,"s:402:0:402:Infinity":209,"f:402:66:402:74":84,"s:402:89:402:124":210,"s:407:17:409:Infinity":211,"s:410:0:413:Infinity":212,"f:413:3:413:16":85,"s:413:16:413:43":213,"s:414:0:417:Infinity":214,"f:417:3:417:16":86,"s:417:16:417:47":215,"s:418:0:421:Infinity":216,"f:421:3:421:16":87,"s:421:16:421:43":217,"s:422:0:425:Infinity":218,"f:425:3:425:11":88,"s:425:33:425:93":219,"b:428:0:442:Infinity:undefined:undefined:undefined:undefined":7,"s:428:0:442:Infinity":220,"s:429:2:429:Infinity":221,"s:430:2:430:Infinity":222,"s:431:2:431:Infinity":223,"s:432:2:432:Infinity":224,"s:433:2:433:Infinity":225,"s:434:2:434:Infinity":226,"s:435:2:435:Infinity":227,"s:436:2:436:Infinity":228,"s:437:2:437:Infinity":229,"s:438:2:438:Infinity":230,"s:439:2:439:Infinity":231,"s:440:2:440:Infinity":232,"s:441:2:441:Infinity":233,"s:444:0:447:Infinity":234,"f:444:21:444:28":89,"s:445:2:445:Infinity":235,"b:445:39:445:66:445:66:445:77":8,"s:446:2:446:Infinity":236},"fnNames":{}}}
,"D:\\Codebox\\PROJECTS\\NineDeploy\\apps\\cli\\src\\prompts.ts": {"path":"D:\\Codebox\\PROJECTS\\NineDeploy\\apps\\cli\\src\\prompts.ts","statementMap":{"0":{"start":{"line":5,"column":2},"end":{"line":24,"column":null}},"1":{"start":{"line":6,"column":4},"end":{"line":6,"column":null}},"2":{"start":{"line":7,"column":4},"end":{"line":7,"column":null}},"3":{"start":{"line":8,"column":4},"end":{"line":8,"column":null}},"4":{"start":{"line":9,"column":10},"end":{"line":15,"column":null}},"5":{"start":{"line":10,"column":6},"end":{"line":10,"column":null}},"6":{"start":{"line":11,"column":6},"end":{"line":11,"column":null}},"7":{"start":{"line":12,"column":6},"end":{"line":12,"column":null}},"8":{"start":{"line":13,"column":20},"end":{"line":13,"column":null}},"9":{"start":{"line":14,"column":6},"end":{"line":14,"column":null}},"10":{"start":{"line":18,"column":10},"end":{"line":21,"column":null}},"11":{"start":{"line":19,"column":6},"end":{"line":19,"column":null}},"12":{"start":{"line":20,"column":6},"end":{"line":20,"column":null}},"13":{"start":{"line":22,"column":4},"end":{"line":22,"column":null}},"14":{"start":{"line":23,"column":4},"end":{"line":23,"column":null}},"15":{"start":{"line":29,"column":2},"end":{"line":79,"column":null}},"16":{"start":{"line":30,"column":18},"end":{"line":30,"column":null}},"17":{"start":{"line":31,"column":18},"end":{"line":31,"column":null}},"18":{"start":{"line":32,"column":4},"end":{"line":32,"column":null}},"19":{"start":{"line":33,"column":4},"end":{"line":33,"column":null}},"20":{"start":{"line":33,"column":15},"end":{"line":33,"column":null}},"21":{"start":{"line":34,"column":4},"end":{"line":34,"column":null}},"22":{"start":{"line":35,"column":4},"end":{"line":35,"column":null}},"23":{"start":{"line":37,"column":15},"end":{"line":37,"column":null}},"24":{"start":{"line":38,"column":10},"end":{"line":43,"column":null}},"25":{"start":{"line":39,"column":6},"end":{"line":39,"column":null}},"26":{"start":{"line":39,"column":17},"end":{"line":39,"column":null}},"27":{"start":{"line":40,"column":6},"end":{"line":40,"column":null}},"28":{"start":{"line":41,"column":6},"end":{"line":41,"column":null}},"29":{"start":{"line":42,"column":6},"end":{"line":42,"column":null}},"30":{"start":{"line":44,"column":10},"end":{"line":70,"column":null}},"31":{"start":{"line":45,"column":6},"end":{"line":69,"column":null}},"32":{"start":{"line":46,"column":21},"end":{"line":46,"column":null}},"33":{"start":{"line":47,"column":8},"end":{"line":68,"column":null}},"34":{"start":{"line":49,"column":10},"end":{"line":49,"column":null}},"35":{"start":{"line":50,"column":10},"end":{"line":50,"column":null}},"36":{"start":{"line":51,"column":10},"end":{"line":51,"column":null}},"37":{"start":{"line":52,"column":10},"end":{"line":52,"column":null}},"38":{"start":{"line":53,"column":15},"end":{"line":68,"column":null}},"39":{"start":{"line":56,"column":10},"end":{"line":56,"column":null}},"40":{"start":{"line":57,"column":10},"end":{"line":57,"column":null}},"41":{"start":{"line":58,"column":10},"end":{"line":58,"column":null}},"42":{"start":{"line":59,"column":15},"end":{"line":68,"column":null}},"43":{"start":{"line":61,"column":10},"end":{"line":64,"column":null}},"44":{"start":{"line":62,"column":12},"end":{"line":62,"column":null}},"45":{"start":{"line":63,"column":12},"end":{"line":63,"column":null}},"46":{"start":{"line":65,"column":15},"end":{"line":68,"column":null}},"47":{"start":{"line":66,"column":10},"end":{"line":66,"column":null}},"48":{"start":{"line":67,"column":10},"end":{"line":67,"column":null}},"49":{"start":{"line":72,"column":10},"end":{"line":76,"column":null}},"50":{"start":{"line":73,"column":6},"end":{"line":73,"column":null}},"51":{"start":{"line":74,"column":6},"end":{"line":74,"column":null}},"52":{"start":{"line":75,"column":6},"end":{"line":75,"column":null}},"53":{"start":{"line":77,"column":4},"end":{"line":77,"column":null}},"54":{"start":{"line":78,"column":4},"end":{"line":78,"column":null}}},"fnMap":{"0":{"name":"prompt","decl":{"start":{"line":4,"column":16},"end":{"line":4,"column":23}},"loc":{"start":{"line":4,"column":80},"end":{"line":25,"column":null}},"line":4},"1":{"name":"(anonymous_1)","decl":{"start":{"line":5,"column":13},"end":{"line":5,"column":22}},"loc":{"start":{"line":5,"column":34},"end":{"line":24,"column":3}},"line":5},"2":{"name":"(anonymous_2)","decl":{"start":{"line":9,"column":10},"end":{"line":9,"column":20}},"loc":{"start":{"line":9,"column":38},"end":{"line":15,"column":null}},"line":9},"3":{"name":"(anonymous_3)","decl":{"start":{"line":18,"column":10},"end":{"line":18,"column":24}},"loc":{"start":{"line":18,"column":24},"end":{"line":21,"column":null}},"line":18},"4":{"name":"promptHidden","decl":{"start":{"line":28,"column":16},"end":{"line":28,"column":29}},"loc":{"start":{"line":28,"column":63},"end":{"line":80,"column":null}},"line":28},"5":{"name":"(anonymous_5)","decl":{"start":{"line":29,"column":13},"end":{"line":29,"column":22}},"loc":{"start":{"line":29,"column":34},"end":{"line":79,"column":3}},"line":29},"6":{"name":"(anonymous_6)","decl":{"start":{"line":38,"column":10},"end":{"line":38,"column":26}},"loc":{"start":{"line":38,"column":26},"end":{"line":43,"column":null}},"line":38},"7":{"name":"(anonymous_7)","decl":{"start":{"line":44,"column":10},"end":{"line":44,"column":20}},"loc":{"start":{"line":44,"column":38},"end":{"line":70,"column":null}},"line":44},"8":{"name":"(anonymous_8)","decl":{"start":{"line":72,"column":10},"end":{"line":72,"column":24}},"loc":{"start":{"line":72,"column":24},"end":{"line":76,"column":null}},"line":72}},"branchMap":{"0":{"loc":{"start":{"line":6,"column":25},"end":{"line":6,"column":89}},"type":"cond-expr","locations":[{"start":{"line":6,"column":40},"end":{"line":6,"column":75}},{"start":{"line":6,"column":75},"end":{"line":6,"column":89}}],"line":6},"1":{"loc":{"start":{"line":14,"column":14},"end":{"line":14,"column":57}},"type":"cond-expr","locations":[{"start":{"line":14,"column":29},"end":{"line":14,"column":38}},{"start":{"line":14,"column":38},"end":{"line":14,"column":57}}],"line":14},"2":{"loc":{"start":{"line":14,"column":38},"end":{"line":14,"column":57}},"type":"binary-expr","locations":[{"start":{"line":14,"column":38},"end":{"line":14,"column":54}},{"start":{"line":14,"column":54},"end":{"line":14,"column":57}}],"line":14},"3":{"loc":{"start":{"line":20,"column":14},"end":{"line":20,"column":32}},"type":"binary-expr","locations":[{"start":{"line":20,"column":14},"end":{"line":20,"column":30}},{"start":{"line":20,"column":30},"end":{"line":20,"column":32}}],"line":20},"4":{"loc":{"start":{"line":33,"column":4},"end":{"line":33,"column":null}},"type":"if","locations":[{"start":{"line":33,"column":4},"end":{"line":33,"column":null}},{"start":{},"end":{}}],"line":33},"5":{"loc":{"start":{"line":39,"column":6},"end":{"line":39,"column":null}},"type":"if","locations":[{"start":{"line":39,"column":6},"end":{"line":39,"column":null}},{"start":{},"end":{}}],"line":39},"6":{"loc":{"start":{"line":47,"column":8},"end":{"line":68,"column":null}},"type":"if","locations":[{"start":{"line":47,"column":8},"end":{"line":68,"column":null}},{"start":{"line":53,"column":15},"end":{"line":68,"column":null}}],"line":47},"7":{"loc":{"start":{"line":47,"column":12},"end":{"line":47,"column":40}},"type":"binary-expr","locations":[{"start":{"line":47,"column":12},"end":{"line":47,"column":27}},{"start":{"line":47,"column":27},"end":{"line":47,"column":40}}],"line":47},"8":{"loc":{"start":{"line":53,"column":15},"end":{"line":68,"column":null}},"type":"if","locations":[{"start":{"line":53,"column":15},"end":{"line":68,"column":null}},{"start":{"line":59,"column":15},"end":{"line":68,"column":null}}],"line":53},"9":{"loc":{"start":{"line":59,"column":15},"end":{"line":68,"column":null}},"type":"if","locations":[{"start":{"line":59,"column":15},"end":{"line":68,"column":null}},{"start":{"line":65,"column":15},"end":{"line":68,"column":null}}],"line":59},"10":{"loc":{"start":{"line":59,"column":19},"end":{"line":59,"column":47}},"type":"binary-expr","locations":[{"start":{"line":59,"column":19},"end":{"line":59,"column":35}},{"start":{"line":59,"column":35},"end":{"line":59,"column":47}}],"line":59},"11":{"loc":{"start":{"line":61,"column":10},"end":{"line":64,"column":null}},"type":"if","locations":[{"start":{"line":61,"column":10},"end":{"line":64,"column":null}},{"start":{},"end":{}}],"line":61},"12":{"loc":{"start":{"line":65,"column":15},"end":{"line":68,"column":null}},"type":"if","locations":[{"start":{"line":65,"column":15},"end":{"line":68,"column":null}},{"start":{},"end":{}}],"line":65},"13":{"loc":{"start":{"line":65,"column":19},"end":{"line":65,"column":47}},"type":"binary-expr","locations":[{"start":{"line":65,"column":19},"end":{"line":65,"column":33}},{"start":{"line":65,"column":33},"end":{"line":65,"column":47}}],"line":65}},"s":{"0":5,"1":5,"2":5,"3":5,"4":5,"5":3,"6":3,"7":3,"8":3,"9":3,"10":5,"11":2,"12":2,"13":5,"14":5,"15":5,"16":5,"17":5,"18":5,"19":5,"20":2,"21":5,"22":5,"23":5,"24":5,"25":5,"26":2,"27":5,"28":5,"29":5,"30":5,"31":10,"32":20,"33":20,"34":3,"35":3,"36":3,"37":3,"38":17,"39":1,"40":1,"41":1,"42":16,"43":3,"44":2,"45":2,"46":13,"47":12,"48":12,"49":5,"50":1,"51":1,"52":1,"53":5,"54":5},"f":{"0":5,"1":5,"2":3,"3":2,"4":5,"5":5,"6":5,"7":10,"8":1},"b":{"0":[3,2],"1":[1,2],"2":[2,1],"3":[2,1],"4":[2,3],"5":[2,3],"6":[3,17],"7":[20,17],"8":[1,16],"9":[3,13],"10":[16,14],"11":[2,1],"12":[12,1],"13":[13,12]},"meta":{"lastBranch":14,"lastFunction":9,"lastStatement":55,"seen":{"f:4:16:4:23":0,"s:5:2:24:Infinity":0,"f:5:13:5:22":1,"s:6:4:6:Infinity":1,"b:6:40:6:75:6:75:6:89":0,"s:7:4:7:Infinity":2,"s:8:4:8:Infinity":3,"s:9:10:15:Infinity":4,"f:9:10:9:20":2,"s:10:6:10:Infinity":5,"s:11:6:11:Infinity":6,"s:12:6:12:Infinity":7,"s:13:20:13:Infinity":8,"s:14:6:14:Infinity":9,"b:14:29:14:38:14:38:14:57":1,"b:14:38:14:54:14:54:14:57":2,"s:18:10:21:Infinity":10,"f:18:10:18:24":3,"s:19:6:19:Infinity":11,"s:20:6:20:Infinity":12,"b:20:14:20:30:20:30:20:32":3,"s:22:4:22:Infinity":13,"s:23:4:23:Infinity":14,"f:28:16:28:29":4,"s:29:2:79:Infinity":15,"f:29:13:29:22":5,"s:30:18:30:Infinity":16,"s:31:18:31:Infinity":17,"s:32:4:32:Infinity":18,"b:33:4:33:Infinity:undefined:undefined:undefined:undefined":4,"s:33:4:33:Infinity":19,"s:33:15:33:Infinity":20,"s:34:4:34:Infinity":21,"s:35:4:35:Infinity":22,"s:37:15:37:Infinity":23,"s:38:10:43:Infinity":24,"f:38:10:38:26":6,"b:39:6:39:Infinity:undefined:undefined:undefined:undefined":5,"s:39:6:39:Infinity":25,"s:39:17:39:Infinity":26,"s:40:6:40:Infinity":27,"s:41:6:41:Infinity":28,"s:42:6:42:Infinity":29,"s:44:10:70:Infinity":30,"f:44:10:44:20":7,"s:45:6:69:Infinity":31,"s:46:21:46:Infinity":32,"b:47:8:68:Infinity:53:15:68:Infinity":6,"s:47:8:68:Infinity":33,"b:47:12:47:27:47:27:47:40":7,"s:49:10:49:Infinity":34,"s:50:10:50:Infinity":35,"s:51:10:51:Infinity":36,"s:52:10:52:Infinity":37,"b:53:15:68:Infinity:59:15:68:Infinity":8,"s:53:15:68:Infinity":38,"s:56:10:56:Infinity":39,"s:57:10:57:Infinity":40,"s:58:10:58:Infinity":41,"b:59:15:68:Infinity:65:15:68:Infinity":9,"s:59:15:68:Infinity":42,"b:59:19:59:35:59:35:59:47":10,"b:61:10:64:Infinity:undefined:undefined:undefined:undefined":11,"s:61:10:64:Infinity":43,"s:62:12:62:Infinity":44,"s:63:12:63:Infinity":45,"b:65:15:68:Infinity:undefined:undefined:undefined:undefined":12,"s:65:15:68:Infinity":46,"b:65:19:65:33:65:33:65:47":13,"s:66:10:66:Infinity":47,"s:67:10:67:Infinity":48,"s:72:10:76:Infinity":49,"f:72:10:72:24":8,"s:73:6:73:Infinity":50,"s:74:6:74:Infinity":51,"s:75:6:75:Infinity":52,"s:77:4:77:Infinity":53,"s:78:4:78:Infinity":54},"fnNames":{}}}
,"D:\\Codebox\\PROJECTS\\NineDeploy\\apps\\cli\\src\\commands\\configCenter.ts": {"path":"D:\\Codebox\\PROJECTS\\NineDeploy\\apps\\cli\\src\\commands\\configCenter.ts","statementMap":{"0":{"start":{"line":8,"column":22},"end":{"line":12,"column":null}},"1":{"start":{"line":14,"column":2},"end":{"line":17,"column":null}},"2":{"start":{"line":15,"column":4},"end":{"line":15,"column":null}},"3":{"start":{"line":16,"column":4},"end":{"line":16,"column":null}},"4":{"start":{"line":19,"column":2},"end":{"line":29,"column":null}},"5":{"start":{"line":20,"column":24},"end":{"line":27,"column":6}},"6":{"start":{"line":33,"column":15},"end":{"line":33,"column":null}},"7":{"start":{"line":34,"column":2},"end":{"line":34,"column":null}},"8":{"start":{"line":35,"column":2},"end":{"line":35,"column":null}},"9":{"start":{"line":36,"column":2},"end":{"line":36,"column":null}},"10":{"start":{"line":37,"column":2},"end":{"line":37,"column":null}},"11":{"start":{"line":38,"column":2},"end":{"line":38,"column":null}},"12":{"start":{"line":39,"column":2},"end":{"line":39,"column":null}},"13":{"start":{"line":40,"column":2},"end":{"line":40,"column":null}},"14":{"start":{"line":41,"column":2},"end":{"line":41,"column":null}},"15":{"start":{"line":41,"column":24},"end":{"line":41,"column":null}},"16":{"start":{"line":42,"column":2},"end":{"line":42,"column":null}},"17":{"start":{"line":42,"column":28},"end":{"line":42,"column":null}},"18":{"start":{"line":51,"column":29},"end":{"line":51,"column":null}},"19":{"start":{"line":52,"column":2},"end":{"line":54,"column":null}},"20":{"start":{"line":52,"column":24},"end":{"line":52,"column":null}},"21":{"start":{"line":53,"column":7},"end":{"line":54,"column":null}},"22":{"start":{"line":53,"column":30},"end":{"line":53,"column":null}},"23":{"start":{"line":54,"column":7},"end":{"line":54,"column":null}},"24":{"start":{"line":54,"column":64},"end":{"line":54,"column":null}},"25":{"start":{"line":56,"column":15},"end":{"line":56,"column":null}},"26":{"start":{"line":56,"column":59},"end":{"line":56,"column":67}},"27":{"start":{"line":58,"column":14},"end":{"line":63,"column":null}},"28":{"start":{"line":65,"column":2},"end":{"line":65,"column":null}},"29":{"start":{"line":69,"column":14},"end":{"line":69,"column":null}},"30":{"start":{"line":70,"column":2},"end":{"line":70,"column":null}}},"fnMap":{"0":{"name":"configCenterList","decl":{"start":{"line":4,"column":22},"end":{"line":4,"column":null}},"loc":{"start":{"line":7,"column":17},"end":{"line":30,"column":null}},"line":7},"1":{"name":"(anonymous_1)","decl":{"start":{"line":20,"column":12},"end":{"line":20,"column":17}},"loc":{"start":{"line":20,"column":24},"end":{"line":27,"column":6}},"line":20},"2":{"name":"configCenterGet","decl":{"start":{"line":32,"column":22},"end":{"line":32,"column":38}},"loc":{"start":{"line":32,"column":92},"end":{"line":43,"column":null}},"line":32},"3":{"name":"configCenterSet","decl":{"start":{"line":45,"column":22},"end":{"line":45,"column":null}},"loc":{"start":{"line":50,"column":17},"end":{"line":66,"column":null}},"line":50},"4":{"name":"(anonymous_4)","decl":{"start":{"line":56,"column":48},"end":{"line":56,"column":53}},"loc":{"start":{"line":56,"column":59},"end":{"line":56,"column":67}},"line":56},"5":{"name":"configCenterDelete","decl":{"start":{"line":68,"column":22},"end":{"line":68,"column":41}},"loc":{"start":{"line":68,"column":95},"end":{"line":71,"column":null}},"line":68}},"branchMap":{"0":{"loc":{"start":{"line":14,"column":2},"end":{"line":17,"column":null}},"type":"if","locations":[{"start":{"line":14,"column":2},"end":{"line":17,"column":null}},{"start":{},"end":{}}],"line":14},"1":{"loc":{"start":{"line":24,"column":14},"end":{"line":24,"column":null}},"type":"cond-expr","locations":[{"start":{"line":24,"column":27},"end":{"line":24,"column":35}},{"start":{"line":24,"column":35},"end":{"line":24,"column":null}}],"line":24},"2":{"loc":{"start":{"line":25,"column":20},"end":{"line":25,"column":33}},"type":"binary-expr","locations":[{"start":{"line":25,"column":20},"end":{"line":25,"column":31}},{"start":{"line":25,"column":31},"end":{"line":25,"column":33}}],"line":25},"3":{"loc":{"start":{"line":26,"column":14},"end":{"line":26,"column":null}},"type":"cond-expr","locations":[{"start":{"line":26,"column":31},"end":{"line":26,"column":46}},{"start":{"line":26,"column":46},"end":{"line":26,"column":null}}],"line":26},"4":{"loc":{"start":{"line":38,"column":32},"end":{"line":38,"column":62}},"type":"cond-expr","locations":[{"start":{"line":38,"column":48},"end":{"line":38,"column":56}},{"start":{"line":38,"column":56},"end":{"line":38,"column":62}}],"line":38},"5":{"loc":{"start":{"line":39,"column":39},"end":{"line":39,"column":55}},"type":"binary-expr","locations":[{"start":{"line":39,"column":39},"end":{"line":39,"column":53}},{"start":{"line":39,"column":53},"end":{"line":39,"column":55}}],"line":39},"6":{"loc":{"start":{"line":40,"column":32},"end":{"line":40,"column":78}},"type":"cond-expr","locations":[{"start":{"line":40,"column":52},"end":{"line":40,"column":67}},{"start":{"line":40,"column":67},"end":{"line":40,"column":78}}],"line":40},"7":{"loc":{"start":{"line":41,"column":2},"end":{"line":41,"column":null}},"type":"if","locations":[{"start":{"line":41,"column":2},"end":{"line":41,"column":null}},{"start":{},"end":{}}],"line":41},"8":{"loc":{"start":{"line":42,"column":2},"end":{"line":42,"column":null}},"type":"if","locations":[{"start":{"line":42,"column":2},"end":{"line":42,"column":null}},{"start":{},"end":{}}],"line":42},"9":{"loc":{"start":{"line":52,"column":2},"end":{"line":54,"column":null}},"type":"if","locations":[{"start":{"line":52,"column":2},"end":{"line":54,"column":null}},{"start":{"line":53,"column":7},"end":{"line":54,"column":null}}],"line":52},"10":{"loc":{"start":{"line":53,"column":7},"end":{"line":54,"column":null}},"type":"if","locations":[{"start":{"line":53,"column":7},"end":{"line":54,"column":null}},{"start":{"line":54,"column":7},"end":{"line":54,"column":null}}],"line":53},"11":{"loc":{"start":{"line":54,"column":7},"end":{"line":54,"column":null}},"type":"if","locations":[{"start":{"line":54,"column":7},"end":{"line":54,"column":null}},{"start":{},"end":{}}],"line":54},"12":{"loc":{"start":{"line":54,"column":11},"end":{"line":54,"column":64}},"type":"binary-expr","locations":[{"start":{"line":54,"column":11},"end":{"line":54,"column":43}},{"start":{"line":54,"column":43},"end":{"line":54,"column":64}}],"line":54},"13":{"loc":{"start":{"line":56,"column":15},"end":{"line":56,"column":null}},"type":"cond-expr","locations":[{"start":{"line":56,"column":27},"end":{"line":56,"column":87}},{"start":{"line":56,"column":87},"end":{"line":56,"column":null}}],"line":56}},"s":{"0":2,"1":2,"2":1,"3":1,"4":1,"5":2,"6":2,"7":2,"8":2,"9":2,"10":2,"11":2,"12":2,"13":2,"14":2,"15":1,"16":2,"17":1,"18":5,"19":5,"20":1,"21":4,"22":1,"23":3,"24":1,"25":5,"26":2,"27":5,"28":5,"29":1,"30":1},"f":{"0":2,"1":2,"2":2,"3":5,"4":2,"5":1},"b":{"0":[1,1],"1":[1,1],"2":[2,1],"3":[1,1],"4":[1,1],"5":[2,1],"6":[1,1],"7":[1,1],"8":[1,1],"9":[1,4],"10":[1,3],"11":[1,2],"12":[3,2],"13":[1,4]},"meta":{"lastBranch":14,"lastFunction":6,"lastStatement":31,"seen":{"f:4:22:4:Infinity":0,"s:8:22:12:Infinity":0,"b:14:2:17:Infinity:undefined:undefined:undefined:undefined":0,"s:14:2:17:Infinity":1,"s:15:4:15:Infinity":2,"s:16:4:16:Infinity":3,"s:19:2:29:Infinity":4,"f:20:12:20:17":1,"s:20:24:27:6":5,"b:24:27:24:35:24:35:24:Infinity":1,"b:25:20:25:31:25:31:25:33":2,"b:26:31:26:46:26:46:26:Infinity":3,"f:32:22:32:38":2,"s:33:15:33:Infinity":6,"s:34:2:34:Infinity":7,"s:35:2:35:Infinity":8,"s:36:2:36:Infinity":9,"s:37:2:37:Infinity":10,"s:38:2:38:Infinity":11,"b:38:48:38:56:38:56:38:62":4,"s:39:2:39:Infinity":12,"b:39:39:39:53:39:53:39:55":5,"s:40:2:40:Infinity":13,"b:40:52:40:67:40:67:40:78":6,"b:41:2:41:Infinity:undefined:undefined:undefined:undefined":7,"s:41:2:41:Infinity":14,"s:41:24:41:Infinity":15,"b:42:2:42:Infinity:undefined:undefined:undefined:undefined":8,"s:42:2:42:Infinity":16,"s:42:28:42:Infinity":17,"f:45:22:45:Infinity":3,"s:51:29:51:Infinity":18,"b:52:2:54:Infinity:53:7:54:Infinity":9,"s:52:2:54:Infinity":19,"s:52:24:52:Infinity":20,"b:53:7:54:Infinity:54:7:54:Infinity":10,"s:53:7:54:Infinity":21,"s:53:30:53:Infinity":22,"b:54:7:54:Infinity:undefined:undefined:undefined:undefined":11,"s:54:7:54:Infinity":23,"b:54:11:54:43:54:43:54:64":12,"s:54:64:54:Infinity":24,"s:56:15:56:Infinity":25,"b:56:27:56:87:56:87:56:Infinity":13,"f:56:48:56:53":4,"s:56:59:56:67":26,"s:58:14:63:Infinity":27,"s:65:2:65:Infinity":28,"f:68:22:68:41":5,"s:69:14:69:Infinity":29,"s:70:2:70:Infinity":30},"fnNames":{}}}
,"D:\\Codebox\\PROJECTS\\NineDeploy\\apps\\cli\\src\\commands\\demo.ts": {"path":"D:\\Codebox\\PROJECTS\\NineDeploy\\apps\\cli\\src\\commands\\demo.ts","statementMap":{"0":{"start":{"line":5,"column":2},"end":{"line":5,"column":null}},"1":{"start":{"line":6,"column":14},"end":{"line":6,"column":null}},"2":{"start":{"line":7,"column":2},"end":{"line":7,"column":null}},"3":{"start":{"line":8,"column":2},"end":{"line":10,"column":null}},"4":{"start":{"line":9,"column":4},"end":{"line":9,"column":null}},"5":{"start":{"line":11,"column":2},"end":{"line":20,"column":null}},"6":{"start":{"line":12,"column":29},"end":{"line":18,"column":6}},"7":{"start":{"line":21,"column":2},"end":{"line":21,"column":null}}},"fnMap":{"0":{"name":"demoSeed","decl":{"start":{"line":4,"column":22},"end":{"line":4,"column":31}},"loc":{"start":{"line":4,"column":72},"end":{"line":22,"column":null}},"line":4},"1":{"name":"(anonymous_1)","decl":{"start":{"line":12,"column":17},"end":{"line":12,"column":22}},"loc":{"start":{"line":12,"column":29},"end":{"line":18,"column":6}},"line":12}},"branchMap":{"0":{"loc":{"start":{"line":8,"column":2},"end":{"line":10,"column":null}},"type":"if","locations":[{"start":{"line":8,"column":2},"end":{"line":10,"column":null}},{"start":{},"end":{}}],"line":8},"1":{"loc":{"start":{"line":16,"column":12},"end":{"line":16,"column":null}},"type":"cond-expr","locations":[{"start":{"line":16,"column":21},"end":{"line":16,"column":36}},{"start":{"line":16,"column":36},"end":{"line":16,"column":null}}],"line":16}},"s":{"0":2,"1":2,"2":2,"3":2,"4":1,"5":2,"6":3,"7":2},"f":{"0":2,"1":3},"b":{"0":[1,1],"1":[2,1]},"meta":{"lastBranch":2,"lastFunction":2,"lastStatement":8,"seen":{"f:4:22:4:31":0,"s:5:2:5:Infinity":0,"s:6:14:6:Infinity":1,"s:7:2:7:Infinity":2,"b:8:2:10:Infinity:undefined:undefined:undefined:undefined":0,"s:8:2:10:Infinity":3,"s:9:4:9:Infinity":4,"s:11:2:20:Infinity":5,"f:12:17:12:22":1,"s:12:29:18:6":6,"b:16:21:16:36:16:36:16:Infinity":1,"s:21:2:21:Infinity":7},"fnNames":{}}}
,"D:\\Codebox\\PROJECTS\\NineDeploy\\apps\\cli\\src\\commands\\deploy.ts": {"path":"D:\\Codebox\\PROJECTS\\NineDeploy\\apps\\cli\\src\\commands\\deploy.ts","statementMap":{"0":{"start":{"line":5,"column":21},"end":{"line":5,"column":null}},"1":{"start":{"line":6,"column":21},"end":{"line":6,"column":null}},"2":{"start":{"line":10,"column":2},"end":{"line":15,"column":null}},"3":{"start":{"line":11,"column":4},"end":{"line":11,"column":null}},"4":{"start":{"line":24,"column":15},"end":{"line":24,"column":null}},"5":{"start":{"line":27,"column":2},"end":{"line":27,"column":null}},"6":{"start":{"line":27,"column":30},"end":{"line":27,"column":null}},"7":{"start":{"line":28,"column":2},"end":{"line":28,"column":null}},"8":{"start":{"line":28,"column":30},"end":{"line":28,"column":null}},"9":{"start":{"line":29,"column":2},"end":{"line":29,"column":null}},"10":{"start":{"line":34,"column":2},"end":{"line":44,"column":null}},"11":{"start":{"line":35,"column":14},"end":{"line":35,"column":null}},"12":{"start":{"line":57,"column":2},"end":{"line":57,"column":null}},"13":{"start":{"line":58,"column":18},"end":{"line":58,"column":null}},"14":{"start":{"line":61,"column":2},"end":{"line":63,"column":null}},"15":{"start":{"line":62,"column":4},"end":{"line":62,"column":null}},"16":{"start":{"line":68,"column":19},"end":{"line":68,"column":null}},"17":{"start":{"line":69,"column":32},"end":{"line":69,"column":null}},"18":{"start":{"line":70,"column":18},"end":{"line":70,"column":null}},"19":{"start":{"line":70,"column":58},"end":{"line":70,"column":79}},"20":{"start":{"line":71,"column":19},"end":{"line":73,"column":null}},"21":{"start":{"line":72,"column":28},"end":{"line":72,"column":61}},"22":{"start":{"line":102,"column":2},"end":{"line":140,"column":null}},"23":{"start":{"line":104,"column":4},"end":{"line":139,"column":null}},"24":{"start":{"line":105,"column":6},"end":{"line":105,"column":null}},"25":{"start":{"line":112,"column":20},"end":{"line":112,"column":null}},"26":{"start":{"line":113,"column":6},"end":{"line":115,"column":null}},"27":{"start":{"line":114,"column":8},"end":{"line":114,"column":null}},"28":{"start":{"line":143,"column":18},"end":{"line":143,"column":null}},"29":{"start":{"line":144,"column":22},"end":{"line":144,"column":null}},"30":{"start":{"line":145,"column":16},"end":{"line":145,"column":null}},"31":{"start":{"line":148,"column":86},"end":{"line":148,"column":null}},"32":{"start":{"line":177,"column":24},"end":{"line":177,"column":null}},"33":{"start":{"line":180,"column":22},"end":{"line":180,"column":null}},"34":{"start":{"line":184,"column":18},"end":{"line":184,"column":null}},"35":{"start":{"line":185,"column":15},"end":{"line":185,"column":null}},"36":{"start":{"line":190,"column":22},"end":{"line":190,"column":null}},"37":{"start":{"line":192,"column":8},"end":{"line":192,"column":null}},"38":{"start":{"line":196,"column":2},"end":{"line":202,"column":null}},"39":{"start":{"line":205,"column":76},"end":{"line":205,"column":null}},"40":{"start":{"line":206,"column":2},"end":{"line":206,"column":null}},"41":{"start":{"line":207,"column":2},"end":{"line":207,"column":null}},"42":{"start":{"line":208,"column":2},"end":{"line":214,"column":null}},"43":{"start":{"line":209,"column":17},"end":{"line":209,"column":null}},"44":{"start":{"line":210,"column":4},"end":{"line":210,"column":null}},"45":{"start":{"line":210,"column":14},"end":{"line":210,"column":null}},"46":{"start":{"line":211,"column":23},"end":{"line":211,"column":null}},"47":{"start":{"line":212,"column":21},"end":{"line":212,"column":null}},"48":{"start":{"line":213,"column":4},"end":{"line":213,"column":null}},"49":{"start":{"line":217,"column":41},"end":{"line":217,"column":null}},"50":{"start":{"line":218,"column":2},"end":{"line":218,"column":null}},"51":{"start":{"line":218,"column":18},"end":{"line":218,"column":null}},"52":{"start":{"line":219,"column":2},"end":{"line":219,"column":null}},"53":{"start":{"line":219,"column":16},"end":{"line":219,"column":null}},"54":{"start":{"line":220,"column":2},"end":{"line":220,"column":null}},"55":{"start":{"line":220,"column":16},"end":{"line":220,"column":null}},"56":{"start":{"line":222,"column":14},"end":{"line":234,"column":null}},"57":{"start":{"line":223,"column":4},"end":{"line":233,"column":null}},"58":{"start":{"line":235,"column":2},"end":{"line":235,"column":null}},"59":{"start":{"line":237,"column":2},"end":{"line":246,"column":null}},"60":{"start":{"line":238,"column":4},"end":{"line":245,"column":null}},"61":{"start":{"line":239,"column":6},"end":{"line":241,"column":null}},"62":{"start":{"line":240,"column":8},"end":{"line":240,"column":null}},"63":{"start":{"line":249,"column":8},"end":{"line":249,"column":null}},"64":{"start":{"line":250,"column":2},"end":{"line":254,"column":null}},"65":{"start":{"line":251,"column":20},"end":{"line":251,"column":null}},"66":{"start":{"line":251,"column":61},"end":{"line":251,"column":91}},"67":{"start":{"line":252,"column":4},"end":{"line":252,"column":null}},"68":{"start":{"line":253,"column":4},"end":{"line":253,"column":null}},"69":{"start":{"line":257,"column":8},"end":{"line":257,"column":null}},"70":{"start":{"line":258,"column":2},"end":{"line":262,"column":null}},"71":{"start":{"line":260,"column":28},"end":{"line":260,"column":null}},"72":{"start":{"line":261,"column":4},"end":{"line":261,"column":null}}},"fnMap":{"0":{"name":"repoHost","decl":{"start":{"line":9,"column":9},"end":{"line":9,"column":18}},"loc":{"start":{"line":9,"column":46},"end":{"line":16,"column":null}},"line":9},"1":{"name":"detectProvider","decl":{"start":{"line":23,"column":9},"end":{"line":23,"column":24}},"loc":{"start":{"line":23,"column":65},"end":{"line":30,"column":null}},"line":23},"2":{"name":"nameFromUrl","decl":{"start":{"line":33,"column":9},"end":{"line":33,"column":21}},"loc":{"start":{"line":33,"column":42},"end":{"line":45,"column":null}},"line":33},"3":{"name":"deployFromGithub","decl":{"start":{"line":56,"column":22},"end":{"line":56,"column":39}},"loc":{"start":{"line":56,"column":97},"end":{"line":263,"column":null}},"line":56},"4":{"name":"(anonymous_4)","decl":{"start":{"line":70,"column":32},"end":{"line":70,"column":58}},"loc":{"start":{"line":70,"column":58},"end":{"line":70,"column":79}},"line":70},"5":{"name":"(anonymous_5)","decl":{"start":{"line":72,"column":14},"end":{"line":72,"column":22}},"loc":{"start":{"line":72,"column":28},"end":{"line":72,"column":61}},"line":72},"6":{"name":"(anonymous_6)","decl":{"start":{"line":222,"column":28},"end":{"line":222,"column":null}},"loc":{"start":{"line":223,"column":4},"end":{"line":233,"column":null}},"line":223},"7":{"name":"(anonymous_7)","decl":{"start":{"line":239,"column":35},"end":{"line":239,"column":null}},"loc":{"start":{"line":240,"column":8},"end":{"line":240,"column":null}},"line":240},"8":{"name":"(anonymous_8)","decl":{"start":{"line":251,"column":34},"end":{"line":251,"column":61}},"loc":{"start":{"line":251,"column":61},"end":{"line":251,"column":91}},"line":251}},"branchMap":{"0":{"loc":{"start":{"line":27,"column":2},"end":{"line":27,"column":null}},"type":"if","locations":[{"start":{"line":27,"column":2},"end":{"line":27,"column":null}},{"start":{},"end":{}}],"line":27},"1":{"loc":{"start":{"line":28,"column":2},"end":{"line":28,"column":null}},"type":"if","location
[...]
"23":129,"24":93,"25":106,"26":6,"27":52},"b":{"0":[39,12],"1":[1,45],"2":[45,2],"3":[2,1],"4":[415,4],"5":[415,4],"6":[30,385],"7":[415,387],"8":[229],"9":[2,227],"10":[229,228],"11":[129],"12":[2,4],"13":[1,3],"14":[1,2],"15":[3,49],"16":[1,48],"17":[1,47],"18":[1,46]},"meta":{"lastBranch":19,"lastFunction":28,"lastStatement":88,"seen":{"s:3:14:3:Infinity":0,"s:4:13:4:Infinity":1,"s:5:12:5:Infinity":2,"s:6:12:6:Infinity":3,"s:7:14:7:Infinity":4,"s:8:15:8:Infinity":5,"s:9:13:9:Infinity":6,"s:10:16:10:Infinity":7,"s:11:13:11:Infinity":8,"s:12:13:12:Infinity":9,"s:14:17:25:Infinity":10,"f:15:2:15:10":0,"s:15:24:15:Infinity":11,"f:16:2:16:9":1,"s:16:23:16:Infinity":12,"f:17:2:17:8":2,"s:17:22:17:Infinity":13,"f:18:2:18:8":3,"s:18:22:18:Infinity":14,"f:19:2:19:10":4,"s:19:24:19:Infinity":15,"f:20:2:20:11":5,"s:20:25:20:Infinity":16,"f:21:2:21:9":6,"s:21:23:21:Infinity":17,"f:22:2:22:12":7,"s:22:26:22:Infinity":18,"f:23:2:23:9":8,"s:23:23:23:Infinity":19,"f:24:2:24:9":9,"s:24:23:24:Infinity":20,"s:27:61:43:Infinity":21,"f:45:16:45:28":10,"s:46:2:46:Infinity":22,"b:46:10:46:37:46:24:46:53":0,"f:46:24:46:37":11,"s:46:51:46:53":23,"f:49:16:49:31":12,"s:50:19:53:Infinity":24,"s:54:2:54:Infinity":25,"s:55:2:55:Infinity":26,"f:59:22:59:33":13,"s:60:17:60:Infinity":27,"s:61:10:61:Infinity":28,"s:62:19:65:Infinity":29,"f:62:19:62:37":14,"s:63:4:63:Infinity":30,"s:64:4:64:Infinity":31,"s:66:2:75:Infinity":32,"s:67:19:67:Infinity":33,"s:68:4:68:Infinity":34,"s:69:4:69:Infinity":35,"s:70:4:70:Infinity":36,"s:72:4:72:Infinity":37,"s:73:4:73:Infinity":38,"s:74:4:74:Infinity":39,"f:79:16:79:22":15,"b:80:2:80:Infinity:undefined:undefined:undefined:undefined":1,"s:80:2:80:Infinity":40,"s:80:27:80:61":41,"s:80:61:80:69":42,"s:81:15:81:Infinity":43,"b:81:15:81:26:81:26:81:Infinity":2,"b:81:38:81:49:81:49:81:51":3,"s:82:17:82:Infinity":44,"f:82:22:82:27":16,"s:82:35:82:104":45,"f:82:64:82:69":17,"s:82:75:82:102":46,"b:82:82:82:92:82:92:82:94":4,"s:85:17:85:Infinity":47,"f:85:22:85:27":18,"s:85:38:85:60":48,"s:86:2:86:Infinity":49,"s:87:2:87:Infinity":50,"f:87:37:87:45":19,"s:87:54:87:65":51,"s:90:2:97:Infinity":52,"s:91:18:95:Infinity":53,"f:91:23:91:28":20,"s:92:18:92:Infinity":54,"b:92:25:92:37:92:37:92:39":5,"b:93:6:93:Infinity:undefined:undefined:undefined:undefined":6,"s:93:6:93:Infinity":55,"b:93:10:93:30:93:30:93:48":7,"s:93:48:93:Infinity":56,"s:94:6:94:Infinity":57,"s:96:4:96:Infinity":58,"s:98:2:98:Infinity":59,"f:102:16:102:19":21,"b:102:57:102:66":8,"s:103:17:103:Infinity":60,"s:104:14:104:Infinity":61,"b:104:54:104:68:104:68:104:Infinity":9,"b:104:14:104:32:104:32:104:54":10,"s:105:2:105:Infinity":62,"f:109:16:109:23":22,"s:110:2:110:Infinity":63,"s:111:2:111:Infinity":64,"s:112:2:112:Infinity":65,"f:116:16:116:22":23,"b:116:42:116:51":11,"s:117:2:117:Infinity":66,"s:118:2:118:Infinity":67,"f:122:16:122:24":24,"s:123:2:123:Infinity":68,"f:127:16:127:21":25,"s:128:2:128:Infinity":69,"f:132:16:132:25":26,"b:133:2:133:Infinity:undefined:undefined:undefined:undefined":12,"s:133:2:133:Infinity":70,"s:133:10:133:Infinity":71,"s:134:13:134:Infinity":72,"b:135:2:135:Infinity:undefined:undefined:undefined:undefined":13,"s:135:2:135:Infinity":73,"s:135:14:135:Infinity":74,"b:136:2:136:Infinity:undefined:undefined:undefined:undefined":14,"s:136:2:136:Infinity":75,"s:136:18:136:Infinity":76,"s:137:2:137:Infinity":77,"f:141:16:141:24":27,"b:142:2:142:Infinity:undefined:undefined:undefined:undefined":15,"s:142:2:142:Infinity":78,"s:142:11:142:Infinity":79,"s:143:15:143:Infinity":80,"b:144:2:144:Infinity:undefined:undefined:undefined:undefined":16,"s:144:2:144:Infinity":81,"s:144:20:144:Infinity":82,"b:145:2:145:Infinity:undefined:undefined:undefined:undefined":17,"s:145:2:145:Infinity":83,"s:145:22:145:Infinity":84,"b:146:2:146:Infinity:undefined:undefined:undefined:undefined":18,"s:146:2:146:Infinity":85,"s:146:23:146:Infinity":86,"s:147:2:147:Infinity":87},"fnNames":{}}}
,"D:\\Codebox\\PROJECTS\\NineDeploy\\apps\\cli\\src\\lib\\serverRunner.ts": {"path":"D:\\Codebox\\PROJECTS\\NineDeploy\\apps\\cli\\src\\lib\\serverRunner.ts","statementMap":{"0":{"start":{"line":5,"column":22},"end":{"line":5,"column":null}},"1":{"start":{"line":23,"column":18},"end":{"line":23,"column":null}},"2":{"start":{"line":24,"column":2},"end":{"line":24,"column":null}},"3":{"start":{"line":24,"column":16},"end":{"line":24,"column":null}},"4":{"start":{"line":25,"column":23},"end":{"line":25,"column":null}},"5":{"start":{"line":26,"column":2},"end":{"line":26,"column":null}},"6":{"start":{"line":31,"column":14},"end":{"line":31,"column":null}},"7":{"start":{"line":32,"column":2},"end":{"line":34,"column":null}},"8":{"start":{"line":33,"column":4},"end":{"line":33,"column":null}},"9":{"start":{"line":35,"column":2},"end":{"line":37,"column":null}},"10":{"start":{"line":36,"column":4},"end":{"line":36,"column":null}},"11":{"start":{"line":38,"column":2},"end":{"line":40,"column":null}},"12":{"start":{"line":39,"column":4},"end":{"line":39,"column":null}},"13":{"start":{"line":41,"column":2},"end":{"line":41,"column":null}},"14":{"start":{"line":46,"column":2},"end":{"line":51,"column":null}},"15":{"start":{"line":47,"column":4},"end":{"line":47,"column":null}},"16":{"start":{"line":48,"column":4},"end":{"line":48,"column":null}},"17":{"start":{"line":50,"column":4},"end":{"line":50,"column":null}},"18":{"start":{"line":56,"column":2},"end":{"line":63,"column":null}},"19":{"start":{"line":57,"column":21},"end":{"line":57,"column":null}},"20":{"start":{"line":58,"column":16},"end":{"line":58,"column":null}},"21":{"start":{"line":59,"column":16},"end":{"line":59,"column":null}},"22":{"start":{"line":59,"column":100},"end":{"line":59,"column":104}},"23":{"start":{"line":60,"column":4},"end":{"line":60,"column":null}},"24":{"start":{"line":62,"column":4},"end":{"line":62,"column":null}},"25":{"start":{"line":68,"column":2},"end":{"line":84,"column":null}},"26":{"start":{"line":69,"column":23},"end":{"line":74,"column":null}},"27":{"start":{"line":75,"column":37},"end":{"line":75,"column":null}},"28":{"start":{"line":76,"column":4},"end":{"line":81,"column":null}},"29":{"start":{"line":83,"column":4},"end":{"line":83,"column":null}},"30":{"start":{"line":91,"column":24},"end":{"line":91,"column":null}},"31":{"start":{"line":92,"column":15},"end":{"line":92,"column":null}},"32":{"start":{"line":93,"column":16},"end":{"line":93,"column":null}},"33":{"start":{"line":94,"column":17},"end":{"line":94,"column":null}},"34":{"start":{"line":96,"column":16},"end":{"line":96,"column":null}},"35":{"start":{"line":97,"column":2},"end":{"line":99,"column":null}},"36":{"start":{"line":98,"column":4},"end":{"line":98,"column":null}},"37":{"start":{"line":101,"column":2},"end":{"line":108,"column":null}},"38":{"start":{"line":102,"column":4},"end":{"line":107,"column":null}},"39":{"start":{"line":103,"column":6},"end":{"line":103,"column":null}},"40":{"start":{"line":104,"column":6},"end":{"line":104,"column":null}},"41":{"start":{"line":106,"column":6},"end":{"line":106,"column":null}},"42":{"start":{"line":110,"column":15},"end":{"line":126,"column":null}},"43":{"start":{"line":128,"column":2},"end":{"line":133,"column":null}},"44":{"start":{"line":129,"column":4},"end":{"line":129,"column":null}},"45":{"start":{"line":130,"column":4},"end":{"line":130,"column":null}},"46":{"start":{"line":132,"column":4},"end":{"line":132,"column":null}},"47":{"start":{"line":138,"column":2},"end":{"line":142,"column":null}},"48":{"start":{"line":139,"column":4},"end":{"line":139,"column":null}},"49":{"start":{"line":141,"column":4},"end":{"line":141,"column":null}},"50":{"start":{"line":147,"column":2},"end":{"line":152,"column":null}},"51":{"start":{"line":148,"column":31},"end":{"line":148,"column":null}},"52":{"start":{"line":149,"column":4},"end":{"line":149,"column":null}},"53":{"start":{"line":151,"column":4},"end":{"line":151,"column":null}},"54":{"start":{"line":161,"column":19},"end":{"line":161,"column":null}},"55":{"start":{"line":162,"column":2},"end":{"line":167,"column":null}},"56":{"start":{"line":162,"column":15},"end":{"line":162,"column":18}},"57":{"start":{"line":163,"column":4},"end":{"line":165,"column":null}},"58":{"start":{"line":164,"column":6},"end":{"line":164,"column":null}},"59":{"start":{"line":166,"column":4},"end":{"line":166,"column":null}},"60":{"start":{"line":166,"column":29},"end":{"line":166,"column":54}},"61":{"start":{"line":168,"column":2},"end":{"line":168,"column":null}}},"fnMap":{"0":{"name":"normalizeServerUrl","decl":{"start":{"line":22,"column":16},"end":{"line":22,"column":35}},"loc":{"start":{"line":22,"column":59},"end":{"line":27,"column":null}},"line":22},"1":{"name":"formatDockerError","decl":{"start":{"line":30,"column":16},"end":{"line":30,"column":34}},"loc":{"start":{"line":30,"column":56},"end":{"line":42,"column":null}},"line":30},"2":{"name":"isDockerAvailable","decl":{"start":{"line":45,"column":22},"end":{"line":45,"column":60}},"loc":{"start":{"line":45,"column":60},"end":{"line":52,"column":null}},"line":45},"3":{"name":"isServerReachable","decl":{"start":{"line":55,"column":22},"end":{"line":55,"column":40}},"loc":{"start":{"line":55,"column":93},"end":{"line":64,"column":null}},"line":55},"4":{"name":"(anonymous_4)","decl":{"start":{"line":59,"column":88},"end":{"line":59,"column":100}},"loc":{"start":{"line":59,"column":100},"end":{"line":59,"column":104}},"line":59},"5":{"name":"getContainerState","decl":{"start":{"line":67,"column":22},"end":{"line":67,"column":40}},"loc":{"start":{"line":67,"column":95},"end":{"line":85,"column":null}},"line":67},"6":{"name":"startServerContainer","decl":{"start":{"line":88,"column":22},"end":{"line":88,"column":null}},"loc":{"start":{"line":90,"column":52},"end":{"line":134,"column":null}},"line":90},"7":{"name":"stopServerContainer","decl":{"start":{"line":137,"column":22},"end":{"line":137,"column":42}},"loc":{"start":{"line":137,"column":87},"end":{"line":143,"column":null}},"line":137},"8":{"name":"getServerLogs","decl":{"start":{"line":146,"column":22},"end":{"line":146,"column":36}},"loc":{"start":{"line":146,"column":95},"end":{"line":153,"column":null}},"line":146},"9":{"name":"waitForServerReady","decl":{"start":{"line":156,"column":22},"end":{"line":156,"column":null}},"loc":{"start":{"line":160,"column":20},"end":{"line":169,"column":null}},"line":160},"10":{"name":"(anonymous_10)","decl":{"start":{"line":166,"column":14},"end":{"line":166,"column":23}},"loc":{"start":{"line":166,"column":29},"end":{"line":166,"column":54}},"line":166}},"branchMap":{"0":{"loc":{"start":{"line":24,"column":2},"end":{"line":24,"column":null}},"type":"if","locations":[{"start":{"line":24,"column":2},"end":{"line":24,"column":null}},{"start":{},"end":{}}],"line":24},"1":{"loc":{"start":{"line":25,"column":23},"end":{"line":25,"column":null}},"type":"cond-expr","locations":[{"start":{"line":25,"column":55},"end":{"line":25,"column":65}},{"start":{"line":25,"column":65},"end":{"line":25,"column":null}}],"line":25},"2":{"loc":{"start":{"line":31,"column":14},"end":{"line":31,"column":null}},"type":"cond-expr","locations":[{"start":{"line":31,"column":37},"end":{"line":31,"column":51}},{"start":{"line":31,"column":51},"end":{"line":31,"column":null}}],"line":31},"3":{"loc":{"start":{"line":32,"column":2},"end":{"line":34,"column":null}},"type":"if","locations":[{"start":{"line":32,"column":2},"end":{"line":34,"column":null}},{"start":{},"end":{}}],"line":32},"4":{"loc":{"start":{"line":32,"column":6},"end":{"line":32,"column":61}},"type":"binary-expr","locations":[{"start":{"line":32,"column":6},"end":{"line":32,"column":40}},{"start":{"line":32,"column":40},"end":{"line":32,"column":61}}],"line":32},"5":{"loc":{"start":{"line":35,"column":2},"end":{"line":37,"column":null}},"type":"if","locations":[{"start":{"line":35,"column":2},"end":{"line":37,"column":null}},{"start":{},"end":{}}],"line":35},"6":{"loc":{"start":{"line":35,"column":6},"end":{"line":35,"column":60}},"type":"binary-expr","locations":[{"start":{"line":35,"column":6},"end":{"line":35,"column":37}},{"start":{"line":35,"column":37},"end":{"line":35,"column":60}}],"line":35},"7":{"loc":{"start":{"line":38,"column":2},"end":{"line":40,"column":null}},"type":"if","locations":[{"start":{"line":38,"column":2},"end":{"line":40,"column":null}},{"start":{},"end":{}}],"line":38},"8":{"loc":{"start":{"line":55,"column":57},"end":{"line":55,"column":93}},"type":"default-arg","locations":[{"start":{"line":55,"column":69},"end":{"line":55,"column":93}}],"line":55},"9":{"loc":{"start":{"line":67,"column":40},"end":{"line":67,"column":95}},"type":"default-arg","locations":[{"start":{"line":67,"column":56},"end":{"line":67,"column":95}}],"line":67},"10":{"loc":{"start":{"line":79,"column":14},"end":{"line":79,"column":null}},"type":"binary-expr","locations":[{"start":{"line":79,"column":14},"end":{"line":79,"column":24}},{"start":{"line":79,"column":24},"end":{"line":79,"column":null}}],"line":79},"11":{"loc":{"start":{"line":80,"column":10},"end":{"line":80,"column":null}},"type":"cond-expr","locations":[{"start":{"line":80,"column":15},"end":{"line":80,"column":33}},{"start":{"line":80,"column":33},"end":{"line":80,"column":null}}],"line":80},"12":{"loc":{"start":{"line":89,"column":2},"end":{"line":89,"column":null}},"type":"default-arg","locations":[{"start":{"line":89,"column":30},"end":{"line":89,"column":null}}],"line":89},"13":{"loc":{"start":{"line":91,"column":24},"end":{"line":91,"column":null}},"type":"binary-expr","locations":[{"start":{"line":91,"column":24},"end":{"line":91,"column":46}},{"start":{"line":91,"column":46},"end":{"line":91,"column":null}}],"line":91},"14":{"loc":{"start":{"line":92,"column":22},"end":{"line":92,"column":39}},"type":"binary-expr","locations":[{"start":{"line":92,"column":22},"end":{"line":92,"column":35}},{"start":{"line":92,"column":35},"end":{"line":92,"column":39}}],"line":92},"15":{"loc":{"start":{"line":93,"column":16},"end":{"line":93,"column":null}},"type":"binary-expr","locations":[{"start":{"line":93,"column":16},"end":{"line":93,"column":30}},{"start":{"line":93,"column":30},"end":{"line":93,"column":null}}],"line":93},"16":{"loc":{"start":{"line":94,"column":17},"end":{"line":94,"column":null}},"type":"binary-expr","locations":[{"start":{"line":94,"column":17},"end":{"line":94,"column":32}},{"start":{"line":94,"column":32},"end":{"line":94,"column":null}}],"line":94},"17":{"loc":{"start":{"line":97,"column":2},"end":{"line":99,"column":null}},"type":"if","locations":[{"start":{"line":97,"column":2},"end":{"line":99,"column":null}},{"start":{},"end":{}}],"line":97},"18":{"loc":{"start":{"line":101,"column":2},"end":{"line":108,"column":null}},"type":"if","locations":[{"start":{"line":101,"column":2},"end":{"line":108,"column":null}},{"start":{},"end":{}}],"line":101},"19":{"loc":{"start":{"line":137,"column":42},"end":{"line":137,"column":87}},"type":"default-arg","locations":[{"start":{"line":137,"column":58},"end":{"line":137,"column":87}}],"line":137},"20":{"loc":{"start":{"line":146,"column":36},"end":{"line":146,"column":66}},"type":"default-arg","locations":[{"start":{"line":146,"column":52},"end":{"line":146,"column":66}}],"line":146},"21":{"loc":{"start":{"line":146,"column":66},"end":{"line":146,"column":95}},"type":"default-arg","locations":[{"start":{"line":146,"column":74},"end":{"line":146,"column":95}}],"line":146},"22":{"loc":{"start":{"line":149,"column":11},"end":{"line":149,"column":null}},"type":"binary-expr","locations":[{"start":{"line":149,"column":11},"end":{"line":149,"column":21}},{"start":{"line":149,"column":21},"end":{"line":149,"column":31}},{"start":{"line":149,"column":31},"end":{"line":149,"column":null}}],"line":149},"23":{"loc":{"start":{"line":158,"column":2},"end":{"line":158,"column":null}},"type":"default-arg","locations":[{"start":{"line":158,"column":16},"end":{"line":158,"column":null}}],"line":158},"24":{"loc":{"start":{"line":159,"column":2},"end":{"line":159,"column":null}},"type":"default-arg","locations":[{"start":{"line":159,"column":15},"end":{"line":159,"column":null}}],"line":159},"25":{"loc":{"start":{"line":163,"column":4},"end":{"line":165,"column":null}},"type":"if","locations":[{"start":{"line":163,"column":4},"end":{"line":165,"column":null}},{"start":{},"end":{}}],"line":163}},"s":{"0":1,"1":15,"2":15,"3":2,"4":13,"5":15,"6":9,"7":9,"8":2,"9":7,"10":1,"11":6,"12":2,"13":4,"14":2,"15":2,"16":1,"17":1,"18":7,"19":7,"20":7,"21":7,"22":3,"23":6,"24":1,"25":9,"26":9,"27":5,"28":5,"29":4,"30":6,"31":6,"32":6,"33":6,"34":6,"35":6,"36":1,"37":5,"38":2,"39":2,"40":1,"41":1,"42":3,"43":3,"44":3,"45":2,"46":1,"47":2,"48":2,"49":1,"50":3,"51":3,"52":2,"53":1,"54":2,"55":2,"56":2,"57":3,"58":1,"59":2,"60":2,"61":2},"f":{"0":15,"1":9,"2":2,"3":7,"4":3,"5":9,"6":6,"7":2,"8":3,"9":2,"10":2},"b":{"0":[2,13],"1":[10,3],"2":[8,1],"3":[2,7],"4":[9,7],"5":[1,6],"6":[7,6],"7":[2,4],"8":[7],"9":[9],"10":[5,1],"11":[4,1],"12":[6],"13":[6,6],"14":[6,1],"15":[6,6],"16":[6,5],"17":[1,5],"18":[2,3],"19":[2],"20":[3],"21":[3],"22":[2,1,1],"23":[2],"24":[2],"25":[1,2]},"meta":{"lastBranch":26,"lastFunction":11,"lastStatement":62,"seen":{"s:5:22:5:Infinity":0,"f:22:16:22:35":0,"s:23:18:23:Infinity":1,"b:24:2:24:Infinity:undefined:undefined:undefined:undefined":0,"s:24:2:24:Infinity":2,"s:24:16:24:Infinity":3,"s:25:23:25:Infinity":4,"b:25:55:25:65:25:65:25:Infinity":1,"s:26:2:26:Infinity":5,"f:30:16:30:34":1,"s:31:14:31:Infinity":6,"b:31:37:31:51:31:51:31:Infinity":2,"b:32:2:34:Infinity:undefined:undefined:undefined:undefined":3,"s:32:2:34:Infinity":7,"b:32:6:32:40:32:40:32:61":4,"s:33:4:33:Infinity":8,"b:35:2:37:Infinity:undefined:undefined:undefined:undefined":5,"s:35:2:37:Infinity":9,"b:35:6:35:37:35:37:35:60":6,"s:36:4:36:Infinity":10,"b:38:2:40:Infinity:undefined:undefined:undefined:undefined":7,"s:38:2:40:Infinity":11,"s:39:4:39:Infinity":12,"s:41:2:41:Infinity":13,"f:45:22:45:60":2,"s:46:2:51:Infinity":14,"s:47:4:47:Infinity":15,"s:48:4:48:Infinity":16,"s:50:4:50:Infinity":17,"f:55:22:55:40":3,"b:55:69:55:93":8,"s:56:2:63:Infinity":18,"s:57:21:57:Infinity":19,"s:58:16:58:Infinity":20,"s:59:16:59:Infinity":21,"f:59:88:59:100":4,"s:59:100:59:104":22,"s:60:4:60:Infinity":23,"s:62:4:62:Infinity":24,"f:67:22:67:40":5,"b:67:56:67:95":9,"s:68:2:84:Infinity":25,"s:69:23:74:Infinity":26,"s:75:37:75:Infinity":27,"s:76:4:81:Infinity":28,"b:79:14:79:24:79:24:79:Infinity":10,"b:80:15:80:33:80:33:80:Infinity":11,"s:83:4:83:Infinity":29,"f:88:22:88:Infinity":6,"b:89:30:89:Infinity":12,"s:91:24:91:Infinity":30,"b:91:24:91:46:91:46:91:Infinity":13,"s:92:15:92:Infinity":31,"b:92:22:92:35:92:35:92:39":14,"s:93:16:93:Infinity":32,"b:93:16:93:30:93:30:93:Infinity":15,"s:94:17:94:Infinity":33,"b:94:17:94:32:94:32:94:Infinity":16,"s:96:16:96:Infinity":34,"b:97:2:99:Infinity:undefined:undefined:undefined:undefined":17,"s:97:2:99:Infinity":35,"s:98:4:98:Infinity":36,"b:101:2:108:Infinity:undefined:undefined:undefined:undefined":18,"s:101:2:108:Infinity":37,"s:102:4:107:Infinity":38,"s:103:6:103:Infinity":39,"s:104:6:104:Infinity":40,"s:106:6:106:Infinity":41,"s:110:15:126:Infinity":42,"s:128:2:133:Infinity":43,"s:129:4:129:Infinity":44,"s:130:4:130:Infinity":45,"s:132:4:132:Infinity":46,"f:137:22:137:42":7,"b:137:58:137:87":19,"s:138:2:142:Infinity":47,"s:139:4:139:Infinity":48,"s:141:4:141:Infinity":49,"f:146:22:146:36":8,"b:146:52:146:66":20,"b:146:74:146:95":21,"s:147:2:152:Infinity":50,"s:148:31:148:Infinity":51,"s:149:4:149:Infinity":52,"b:149:11:149:21:149:21:149:31:149:31:149:Infinity":22,"s:151:4:151:Infinity":53,"f:156:22:156:Infinity":9,"b:158:16:158:Infinity":23,"b:159:15:159:Infinity":24,"s:161:19:161:Infinity":54,"s:162:2:167:Infinity":55,"s:162:15:162:18":56,"b:163:4:165:Infinity:undefined:undefined:undefined:undefined":25,"s:163:4:165:Infinity":57,"s:164:6:164:Infinity":58,"s:166:4:166:Infinity":59,"f:166:14:166:23":10,"s:166:29:166:54":60,"s:168:2:168:Infinity":61},"fnNames":{}}}
}
