{"D:\\Codebox\\PROJECTS\\NineDeploy\\apps\\web\\src\\components\\DeployWizard.tsx": {"path":"D:\\Codebox\\PROJECTS\\NineDeploy\\apps\\web\\src\\components\\DeployWizard.tsx","statementMap":{"0":{"start":{"line":14,"column":14},"end":{"line":14,"column":null}},"1":{"start":{"line":19,"column":19},"end":{"line":19,"column":31}},"2":{"start":{"line":20,"column":13},"end":{"line":20,"column":28}},"3":{"start":{"line":21,"column":20},"end":{"line":21,"column":29}},"4":{"start":{"line":22,"column":25},"end":{"line":22,"column":43}},"5":{"start":{"line":23,"column":19},"end":{"line":23,"column":27}},"6":{"start":{"line":25,"column":18},"end":{"line":25,"column":null}},"7":{"start":{"line":26,"column":36},"end":{"line":26,"column":52}},"8":{"start":{"line":27,"column":18},"end":{"line":27,"column":null}},"9":{"start":{"line":27,"column":67},"end":{"line":27,"column":86}},"10":{"start":{"line":28,"column":18},"end":{"line":28,"column":null}},"11":{"start":{"line":28,"column":67},"end":{"line":28,"column":86}},"12":{"start":{"line":30,"column":26},"end":{"line":30,"column":null}},"13":{"start":{"line":31,"column":26},"end":{"line":31,"column":null}},"14":{"start":{"line":32,"column":34},"end":{"line":32,"column":null}},"15":{"start":{"line":33,"column":20},"end":{"line":33,"column":null}},"16":{"start":{"line":34,"column":23},"end":{"line":34,"column":null}},"17":{"start":{"line":39,"column":18},"end":{"line":39,"column":null}},"18":{"start":{"line":40,"column":2},"end":{"line":50,"column":null}},"19":{"start":{"line":41,"column":4},"end":{"line":41,"column":null}},"20":{"start":{"line":42,"column":25},"end":{"line":42,"column":null}},"21":{"start":{"line":43,"column":4},"end":{"line":43,"column":null}},"22":{"start":{"line":44,"column":10},"end":{"line":44,"column":null}},"23":{"start":{"line":44,"column":42},"end":{"line":44,"column":97}},"24":{"start":{"line":44,"column":86},"end":{"line":44,"column":97}},"25":{"start":{"line":45,"column":4},"end":{"line":45,"column":null}},"26":{"start":{"line":46,"column":4},"end":{"line":49,"column":null}},"27":{"start":{"line":47,"column":6},"end":{"line":47,"column":null}},"28":{"start":{"line":48,"column":6},"end":{"line":48,"column":null}},"29":{"start":{"line":51,"column":26},"end":{"line":51,"column":null}},"30":{"start":{"line":52,"column":26},"end":{"line":52,"column":null}},"31":{"start":{"line":53,"column":32},"end":{"line":53,"column":null}},"32":{"start":{"line":54,"column":30},"end":{"line":54,"column":null}},"33":{"start":{"line":55,"column":34},"end":{"line":55,"column":null}},"34":{"start":{"line":56,"column":22},"end":{"line":60,"column":null}},"35":{"start":{"line":58,"column":19},"end":{"line":58,"column":null}},"36":{"start":{"line":61,"column":25},"end":{"line":65,"column":null}},"37":{"start":{"line":63,"column":19},"end":{"line":63,"column":null}},"38":{"start":{"line":66,"column":28},"end":{"line":66,"column":null}},"39":{"start":{"line":70,"column":26},"end":{"line":70,"column":null}},"40":{"start":{"line":71,"column":44},"end":{"line":71,"column":null}},"41":{"start":{"line":72,"column":40},"end":{"line":72,"column":null}},"42":{"start":{"line":73,"column":38},"end":{"line":73,"column":null}},"43":{"start":{"line":74,"column":36},"end":{"line":74,"column":null}},"44":{"start":{"line":75,"column":38},"end":{"line":75,"column":null}},"45":{"start":{"line":79,"column":32},"end":{"line":81,"column":null}},"46":{"start":{"line":80,"column":38},"end":{"line":80,"column":112}},"47":{"start":{"line":83,"column":19},"end":{"line":83,"column":null}},"48":{"start":{"line":84,"column":48},"end":{"line":84,"column":null}},"49":{"start":{"line":91,"column":34},"end":{"line":91,"column":null}},"50":{"start":{"line":95,"column":42},"end":{"line":95,"column":null}},"51":{"start":{"line":96,"column":36},"end":{"line":96,"column":null}},"52":{"start":{"line":97,"column":42},"end":{"line":97,"column":null}},"53":{"start":{"line":98,"column":54},"end":{"line":98,"column":null}},"54":{"start":{"line":99,"column":38},"end":{"line":99,"column":null}},"55":{"start":{"line":100,"column":34},"end":{"line":100,"column":null}},"56":{"start":{"line":101,"column":34},"end":{"line":101,"column":null}},"57":{"start":{"line":103,"column":32},"end":{"line":103,"column":null}},"58":{"start":{"line":104,"column":26},"end":{"line":104,"column":null}},"59":{"start":{"line":106,"column":25},"end":{"line":106,"column":null}},"60":{"start":{"line":107,"column":22},"end":{"line":107,"column":null}},"61":{"start":{"line":109,"column":21},"end":{"line":129,"column":null}},"62":{"start":{"line":110,"column":4},"end":{"line":110,"column":null}},"63":{"start":{"line":111,"column":4},"end":{"line":111,"column":null}},"64":{"start":{"line":112,"column":4},"end":{"line":128,"column":null}},"65":{"start":{"line":113,"column":21},"end":{"line":118,"column":null}},"66":{"start":{"line":119,"column":6},"end":{"line":119,"column":null}},"67":{"start":{"line":120,"column":6},"end":{"line":120,"column":null}},"68":{"start":{"line":120,"column":23},"end":{"line":120,"column":null}},"69":{"start":{"line":121,"column":6},"end":{"line":121,"column":null}},"70":{"start":{"line":122,"column":6},"end":{"line":122,"column":null}},"71":{"start":{"line":124,"column":6},"end":{"line":124,"column":null}},"72":{"start":{"line":125,"column":6},"end":{"line":125,"column":null}},"73":{"start":{"line":127,"column":6},"end":{"line":127,"column":null}},"74":{"start":{"line":131,"column":2},"end":{"line":141,"column":null}},"75":{"start":{"line":132,"column":4},"end":{"line":132,"column":null}},"76":{"start":{"line":132,"column":97},"end":{"line":132,"column":null}},"77":{"start":{"line":133,"column":16},"end":{"line":133,"column":null}},"78":{"start":{"line":134,"column":4},"end":{"line":134,"column":null}},"79":{"start":{"line":134,"column":41},"end":{"line":134,"column":null}},"80":{"start":{"line":137,"column":4},"end":{"line":137,"column":null}},"81":{"start":{"line":138,"column":4},"end":{"line":138,"column":null}},"82":{"start":{"line":139,"column":14},"end":{"line":139,"column":null}},"83":{"start":{"line":139,"column":31},"end":{"line":139,"column":50}},"84":{"start":{"line":140,"column":4},"end":{"line":140,"column":null}},"85":{"start":{"line":140,"column":17},"end":{"line":140,"column":null}},"86":{"start":{"line":145,"column":8},"end":{"line":158,"column":null}},"87":{"start":{"line":146,"column":4},"end":{"line":146,"column":null}},"88":{"start":{"line":146,"column":19},"end":{"line":146,"column":null}},"89":{"start":{"line":147,"column":14},"end":{"line":147,"column":null}},"90":{"start":{"line":148,"column":4},"end":{"line":148,"column":null}},"91":{"start":{"line":149,"column":4},"end":{"line":149,"column":null}},"92":{"start":{"line":149,"column":22},"end":{"line":149,"column":null}},"93":{"start":{"line":150,"column":4},"end":{"line":150,"column":null}},"94":{"start":{"line":150,"column":20},"end":{"line":150,"column":null}},"95":{"start":{"line":151,"column":4},"end":{"line":151,"column":null}},"96":{"start":{"line":151,"column":20},"end":{"line":151,"column":null}},"97":{"start":{"line":152,"column":4},"end":{"line":156,"column":null}},"98":{"start":{"line":153,"column":23},"end":{"line":153,"column":null}},"99":{"start":{"line":153,"column":47},"end":{"line":153,"column":52}},"100":{"start":{"line":154,"column":24},"end":{"line":154,"column":null}},"101":{"start":{"line":154,"column":44},"end":{"line":154,"column":64}},"102":{"start":{"line":154,"column":78},"end":{"line":154,"column":124}},"103":{"start":{"line":155,"column":6},"end":{"line":155,"column":null}},"104":{"start":{"line":157,"column":4},"end":{"line":157,"column":null}},"105":{"start":{"line":160,"column":17},"end":{"line":261,"column":null}},"106":{"start":{"line":165,"column":6},"end":{"line":165,"column":null}},"107":{"start":{"line":166,"column":6},"end":{"line":168,"column":null}},"108":{"start":{"line":171,"column":6},"end":{"line":171,"column":null}},"109":{"start":{"line":174,"column":6},"end":{"line":193,"column":null}},"110":{"start":{"line":175,"column":22},"end":{"line":188,"column":null}},"111":{"start":{"line":184,"column":31},"end":{"line":184,"column":47}},"112":{"start":{"line":185,"column":31},"end":{"line":185,"column":145}},"113":{"start":{"line":185,"column":102},"end":{"line":185,"column":143}},"114":{"start":{"line":186,"column":29},"end":{"line":186,"column":99}},"115":{"start":{"line":191,"column":25},"end":{"line":191,"column":null}},"116":{"start":{"line":192,"column":8},"end":{"line":192,"column":null}},"117":{"start":{"line":198,"column":20},"end":{"line":198,"column":null}},"118":{"start":{"line":199,"column":16},"end":{"line":199,"column":null}},"119":{"start":{"line":200,"column":28},"end":{"line":200,"column":null}},"120":{"start":{"line":201,"column":31},"end":{"line":208,"column":null}},"121":{"start":{"line":205,"column":29},"end":{"line":205,"column":66}},"122":{"start":{"line":205,"column":50},"end":{"line":205,"column":65}},"123":{"start":{"line":206,"column":27},"end":{"line":206,"column":73}},"124":{"start":{"line":209,"column":24},"end":{"line":211,"column":null}},"125":{"start":{"line":212,"column":18},"end":{"line":237,"column":null}},"126":{"start":{"line":238,"column":6},"end":{"line":246,"column":null}},"127":{"start":{"line":239,"column":8},"end":{"line":245,"column":null}},"128":{"start":{"line":240,"column":10},"end":{"line":244,"column":null}},"129":{"start":{"line":247,"column":25},"end":{"line":247,"column":null}},"130":{"start":{"line":248,"column":6},"end":{"line":248,"column":null}},"131":{"start":{"line":251,"column":6},"end":{"line":251,"column":null}},"132":{"start":{"line":252,"column":6},"end":{"line":252,"column":null}},"133":{"start":{"line":253,"column":6},"end":{"line":253,"column":null}},"134":{"start":{"line":254,"column":6},"end":{"line":254,"column":null}},"135":{"start":{"line":255,"column":6},"end":{"line":255,"column":null}},"136":{"start":{"line":258,"column":6},"end":{"line":258,"column":null}},"137":{"start":{"line":259,"column":6},"end":{"line":259,"column":null}},"138":{"start":{"line":264,"column":4},"end":{"line":266,"column":null}},"139":{"start":{"line":271,"column":28},"end":{"line":271,"column":null}},"140":{"start":{"line":273,"column":8},"end":{"line":273,"column":null}},"141":{"start":{"line":273,"column":21},"end":{"line":273,"column":null}},"142":{"start":{"line":273,"column":36},"end":{"line":273,"column":69}},"143":{"start":{"line":274,"column":8},"end":{"line":274,"column":null}},"144":{"start":{"line":274,"column":21},"end":{"line":274,"column":null}},"145":{"start":{"line":274,"column":36},"end":{"line":274,"column":54}},"146":{"start":{"line":275,"column":8},"end":{"line":279,"column":null}},"147":{"start":{"line":276,"column":4},"end":{"line":276,"column":null}},"148":{"start":{"line":277,"column":4},"end":{"line":278,"column":null}},"149":{"start":{"line":277,"column":33},"end":{"line":277,"column":null}},"150":{"start":{"line":278,"column":9},"end":{"line":278,"column":null}},"151":{"start":{"line":281,"column":8},"end":{"line":281,"column":null}},"152":{"start":{"line":281,"column":56},"end":{"line":281,"column":null}},"153":{"start":{"line":281,"column":77},"end":{"line":281,"column":135}},"154":{"start":{"line":281,"column":99},"end":{"line":281,"column":134}},"155":{"start":{"line":284,"column":4},"end":{"line":821,"column":null}},"156":{"start":{"line":290,"column":23},"end":{"line":290,"column":null}},"157":{"start":{"line":310,"column":49},"end":{"line":310,"column":80}},"158":{"start":{"line":314,"column":14},"end":{"line":320,"column":null}},"159":{"start":{"line":350,"column":86},"end":{"line":350,"column":111}},"160":{"start":{"line":353,"column":78},"end":{"line":353,"column":null}},"161":{"start":{"line":362,"column":22},"end":{"line":362,"column":null}},"162":{"start":{"line":362,"column":89},"end":{"line":362,"column":101}},"163":{"start":{"line":371,"column":64},"end":{"line":371,"column":null}},"164":{"start":{"line":373,"column":50},"end":{"line":373,"column":110}},"165":{"start":{"line":381,"column":42},"end":{"line":381,"column":null}},"166":{"start":{"line":381,"column":72},"end":{"line":381,"column":96}},"167":{"start":{"line":382,"column":28},"end":{"line":382,"column":null}},"168":{"start":{"line":383,"column":28},"end":{"line":386,"column":null}},"169":{"start":{"line":384,"column":30},"end":{"line":384,"column":null}},"170":{"start":{"line":384,"column":41},"end":{"line":384,"column":null}},"171":{"start":{"line":385,"column":30},"end":{"line":385,"column":null}},"172":{"start":{"line":391,"column":28},"end":{"line":393,"column":null}},"173":{"start":{"line":400,"column":66},"end":{"line":400,"column":null}},"174":{"start":{"line":402,"column":30},"end":{"line":402,"column":null}},"175":{"start":{"line":406,"column":65},"end":{"line":406,"column":92}},"176":{"start":{"line":428,"column":53},"end":{"line":428,"column":78}},"177":{"start":{"line":430,"column":55},"end":{"line":430,"column":87}},"178":{"start":{"line":455,"column":39},"end":{"line":455,"column":null}},"179":{"start":{"line":464,"column":64},"end":{"line":464,"column":null}},"180":{"start":{"line":466,"column":28},"end":{"line":466,"column":null}},"181":{"start":{"line":470,"column":63},"end":{"line":470,"column":90}},"182":{"start":{"line":480,"column":61},"end":{"line":480,"column":80}},"183":{"start":{"line":550,"column":30},"end":{"line":550,"column":null}},"184":{"start":{"line":584,"column":43},"end":{"line":584,"column":null}},"185":{"start":{"line":595,"column":43},"end":{"line":595,"column":null}},"186":{"start":{"line":596,"column":28},"end":{"line":611,"column":null}},"187":{"start":{"line":601,"column":47},"end":{"line":601,"column":null}},"188":{"start":{"line":636,"column":41},"end":{"line":636,"column":null}},"189":{"start":{"line":644,"column":133},"end":{"line":644,"column":159}},"190":{"start":{"line":666,"column":22},"end":{"line":666,"column":null}},"191":{"start":{"line":666,"column":68},"end":{"line":666,"column":null}},"192":{"start":{"line":667,"column":22},"end":{"line":667,"column":null}},"193":{"start":{"line":682,"column":150},"end":{"line":682,"column":175}},"194":{"start":{"line":683,"column":101},"end":{"line":683,"column":135}},"195":{"start":{"line":685,"column":162},"end":{"line":685,"column":194}},"196":{"start":{"line":686,"column":85},"end":{"line":686,"column":116}},"197":{"start":{"line":690,"column":60},"end":{"line":690,"column":null}},"198":{"start":{"line":693,"column":37},"end":{"line":693,"column":59}},"199":{"start":{"line":695,"column":24},"end":{"line":697,"column":null}},"200":{"start":{"line":726,"column":79},"end":{"line":726,"column":145}},"201":{"start":{"line":726,"column":97},"end":{"line":726,"column":142}},"202":{"start":{"line":737,"column":20},"end":{"line":767,"column":null}},"203":{"start":{"line":740,"column":41},"end":{"line":740,"column":null}},"204":{"start":{"line":747,"column":41},"end":{"line":747,"column":null}},"205":{"start":{"line":754,"column":39},"end":{"line":754,"column":null}},"206":{"start":{"line":762,"column":39},"end":{"line":762,"column":null}},"207":{"start":{"line":762,"column":60},"end":{"line":762,"column":94}},"208":{"start":{"line":762,"column":84},"end":{"line":762,"column":93}},"209":{"start":{"line":778,"column":96},"end":{"line":778,"column":126}},"210":{"start":{"line":779,"column":102},"end":{"line":779,"column":133}},"211":{"start":{"line":803,"column":72},"end":{"line":803,"column":84}},"212":{"start":{"line":823,"column":2},"end":{"line":823,"column":null}},"213":{"start":{"line":827,"column":2},"end":{"line":827,"column":null}},"214":{"start":{"line":830,"column":2},"end":{"line":830,"column":null}},"215":{"start":{"line":834,"column":2},"end":{"line":841,"column":null}}},"fnMap":{"0":{"name":"DeployWizard","decl":{"start":{"line":18,"column":16},"end":{"line":18,"column":29}},"loc":{"start":{"line":18,"column":98},"end":{"line":824,"column":null}},"line":18},"1":{"name":"(anonymous_1)","decl":{"start":{"line":27,"column":52},"end":{"line":27,"column":67}},"loc":{"start":{"line":27,"column":67},"end":{"line":27,"column":86}},"line":27},"2":{"name":"(anonymous_2)","decl":{"start":{"line":28,"column":52},"end":{"line":28,"column":67}},"loc":{"start":{"line":28,"column":67},"end":{"line":28,"column":86}},"line":28},"3":{"name":"(anonymous_3)","decl":{"start":{"line":40,"column":2},"end":{"line":40,"column":18}},"loc":{"start":{"line":40,"column":18},"end":{"line":50,"column":5}},"line":40},"4":{"name":"(anonymous_4)","decl":{"start":{"line":44,"column":10},"end":{"line":44,"column":19}},"loc":{"start":{"line":44,"column":40},"end":{"line":44,"column":null}},"line":44},"5":{"name":"(anonymous_5)","decl":{"start":{"line":46,"column":4},"end":{"line":46,"column":17}},"loc":{"start":{"line":46,"column":17},"end":{"line":49,"column":null}},"line":46},"6":{"name":"(anonymous_6)","decl":{"start":{"line":58,"column":4},"end":{"line":58,"column":19}},"loc":{"start":{"line":58,"column":19},"end":{"line":58,"column":null}},"line":58},"7":{"name":"(anonymous_7)","decl":{"start":{"line":63,"column":4},"end":{"line":63,"column":19}},"loc":{"start":{"line":63,"column":19},"end":{"line":63,"column":null}},"line":63},"8":{"name":"(anonymous_8)","decl":{"start":{"line":80,"column":26},"end":{"line":80,"column":31}},"loc":{"start":{"line":80,"column":38},"end":{"line":80,"column":112}},"line":80},"9":{"name":"(anonymous_9)","decl":{"start":{"line":109,"column":33},"end":{"line":109,"column":45}},"loc":{"start":{"line":109,"column":45},"end":{"line":129,"column":5}},"line":109},"10":{"name":"(anonymous_10)","decl":{"start":{"line":131,"column":2},"end":{"line":131,"column":18}},"loc":{"start":{"line":131,"column":18},"end":{"line":141,"column":5}},"line":131},"11":{"name":"(anonymous_11)","decl":{"start":{"line":139,"column":14},"end":{"line":139,"column":31}},"loc":{"start":{"line":139,"column":31},"end":{"line":139,"column":50}},"line":139},"12":{"name":"(anonymous_12)","decl":{"start":{"line":140,"column":4},"end":{"line":140,"column":17}},"loc":{"start":{"line":140,"column":17},"end":{"line":140,"column":null}},"line":140},"13":{"name":"(anonymous_13)","decl":{"start":{"line":145,"column":8},"end":{"line":145,"column":33}},"loc":{"start":{"line":145,"column":33},"end":{"line":158,"column":null}},"line":145},"14":{"name":"(anonymous_14)","decl":{"start":{"line":152,"column":4},"end":{"line":152,"column":16}},"loc":{"start":{"line":152,"column":25},"end":{"line":156,"column":5}},"line":152},"15":{"name":"(anonymous_15)","decl":{"start":{"line":153,"column":36},"end":{"line":153,"column":41}},"loc":{"start":{"line":153,"column":47},"end":{"line":153,"column":52}},"line":153},"16":{"name":"(anonymous_16)","decl":{"start":{"line":154,"column":30},"end":{"line":154,"column":38}},"loc":{"start":{"line":154,"column":44},"end":{"line":154,"column":64}},"line":154},"17":{"name":"(anonymous_17)","decl":{"start":{"line":154,"column":66},"end":{"line":154,"column":71}},"loc":{"start":{"line":154,"column":78},"end":{"line":154,"column":124}},"line":154},"18":{"name":"(anonymous_18)","decl":{"start":{"line":161,"column":4},"end":{"line":161,"column":20}},"loc":{"start":{"line":161,"column":20},"end":{"line":169,"column":null}},"line":161},"19":{"name":"(anonymous_19)","decl":{"start":{"line":170,"column":4},"end":{"line":170,"column":21}},"loc":{"start":{"line":170,"column":21},"end":{"line":172,"column":null}},"line":170},"20":{"name":"(anonymous_20)","decl":{"start":{"line":173,"column":16},"end":{"line":173,"column":23}},"loc":{"start":{"line":173,"column":54},"end":{"line":249,"column":null}},"line":173},"21":{"name":"(anonymous_21)","decl":{"start":{"line":184,"column":13},"end":{"line":184,"column":21}},"loc":{"start":{"line":184,"column":31},"end":{"line":184,"column":47}},"line":184},"22":{"name":"(anonymous_22)","decl":{"start":{"line":185,"column":13},"end":{"line":185,"column":21}},"loc":{"start":{"line":185,"column":31},"end":{"line":185,"column":145}},"line":185},"23":{"name":"(anonymous_23)","decl":{"start":{"line":185,"column":85},"end":{"line":185,"column":91}},"loc":{"start":{"line":185,"column":102},"end":{"line":185,"column":143}},"line":185},"24":{"name":"(anonymous_24)","decl":{"start":{"line":186,"column":13},"end":{"line":186,"column":18}},"loc":{"start":{"line":186,"column":29},"end":{"line":186,"column":99}},"line":186},"25":{"name":"(anonymous_25)","decl":{"start":{"line":205,"column":15},"end":{"line":205,"column":23}},"loc":{"start":{"line":205,"column":29},"end":{"line":205,"column":66}},"line":205},"26":{"name":"(anonymous_26)","decl":{"start":{"line":205,"column":38},"end":{"line":205,"column":44}},"loc":{"start":{"line":205,"column":50},"end":{"line":205,"column":65}},"line":205},"27":{"name":"(anonymous_27)","decl":{"start":{"line":206,"column":15},"end":{"line":206,"column":20}},"loc":{"start":{"line":206,"column":27},"end":{"line":206,"column":73}},"line":206},"28":{"name":"(anonymous_28)","decl":{"start":{"line":250,"column":4},"end":{"line":250,"column":16}},"loc":{"start":{"line":250,"column":27},"end":{"line":256,"column":null}},"line":250},"29":{"name":"(anonymous_29)","decl":{"start":{"line":257,"column":4},"end":{"line":257,"column":14}},"loc":{"start":{"line":257,"column":22},"end":{"line":260,"column":null}},"line":257},"30":{"name":"(anonymous_30)","decl":{"start":{"line":273,"column":8},"end":{"line":273,"column":21}},"loc":{"start":{"line":273,"column":21},"end":{"line":273,"column":null}},"line":273},"31":{"name":"(anonymous_31)","decl":{"start":{"line":273,"column":21},"end":{"line":273,"column":30}},"loc":{"start":{"line":273,"column":36},"end":{"line":273,"column":69}},"line":273},"32":{"name":"(anonymous_32)","decl":{"start":{"line":274,"column":8},"end":{"line":274,"column":21}},"loc":{"start":{"line":274,"column":21},"end":{"line":274,"column":null}},"line":274},"33":{"name":"(anonymous_33)","decl":{"start":{"line":274,"column":21},"end":{"line":274,"column":30}},"loc":{"start":{"line":274,"column":36},"end":{"line":274,"column":54}},"line":274},"34":{"name":"(anonymous_34)","decl":{"start":{"line":275,"column":8},"end":{"line":275,"column":20}},"loc":{"start":{"line":275,"column":37},"end":{"line":279,"column":null}},"line":275},"35":{"name":"(anonymous_35)","decl":{"start":{"line":281,"column":8},"end":{"line":281,"column":18}},"loc":{"start":{"line":281,"column":56},"end":{"line":281,"column":null}},"line":281},"36":{"name":"(anonymous_36)","decl":{"start":{"line":281,"column":56},"end":{"line":281,"column":68}},"loc":{"start":{"line":281,"column":77},"end":{"line":281,"column":135}},"line":281},"37":{"name":"(anonymous_37)","decl":{"start":{"line":281,"column":82},"end":{"line":281,"column":87}},"loc":{"start":{"line":281,"column":99},"end":{"line":281,"column":134}},"line":281},"38":{"name":"(anonymous_38)","decl":{"start":{"line":290,"column":8},"end":{"line":290,"column":23}},"loc":{"start":{"line":290,"column":23},"end":{"line":290,"column":null}},"line":290},"39":{"name":"(anonymous_39)","decl":{"start":{"line":310,"column":34},"end":{"line":310,"column":49}},"loc":{"start":{"line":310,"column":49},"end":{"line":310,"column":80}},"line":310},"40":{"name":"(anonymous_40)","decl":{"start":{"line":313,"column":19},"end":{"line":313,"column":24}},"loc":{"start":{"line":314,"column":14},"end":{"line":320,"column":null}},"line":314},"41":{"name":"(anonymous_41)","decl":{"start":{"line":350,"column":69},"end":{"line":350,"column":80}},"loc":{"start":{"line":350,"column":86},"end":{"line":350,"column":111}},"line":350},"42":{"name":"(anonymous_42)","decl":{"start":{"line":353,"column":61},"end":{"line":353,"column":72}},"loc":{"start":{"line":353,"column":78},"end":{"line":353,"column":null}},"line":353},"43":{"name":"(anonymous_43)","decl":{"start":{"line":361,"column":50},"end":{"line":361,"column":55}},"loc":{"start":{"line":362,"column":22},"end":{"line":362,"column":null}},"line":362},"44":{"name":"(anonymous_44)","decl":{"start":{"line":362,"column":74},"end":{"line":362,"column":89}},"loc":{"start":{"line":362,"column":89},"end":{"line":362,"column":101}},"line":362},"45":{"name":"(anonymous_45)","decl":{"start":{"line":371,"column":47},"end":{"line":371,"column":58}},"loc":{"start":{"line":371,"column":64},"end":{"line":371,"column":null}},"line":371},"46":{"name":"(anonymous_46)","decl":{"start":{"line":373,"column":39},"end":{"line":373,"column":44}},"loc":{"start":{"line":373,"column":50},"end":{"line":373,"column":110}},"line":373},"47":{"name":"(anonymous_47)","decl":{"start":{"line":380,"column":26},"end":{"line":380,"column":37}},"loc":{"start":{"line":380,"column":43},"end":{"line":387,"column":null}},"line":380},"48":{"name":"(anonymous_48)","decl":{"start":{"line":381,"column":60},"end":{"line":381,"column":66}},"loc":{"start":{"line":381,"column":72},"end":{"line":381,"column":96}},"line":381},"49":{"name":"(anonymous_49)","decl":{"start":{"line":390,"column":44},"end":{"line":390,"column":49}},"loc":{"start":{"line":391,"column":28},"end":{"line":393,"column":null}},"line":391},"50":{"name":"(anonymous_50)","decl":{"start":{"line":400,"column":49},"end":{"line":400,"column":60}},"loc":{"start":{"line":400,"column":66},"end":{"line":400,"column":null}},"line":400},"51":{"name":"(anonymous_51)","decl":{"start":{"line":401,"column":49},"end":{"line":401,"column":54}},"loc":{"start":{"line":402,"column":30},"end":{"line":402,"column":null}},"line":402},"52":{"name":"(anonymous_52)","decl":{"start":{"line":406,"column":48},"end":{"line":406,"column":59}},"loc":{"start":{"line":406,"column":65},"end":{"line":406,"column":92}},"line":406},"53":{"name":"(anonymous_53)","decl":{"start":{"line":428,"column":41},"end":{"line":428,"column":47}},"loc":{"start":{"line":428,"column":53},"end":{"line":428,"column":78}},"line":428},"54":{"name":"(anonymous_54)","decl":{"start":{"line":430,"column":43},"end":{"line":430,"column":49}},"loc":{"start":{"line":430,"column":55},"end":{"line":430,"column":87}},"line":430},"55":{"name":"(anonymous_55)","decl":{"start":{"line":455,"column":22},"end":{"line":455,"column":33}},"loc":{"start":{"line":455,"column":39},"end":{"line":455,"column":null}},"line":455},"56":{"name":"(anonymous_56)","decl":{"start":{"line":464,"column":47},"end":{"line":464,"column":58}},"loc":{"start":{"line":464,"column":64},"end":{"line":464,"column":null}},"line":464},"57":{"name":"(anonymous_57)","decl":{"start":{"line":465,"column":47},"end":{"line":465,"column":52}},"loc":{"start":{"line":466,"column":28},"end":{"line":466,"column":null}},"line":466},"58":{"name":"(anonymous_58)","decl":{"start":{"line":470,"column":46},"end":{"line":470,"column":57}},"loc":{"start":{"line":470,"column":63},"end":{"line":470,"column":90}},"line":470},"59":{"name":"(anonymous_59)","decl":{"start":{"line":480,"column":46},"end":{"line":480,"column":61}},"loc":{"start":{"line":480,"column":61},"end":{"line":480,"column":80}},"line":480},"60":{"name":"(anonymous_60)","decl":{"start":{"line":549,"column":52},"end":{"line":549,"column":57}},"loc":{"start":{"line":550,"column":30},"end":{"line":550,"column":null}},"line":550},"61":{"name":"(anonymous_61)","decl":{"start":{"line":584,"column":28},"end":{"line":584,"column":43}},"loc":{"start":{"line":584,"column":43},"end":{"line":584,"column":null}},"line":584},"62":{"name":"(anonymous_62)","decl":{"start":{"line":594,"column":66},"end":{"line":594,"column":71}},"loc":{"start":{"line":594,"column":77},"end":{"line":613,"column":27}},"line":594},"63":{"name":"(anonymous_63)","decl":{"start":{"line":601,"column":32},"end":{"line":601,"column":47}},"loc":{"start":{"line":601,"column":47},"end":{"line":601,"column":null}},"line":601},"64":{"name":"(anonymous_64)","decl":{"start":{"line":636,"column":24},"end":{"line":636,"column":35}},"loc":{"start":{"line":636,"column":41},"end":{"line":636,"column":null}},"line":636},"65":{"name":"(anonymous_65)","decl":{"start":{"line":644,"column":116},"end":{"line":644,"column":127}},"loc":{"start":{"line":644,"column":133},"end":{"line":644,"column":159}},"line":644},"66":{"name":"(anonymous_66)","decl":{"start":{"line":662,"column":20},"end":{"line":662,"column":35}},"loc":{"start":{"line":662,"column":35},"end":{"line":668,"column":null}},"line":662},"67":{"name":"(anonymous_67)","decl":{"start":{"line":682,"column":133},"end":{"line":682,"column":144}},"loc":{"start":{"line":682,"column":150},"end":{"line":682,"column":175}},"line":682},"68":{"name":"(anonymous_68)","decl":{"start":{"line":683,"column":84},"end":{"line":683,"column":95}},"loc":{"start":{"line":683,"column":101},"end":{"line":683,"column":135}},"line":683},"69":{"name":"(anonymous_69)","decl":{"start":{"line":685,"column":145},"end":{"line":685,"column":156}},"loc":{"start":{"line":685,"column":162},"end":{"line":685,"column":194}},"line":685},"70":{"name":"(anonymous_70)","decl":{"start":{"line":686,"column":68},"end":{"line":686,"column":79}},"loc":{"start":{"line":686,"column":85},"end":{"line":686,"column":116}},"line":686},"71":{"name":"(anonymous_71)","decl":{"start":{"line":690,"column":43},"end":{"line":690,"column":54}},"loc":{"start":{"line":690,"column":60},"end":{"line":690,"column":null}},"line":690},"72":{"name":"(anonymous_72)","decl":{"start":{"line":693,"column":23},"end":{"line":693,"column":31}},"loc":{"start":{"line":693,"column":37},"end":{"line":693,"column":59}},"line":693},"73":{"name":"(anonymous_73)","decl":{"start":{"line":694,"column":23},"end":{"line":694,"column":28}},"loc":{"start":{"line":695,"column":24},"end":{"line":697,"column":null}},"line":695},"74":{"name":"(anonymous_74)","decl":{"start":{"line":726,"column":64},"end":{"line":726,"column":79}},"loc":{"start":{"line":726,"column":79},"end":{"line":726,"column":145}},"line":726},"75":{"name":"(anonymous_75)","decl":{"start":{"line":726,"column":79},"end":{"line":726,"column":91}},"loc":{"start":{"line":726,"column":97},"end":{"line":726,"column":142}},"line":726},"76":{"name":"(anonymous_76)","decl":{"start":{"line":736,"column":27},"end":{"line":736,"column":32}},"loc":{"start":{"line":737,"column":20},"end":{"line":767,"column":null}},"line":737},"77":{"name":"(anonymous_77)","decl":{"start":{"line":740,"column":24},"end":{"line":740,"column":35}},"loc":{"start":{"line":740,"column":41},"end":{"line":740,"column":null}},"line":740},"78":{"name":"(anonymous_78)","decl":{"start":{"line":747,"column":24},"end":{"line":747,"column":35}},"loc":{"start":{"line":747,"column":41},"end":{"line":747,"column":null}},"line":747},"79":{"name":"(anonymous_79)","decl":{"start":{"line":754,"column":24},"end":{"line":754,"column":39}},"loc":{"start":{"line":754,"column":39},"end":{"line":754,"column":null}},"line":754},"80":{"name":"(anonymous_80)","decl":{"start":{"line":762,"column":24},"end":{"line":762,"column":39}},"loc":{"start":{"line":762,"column":39},"end":{"line":762,"column":null}},"line":762},"81":{"name":"(anonymous_81)","decl":{"start":{"line":762,"column":39},"end":{"line":762,"column":51}},"loc":{"start":{"line":762,"column":60},"end":{"line":762,"column":94}},"line":762},"82":{"name":"(anonymous_82)","decl":{"start":{"line":762,"column":65},"end":{"line":762,"column":73}},"loc":{"start":{"line":762,"column":84},"end":{"line":762,"column":93}},"line":762},"83":{"name":"(anonymous_83)","decl":{"start":{"line":778,"column":79},"end":{"line":778,"column":90}},"loc":{"start":{"line":778,"column":96},"end":{"line":778,"column":126}},"line":778},"84":{"name":"(anonymous_84)","decl":{"start":{"line":779,"column":85},"end":{"line":779,"column":96}},"loc":{"start":{"line":779,"column":102},"end":{"line":779,"column":133}},"line":779},"85":{"name":"(anonymous_85)","decl":{"start":{"line":803,"column":58},"end":{"line":803,"column":66}},"loc":{"start":{"line":803,"column":72},"end":{"line":803,"column":84}},"line":803},"86":{"name":"L","decl":{"start":{"line":826,"column":9},"end":{"line":826,"column":11}},"loc":{"start":{"line":826,"column":78},"end":{"line":828,"column":null}},"line":826},"87":{"name":"Row","decl":{"start":{"line":829,"column":9},"end":{"line":829,"column":13}},"loc":{"start":{"line":829,"column":65},"end":{"line":831,"column":null}},"line":829},"88":{"name":"PlanStep","decl":{"start":{"line":833,"column":9},"end":{"line":833,"column":18}},"loc":{"start":{"line":833,"column":128},"end":{"line":843,"column":null}},"line":833}},"branchMap":{"0":{"loc":{"start":{"line":31,"column":35},"end":{"line":31,"column":55}},"type":"binary-expr","locations":[{"start":{"line":31,"column":35},"end":{"line":31,"column":53}},{"start":{"line":31,"column":53},"end":{"line":31,"column":55}}],"line":31},"1":{"loc":{"start":{"line":44,"column":42},"end":{"line":44,"column":97}},"type":"if","locations":[{"start":{"line":44,"column":42},"end":{"line":44,"column":97}},{"start":{},"end":{}}],"line":44},"2":{"loc":{"start":{"line":44,"column":46},"end":{"line":44,"column":86}},"type":"binary-expr","locations":[{"start":{"line":44,"column":46},"end":{"line":44,"column":68}},{"start":{"line":44,"column":68},"end":{"line":44,"column":86}}],"line":44},"3":{"loc":{"start":{"line":52,"column":53},"end":{"line":52,"column":80}},"type":"cond-expr","locations":[{"start":{"line":52,"column":64},"end":{"line":52,"column":74}},{"start":{"line":52,"column":74},"end":{"line":52,"column":80}}],"line":52},"4":{"loc":{"start":{"line":59,"column":21},"end":{"line":59,"column":53}},"type":"binary-expr","locations":[{"start":{"line":59,"column":21},"end":{"line":59,"column":33}},{"start":{"line":59,"column":33},"end":{"line":59,"column":53}}],"line":59},"5":{"loc":{"start":{"line":64,"column":21},"end":{"line":64,"column":64}},"type":"binary-expr","locations":[{"start":{"line":64,"column":21},"end":{"line":64,"column":33}},{"start":{"line":64,"column":33},"end":{"line":64,"column":57}},{"start":{"line":64,"column":57},"end":{"line":64,"column":64}}],"line":64},"6":{"loc":{"start":{"line":66,"column":37},"end":{"line":66,"column":58}},"type":"binary-expr","locations":[{"start":{"line":66,"column":37},"end":{"line":66,"column":56}},{"start":{"line":66,"column":56},"end":{"line":66,"column":58}}],"line":66},"7":{"loc":{"start":{"line":70,"column":35},"end":{"line":70,"column":76}},"type":"cond-expr","locations":[{"start":{"line":70,"column":46},"end":{"line":70,"column":70}},{"start":{"line":70,"column":70},"end":{"line":70,"column":76}}],"line":70},"8":{"loc":{"start":{"line":72,"column":49},"end":{"line":72,"column":76}},"type":"binary-expr","locations":[{"start":{"line":72,"column":49},"end":{"line":72,"column":74}},{"start":{"line":72,"column":74},"end":{"line":72,"column":76}}],"line":72},"9":{"loc":{"start":{"line":80,"column":5},"end":{"line":80,"column":24}},"type":"binary-expr","locations":[{"start":{"line":80,"column":5},"end":{"line":80,"column":22}},{"start":{"line":80,"column":22},"end":{"line":80,"column":24}}],"line":80},"10":{"loc":{"start":{"line":80,"column":59},"end":{"line":80,"column":84}},"type":"cond-expr","locations":[{"start":{"line":80,"column":70},"end":{"line":80,"column":75}},{"start":{"line":80,"column":75},"end":{"line":80,"column":84}}],"line":80},"11":{"loc":{"start":{"line":80,"column":92},"end":{"line":80,"column":110}},"type":"binary-expr","locations":[{"start":{"line":80,"column":92},"end":{"line":80,"column":104}},{"start":{"line":80,"column":104},"end":{"line":80,"column":110}}],"line":80},"12":{"loc":{"start":{"line":83,"column":19},"end":{"line":83,"column":null}},"type":"binary-expr","locations":[{"start":{"line":83,"column":19},"end":{"line":83,"column":41}},{"start":{"line":83,"column":41},"end":{"line":83,"column":null}}],"line":83},"13":{"loc":{"start":{"line":107,"column":22},"end":{"line":107,"column":null}},"type":"binary-expr","locations":[{"start":{"line":107,"column":22},"end":{"line":107,"column":47}},{"start":{"line":107,"column":47},"end":{"line":107,"column":null}}],"line":107},"14":{"loc":{"start":{"line":116,"column":12},"end":{"line":116,"column":null}},"type":"cond-expr","locations":[{"start":{"line":116,"column":29},"end":{"line":116,"column":59}},{"start":{"line":116,"column":59},"end":{"line":116,"column":null}}],"line":116},"15":{"loc":{"start":{"line":117,"column":12},"end":{"line":117,"column":null}},"type":"cond-expr","locations":[{"start":{"line":117,"column":47},"end":{"line":117,"column":80}},{"start":{"line":117,"column":80},"end":{"line":117,"column":null}}],"line":117},"16":{"loc":{"start":{"line":117,"column":12},"end":{"line":117,"column":47}},"type":"binary-expr","locations":[{"start":{"line":117,"column":12},"end":{"line":117,"column":24}},{"start":{"line":117,"column":24},"end":{"line":117,"column":47}}],"line":117},"17":{"loc":{"start":{"line":120,"column":6},"end":{"line":120,"column":null}},"type":"if","locations":[{"start":{"line":120,"column":6},"end":{"line":120,"column":null}},{"start":{},"end":{}}],"line":120},"18":{"loc":{"start":{"line":125,"column":22},"end":{"line":125,"column":93}},"type":"cond-expr","locations":[{"start":{"line":125,"column":45},"end":{"line":125,"column":59}},{"start":{"line":125,"column":59},"end":{"line":125,"column":93}}],"line":125},"19":{"loc":{"start":{"line":132,"column":4},"end":{"line":132,"column":null}},"type":"if","locations":[{"start":{"line":132,"column":4},"end":{"line":132,"column":null}},{"start":{},"end":{}}],"line":132},"20":{"loc":{"start":{"line":132,"column":8},"end":{"line":132,"column":97}},"type":"binary-expr","locations":[{"start":{"line":132,"column":8},"end":{"line":132,"column":20}},{"start":{"line":132,"column":20},"end":{"line":132,"column":39}},{"start":{"line":132,"column":39},"end":{"line":132,"column":58}},{"start":{"line":132,"column":58},"end":{"line":132,"column":97}}],"line":132},"21":{"loc":{"start":{"line":134,"column":4},"end":{"line":134,"column":null}},"type":"if","locations":[{"start":{"line":134,"column":4},"end":{"line":134,"column":null}},{"start":{},"end":{}}],"line":134},"22":{"loc":{"start":{"line":146,"column":4},"end":{"line":146,"column":null}},"type":"if","locations":[{"start":{"line":146,"column":4},"end":{"line":146,"column":null}},{"start":{},"end":{}}],"line":146},"23":{"loc":{"start":{"line":149,"column":4},"end":{"line":149,"column":null}},"type":"if","locations":[{"start":{"line":149,"column":4},"end":{"line":149,"column":null}},{"start":{},"end":{}}],"line":149},"24":{"loc":{"start":{"line":150,"column":4},"end":{"line":150,"column":null}},"type":"if","locations":[{"start":{"line":150,"column":4},"end":{"line":150,"column":null}},{"start":{},"end":{}}],"line":150},"25":{"loc":{"start":{"line":151,"column":4},"end":{"line":151,"column":null}},"type":"if","locations":[{"start":{"line":151,"column":4},"end":{"line":151,"column":null}},{"start":{},"end":{}}],"line":151},"26":{"loc":{"start":{"line":155,"column":13},"end":{"line":155,"column":null}},"type":"cond-expr","locations":[{"start":{"line":155,"column":36},"end":{"line":155,"column":62}},{"start":{"line":155,"column":62},"end":{"line":155,"column":null}}],"line":155},"27":{"loc":{"start":{"line":166,"column":25},"end":{"line":168,"column":53}},"type":"cond-expr","locations":[{"start":{"line":167,"column":10},"end":{"line":167,"column":null}},{"start":{"line":168,"column":10},"end":{"line":168,"column":53}}],"line":166},"28":{"loc":{"start":{"line":167,"column":56},"end":{"line":167,"column":111}},"type":"cond-expr","locations":[{"start":{"line":167,"column":67},"end":{"line":167,"column":108}},{"start":{"line":167,"column":108},"end":{"line":167,"column":111}}],"line":167},"29":{"loc":{"start":{"line":174,"column":6},"end":{"line":193,"column":null}},"type":"if","locations":[{"start":{"line":174,"column":6},"end":{"line":193,"column":null}},{"start":{},"end":{}}],"line":174},"30":{"loc":{"start":{"line":177,"column":21},"end":{"line":177,"column":null}},"type":"binary-expr","locations":[{"start":{"line":177,"column":21},"end":{"line":177,"column":34}},{"start":{"line":177,"column":34},"end":{"line":177,"column":null}}],"line":177},"31":{"loc":{"start":{"line":178,"column":20},"end":{"line":178,"column":null}},"type":"cond-expr","locations":[{"start":{"line":178,"column":31},"end":{"line":178,"column":49}},{"start":{"line":178,"column":49},"end":{"line":178,"column":null}}],"line":178},"32":{"loc":{"start":{"line":180,"column":22},"end":{"line":180,"column":null}},"type":"binary-expr","locations":[{"start":{"line":180,"column":22},"end":{"line":180,"column":36}},{"start":{"line":180,"column":36},"end":{"line":180,"column":null}}],"line":180},"33":{"loc":{"start":{"line":185,"column":33},"end":{"line":185,"column":145}},"type":"binary-expr","locations":[{"start":{"line":185,"column":33},"end":{"line":185,"column":49}},{"start":{"line":185,"column":49},"end":{"line":185,"column":71}},{"start":{"line":185,"column":71},"end":{"line":185,"column":145}}],"line":185},"34":{"loc":{"start":{"line":185,"column":102},"end":{"line":185,"column":143}},"type":"binary-expr","locations":[{"start":{"line":185,"column":102},"end":{"line":185,"column":130}},{"start":{"line":185,"column":130},"end":{"line":185,"column":143}}],"line":185},"35":{"loc":{"start":{"line":198,"column":20},"end":{"line":198,"column":null}},"type":"binary-expr","locations":[{"start":{"line":198,"column":20},"end":{"line":198,"column":44}},{"start":{"line":198,"column":44},"end":{"line":198,"column":63}},{"start":{"line":198,"column":63},"end":{"line":198,"column":null}}],"line":198},"36":{"loc":{"start":{"line":199,"column":16},"end":{"line":199,"column":null}},"type":"cond-expr","locations":[{"start":{"line":199,"column":24},"end":{"line":199,"column":45}},{"start":{"line":199,"column":45},"end":{"line":199,"column":null}}],"line":199},"37":{"loc":{"start":{"line":200,"column":28},"end":{"line":200,"column":null}},"type":"cond-expr","locations":[{"start":{"line":200,"column":32},"end":{"line":200,"column":41}},{"start":{"line":200,"column":41},"end":{"line":200,"column":null}}],"line":200},"38":{"loc":{"start":{"line":201,"column":31},"end":{"line":208,"column":null}},"type":"cond-expr","locations":[{"start":{"line":202,"column":10},"end":{"line":207,"column":null}},{"start":{"line":208,"column":10},"end":{"line":208,"column":null}}],"line":201},"39":{"loc":{"start":{"line":209,"column":24},"end":{"line":211,"column":null}},"type":"cond-expr","locations":[{"start":{"line":210,"column":10},"end":{"line":210,"column":null}},{"start":{"line":211,"column":10},"end":{"line":211,"column":null}}],"line":209},"40":{"loc":{"start":{"line":211,"column":21},"end":{"line":211,"column":41}},"type":"binary-expr","locations":[{"start":{"line":211,"column":21},"end":{"line":211,"column":35}},{"start":{"line":211,"column":35},"end":{"line":211,"column":41}}],"line":211},"41":{"loc":{"start":{"line":211,"column":48},"end":{"line":211,"column":66}},"type":"binary-expr","locations":[{"start":{"line":211,"column":48},"end":{"line":211,"column":60}},{"start":{"line":211,"column":60},"end":{"line":211,"column":66}}],"line":211},"42":{"loc":{"start":{"line":211,"column":73},"end":{"line":211,"column":90}},"type":"binary-expr","locations":[{"start":{"line":211,"column":73},"end":{"line":211,"column":85}},{"start":{"line":211,"column":85},"end":{"line":211,"column":90}}],"line":211},"43":{"loc":{"start":{"line":215,"column":19},"end":{"line":215,"column":null}},"type":"binary-expr","locations":[{"start":{"line":215,"column":19},"end":{"line":215,"column":32}},{"start":{"line":215,"column":32},"end":{"line":215,"column":null}}],"line":215},"44":{"loc":{"start":{"line":216,"column":12},"end":{"line":216,"column":null}},"type":"cond-expr","locations":[{"start":{"line":216,"column":23},"end":{"line":216,"column":55}},{"start":{"line":216,"column":55},"end":{"line":216,"column":null}}],"line":216},"45":{"loc":{"start":{"line":217,"column":17},"end":{"line":217,"column":null}},"type":"cond-expr","locations":[{"start":{"line":217,"column":35},"end":{"line":217,"column":45}},{"start":{"line":217,"column":45},"end":{"line":217,"column":null}}],"line":217},"46":{"loc":{"start":{"line":218,"column":15},"end":{"line":218,"column":null}},"type":"cond-expr","locations":[{"start":{"line":218,"column":34},"end":{"line":218,"column":42}},{"start":{"line":218,"column":42},"end":{"line":218,"column":null}}],"line":218},"47":{"loc":{"start":{"line":223,"column":21},"end":{"line":223,"column":null}},"type":"binary-expr","locations":[{"start":{"line":223,"column":21},"end":{"line":223,"column":36}},{"start":{"line":223,"column":36},"end":{"line":223,"column":null}}],"line":223},"48":{"loc":{"start":{"line":224,"column":20},"end":{"line":224,"column":null}},"type":"binary-expr","locations":[{"start":{"line":224,"column":20},"end":{"line":224,"column":34}},{"start":{"line":224,"column":34},"end":{"line":224,"column":null}}],"line":224},"49":{"loc":{"start":{"line":227,"column":12},"end":{"line":236,"column":null}},"type":"cond-expr","locations":[{"start":{"line":228,"column":12},"end":{"line":235,"column":null}},{"start":{"line":236,"column":12},"end":{"line":236,"column":null}}],"line":227},"50":{"loc":{"start":{"line":227,"column":12},"end":{"line":227,"column":null}},"type":"binary-expr","locations":[{"start":{"line":227,"column":12},"end":{"line":227,"column":30}},{"start":{"line":227,"column":30},"end":{"line":227,"column":51}},{"start":{"line":227,"column":51},"end":{"line":227,"column":70}},{"start":{"line":227,"column":70},"end":{"line":227,"column":null}}],"line":227},"51":{"loc":{"start":{"line":230,"column":20},"end":{"line":230,"column":null}},"type":"cond-expr","locations":[{"start":{"line":230,"column":37},"end":{"line":230,"column":67}},{"start":{"line":230,"column":67},"end":{"line":230,"column":null}}],"line":230},"52":{"loc":{"start":{"line":231,"column":20},"end":{"line":231,"column":null}},"type":"cond-expr","locations":[{"start":{"line":231,"column":40},"end":{"line":231,"column":76}},{"start":{"line":231,"column":76},"end":{"line":231,"column":null}}],"line":231},"53":{"loc":{"start":{"line":232,"column":20},"end":{"line":232,"column":null}},"type":"cond-expr","locations":[{"start":{"line":232,"column":38},"end":{"line":232,"column":70}},{"start":{"line":232,"column":70},"end":{"line":232,"column":null}}],"line":232},"54":{"loc":{"start":{"line":233,"column":20},"end":{"line":233,"column":null}},"type":"cond-expr","locations":[{"start":{"line":233,"column":38},"end":{"line":233,"column":70}},{"start":{"line":233,"column":70},"end":{"line":233,"column":null}}],"line":233},"55":{"loc":{"start":{"line":239,"column":8},"end":{"line":245,"column":null}},"type":"if","locations":[{"start":{"line":239,"column":8},"end":{"line":245,"column":null}},{"start":{},"end":{}}],"line":239},"56":{"loc":{"start":{"line":253,"column":12},"end":{"line":253,"column":120}},"type":"cond-expr","locations":[{"start":{"line":253,"column":32},"end":{"line":253,"column":90}},{"start":{"line":253,"column":90},"end":{"line":253,"column":120}}],"line":253},"57":{"loc":{"start":{"line":259,"column":12},"end":{"line":259,"column":66}},"type":"cond-expr","locations":[{"start":{"line":259,"column":35},"end":{"line":259,"column":49}},{"start":{"line":259,"column":49},"end":{"line":259,"column":66}}],"line":259},"58":{"loc":{"start":{"line":264,"column":4},"end":{"line":266,"column":null}},"type":"cond-expr","locations":[{"start":{"line":265,"column":8},"end":{"line":265,"column":null}},{"start":{"line":266,"column":8},"end":{"line":266,"column":null}}],"line":264},"59":{"loc":{"start":{"line":265,"column":8},"end":{"line":265,"column":null}},"type":"binary-expr","locations":[{"start":{"line":265,"column":8},"end":{"line":265,"column":26}},{"start":{"line":265,"column":26},"end":{"line":265,"column":null}}],"line":265},"60":{"loc":{"start":{"line":265,"column":26},"end":{"line":265,"column":null}},"type":"cond-expr","locations":[{"start":{"line":265,"column":45},"end":{"line":265,"column":62}},{"start":{"line":265,"column":62},"end":{"line":265,"column":null}}],"line":265},"61":{"loc":{"start":{"line":271,"column":28},"end":{"line":271,"column":null}},"type":"binary-expr","locations":[{"start":{"line":271,"column":28},"end":{"line":271,"column":40}},{"start":{"line":271,"column":40},"end":{"line":271,"column":null}}],"line":271},"62":{"loc":{"start":{"line":277,"column":4},"end":{"line":278,"column":null}},"type":"if","locations":[{"start":{"line":277,"column":4},"end":{"line":278,"column":null}},{"start":{"line":278,"column":9},"end":{"line":278,"column":null}}],"line":277},"63":{"loc":{"start":{"line":281,"column":99},"end":{"line":281,"column":134}},"type":"cond-expr","locations":[{"start":{"line":281,"column":111},"end":{"line":281,"column":132}},{"start":{"line":281,"column":132},"end":{"line":281,"column":134}}],"line":281},"64":{"loc":{"start":{"line":290,"column":23},"end":{"line":290,"column":null}},"type":"binary-expr","locations":[{"start":{"line":290,"column":23},"end":{"line":290,"column":43}},{"start":{"line":290,"column":43},"end":{"line":290,"column":null}}],"line":290},"65":{"loc":{"start":{"line":297,"column":20},"end":{"line":297,"column":null}},"type":"cond-expr","locations":[{"start":{"line":297,"column":31},"end":{"line":297,"column":59}},{"start":{"line":297,"column":59},"end":{"line":297,"column":null}}],"line":297},"66":{"loc":{"start":{"line":305,"column":21},"end":{"line":305,"column":80}},"type":"cond-expr","locations":[{"start":{"line":305,"column":32},"end":{"line":305,"column":60}},{"start":{"line":305,"column":60},"end":{"line":305,"column":80}}],"line":305},"67":{"loc":{"start":{"line":306,"column":131},"end":{"line":306,"column":257}},"type":"cond-expr","locations":[{"start":{"line":306,"column":144},"end":{"line":306,"column":199}},{"start":{"line":306,"column":199},"end":{"line":306,"column":257}}],"line":306},"68":{"loc":{"start":{"line":307,"column":17},"end":{"line":307,"column":null}},"type":"cond-expr","locations":[{"start":{"line":307,"column":30},"end":{"line":307,"column":73}},{"start":{"line":307,"column":71},"end":{"line":307,"column":null}}],"line":307},"69":{"loc":{"start":{"line":310,"column":49},"end":{"line":310,"column":80}},"type":"binary-expr","locations":[{"start":{"line":310,"column":49},"end":{"line":310,"column":69}},{"start":{"line":310,"column":69},"end":{"line":310,"column":80}}],"line":310},"70":{"loc":{"start":{"line":315,"column":129},"end":{"line":315,"column":240}},"type":"cond-expr","locations":[{"start":{"line":315,"column":140},"end":{"line":315,"column":170}},{"start":{"line":315,"column":170},"end":{"line":315,"column":240}}],"line":315},"71":{"loc":{"start":{"line":315,"column":170},"end":{"line":315,"column":240}},"type":"cond-expr","locations":[{"start":{"line":315,"column":183},"end":{"line":315,"column":212}},{"start":{"line":315,"column":212},"end":{"line":315,"column":240}}],"line":315},"72":{"loc":{"start":{"line":316,"column":19},"end":{"line":316,"column":null}},"type":"cond-expr","locations":[{"start":{"line":316,"column":30},"end":{"line":316,"column":56}},{"start":{"line":316,"column":52},"end":{"line":316,"column":null}}],"line":316},"73":{"loc":{"start":{"line":318,"column":60},"end":{"line":318,"column":108}},"type":"cond-expr","locations":[{"start":{"line":318,"column":73},"end":{"line":318,"column":92}},{"start":{"line":318,"column":92},"end":{"line":318,"column":108}}],"line":318},"74":{"loc":{"start":{"line":319,"column":17},"end":{"line":319,"column":null}},"type":"binary-expr","locations":[{"start":{"line":319,"column":17},"end":{"line":319,"column":41}},{"start":{"line":319,"column":41},"end":{"line":319,"column":null}}],"line":319},"75":{"loc":{"start":{"line":326,"column":11},"end":{"line":335,"column":null}},"type":"binary-expr","locations":[{"start":{"line":326,"column":11},"end":{"line":326,"column":31}},{"start":{"line":326,"column":31},"end":{"line":326,"column":null}},{"start":{"line":327,"column":12},"end":{"line":335,"column":null}}],"line":326},"76":{"loc":{"start":{"line":332,"column":17},"end":{"line":332,"column":null}},"type":"binary-expr","locations":[{"start":{"line":332,"column":17},"end":{"line":332,"column":29}},{"start":{"line":332,"column":29},"end":{"line":332,"column":null}}],"line":332},"77":{"loc":{"start":{"line":333,"column":23},"end":{"line":333,"column":44}},"type":"cond-expr","locations":[{"start":{"line":333,"column":34},"end":{"line":333,"column":40}},{"start":{"line":333,"column":40},"end":{"line":333,"column":44}}],"line":333},"78":{"loc":{"start":{"line":337,"column":11},"end":{"line":340,"column":null}},"type":"binary-expr","locations":[{"start":{"line":337,"column":11},"end":{"line":337,"column":null}},{"start":{"line":338,"column":12},"end":{"line":340,"column":null}}],"line":337},"79":{"loc":{"start":{"line":342,"column":11},"end":{"line":345,"column":null}},"type":"binary-expr","locations":[{"start":{"line":342,"column":11},"end":{"line":342,"column":23}},{"start":{"line":342,"column":23},"end":{"line":342,"column":null}},{"start":{"line":343,"column":12},"end":{"line":345,"column":null}}],"line":342},"80":{"loc":{"start":{"line":348,"column":11},"end":{"line":675,"column":null}},"type":"binary-expr","locations":[{"start":{"line":348,"column":11},"end":{"line":348,"column":null}},{"start":{"line":349,"column":12},"end":{"line":675,"column":null}}],"line":348},"81":{"loc":{"start":{"line":355,"column":21},"end":{"line":355,"column":null}},"type":"binary-expr","locations":[{"start":{"line":355,"column":21},"end":{"line":355,"column":32}},{"start":{"line":355,"column":32},"end":{"line":355,"column":null}}],"line":355},"82":{"loc":{"start":{"line":356,"column":21},"end":{"line":356,"column":null}},"type":"binary-expr","locations":[{"start":{"line":356,"column":21},"end":{"line":356,"column":32}},{"start":{"line":356,"column":32},"end":{"line":356,"column":null}}],"line":356},"83":{"loc":{"start":{"line":362,"column":192},"end":{"line":362,"column":250}},"type":"cond-expr","locations":[{"start":{"line":362,"column":205},"end":{"line":362,"column":234}},{"start":{"line":362,"column":234},"end":{"line":362,"column":250}}],"line":362},"84":{"loc":{"start":{"line":362,"column":254},"end":{"line":362,"column":298}},"type":"cond-expr","locations":[{"start":{"line":362,"column":269},"end":{"line":362,"column":282}},{"start":{"line":362,"column":282},"end":{"line":362,"column":298}}],"line":362},"85":{"loc":{"start":{"line":367,"column":15},"end":{"line":644,"column":null}},"type":"cond-expr","locations":[{"start":{"line":368,"column":16},"end":{"line":644,"column":17}},{"start":{"line":644,"column":16},"end":{"line":644,"column":null}}],"line":367},"86":{"loc":{"start":{"line":376,"column":21},"end":{"line":410,"column":null}},"type":"cond-expr","locations":[{"start":{"line":377,"column":22},"end":{"line":398,"column":23}},{"start":{"line":398,"column":22},"end":{"line":410,"column":null}}],"line":376},"87":{"loc":{"start":{"line":376,"column":21},"end":{"line":376,"column":null}},"type":"binary-expr","locations":[{"start":{"line":376,"column":21},"end":{"line":376,"column":41}},{"start":{"line":376,"column":41},"end":{"line":376,"column":null}}],"line":376},"88":{"loc":{"start":{"line":383,"column":28},"end":{"line":386,"column":null}},"type":"if","locations":[{"start":{"line":383,"column":28},"end":{"line":386,"column":null}},{"start":{},"end":{}}],"line":383},"89":{"loc":{"start":{"line":384,"column":30},"end":{"line":384,"column":null}},"type":"if","locations":[{"start":{"line":384,"column":30},"end":{"line":384,"column":null}},{"start":{},"end":{}}],"line":384},"90":{"loc":{"start":{"line":385,"column":40},"end":{"line":385,"column":69}},"type":"binary-expr","locations":[{"start":{"line":385,"column":40},"end":{"line":385,"column":63}},{"start":{"line":385,"column":63},"end":{"line":385,"column":69}}],"line":385},"91":{"loc":{"start":{"line":392,"column":44},"end":{"line":392,"column":null}},"type":"cond-expr","locations":[{"start":{"line":392,"column":58},"end":{"line":392,"column":65}},{"start":{"line":392,"column":65},"end":{"line":392,"column":null}}],"line":392},"92":{"loc":{"start":{"line":399,"column":25},"end":{"line":406,"column":null}},"type":"cond-expr","locations":[{"start":{"line":400,"column":26},"end":{"line":406,"column":27}},{"start":{"line":406,"column":26},"end":{"line":406,"column":null}}],"line":399},"93":{"loc":{"start":{"line":399,"column":25},"end":{"line":399,"column":null}},"type":"binary-expr","locations":[{"start":{"line":399,"column":25},"end":{"line":399,"column":48}},{"start":{"line":399,"column":48},"end":{"line":399,"column":null}}],"line":399},"94":{"loc":{"start":{"line":417,"column":22},"end":{"line":421,"column":null}},"type":"cond-expr","locations":[{"start":{"line":418,"column":26},"end":{"line":418,"column":null}},{"start":{"line":419,"column":26},"end":{"line":421,"column":null}}],"line":417},"95":{"loc":{"start":{"line":419,"column":26},"end":{"line":421,"column":null}},"type":"cond-expr","locations":[{"start":{"line":420,"column":28},"end":{"line":420,"column":null}},{"start":{"line":421,"column":28},"end":{"line":421,"column":null}}],"line":419},"96":{"loc":{"start":{"line":424,"column":21},"end":{"line":448,"column":null}},"type":"cond-expr","locations":[{"start":{"line":425,"column":22},"end":{"line":435,"column":32}},{"start":{"line":435,"column":24},"end":{"line":448,"column":null}}],"line":424},"97":{"loc":{"start":{"line":428,"column":27},"end":{"line":428,"column":null}},"type":"binary-expr","locations":[{"start":{"line":428,"column":27},"end":{"line":428,"column":89}},{"start":{"line":428,"column":89},"end":{"line":428,"column":null}}],"line":428},"98":{"loc":{"start":{"line":430,"column":25},"end":{"line":431,"column":null}},"type":"binary-expr","locations":[{"start":{"line":430,"column":25},"end":{"line":430,"column":null}},{"start":{"line":431,"column":26},"end":{"line":431,"column":null}}],"line":430},"99":{"loc":{"start":{"line":430,"column":55},"end":{"line":430,"column":87}},"type":"binary-expr","locations":[{"start":{"line":430,"column":55},"end":{"line":430,"column":76}},{"start":{"line":430,"column":76},"end":{"line":430,"column":87}}],"line":430},"100":{"loc":{"start":{"line":435,"column":24},"end":{"line":448,"column":null}},"type":"cond-expr","locations":[{"start":{"line":436,"column":22},"end":{"line":443,"column":24}},{"start":{"line":443,"column":22},"end":{"line":448,"column":null}}],"line":435},"101":{"loc":{"start":{"line":440,"column":25},"end":{"line":440,"column":81}},"type":"binary-expr","locations":[{"start":{"line":440,"column":25},"end":{"line":440,"column":37}},{"start":{"line":440,"column":37},"end":{"line":440,"column":81}}],"line":440},"102":{"loc":{"start":{"line":461,"column":19},"end":{"line":472,"column":null}},"type":"binary-expr","locations":[{"start":{"line":461,"column":19},"end":{"line":461,"column":39}},{"start":{"line":461,"column":39},"end":{"line":461,"column":null}},{"start":{"line":462,"column":20},"end":{"line":472,"column":null}}],"line":461},"103":{"loc":{"start":{"line":463,"column":23},"end":{"line":470,"column":null}},"type":"cond-expr","locations":[{"start":{"line":464,"column":24},"end":{"line":470,"column":25}},{"start":{"line":470,"column":24},"end":{"line":470,"column":null}}],"line":463},"104":{"loc":{"start":{"line":463,"column":23},"end":{"line":463,"column":null}},"type":"binary-expr","locations":[{"start":{"line":463,"column":23},"end":{"line":463,"column":46}},{"start":{"line":463,"column":46},"end":{"line":463,"column":null}}],"line":463},"105":{"loc":{"start":{"line":479,"column":23},"end":{"line":484,"column":null}},"type":"binary-expr","locations":[{"start":{"line":479,"column":23},"end":{"line":479,"column":35}},{"start":{"line":479,"column":35},"end":{"line":479,"column":null}},{"start":{"line":480,"column":24},"end":{"line":484,"column":null}}],"line":479},"106":{"loc":{"start":{"line":486,"column":21},"end":{"line":490,"column":null}},"type":"binary-expr","locations":[{"start":{"line":486,"column":21},"end":{"line":486,"column":null}},{"start":{"line":487,"column":22},"end":{"line":490,"column":null}}],"line":486},"107":{"loc":{"start":{"line":493,"column":21},"end":{"line":497,"column":null}},"type":"binary-expr","locations":[{"start":{"line":493,"column":21},"end":{"line":493,"column":35}},{"start":{"line":493,"column":35},"end":{"line":493,"column":48}},{"start":{"line":493,"column":48},"end":{"line":493,"column":null}},{"start":{"line":494,"column":22},"end":{"line":497,"column":null}}],"line":493},"108":{"loc":{"start":{"line":500,"column":21},"end":{"line":503,"column":null}},"type":"binary-expr","locations":[{"start":{"line":500,"column":21},"end":{"line":500,"column":35}},{"start":{"line":500,"column":35},"end":{"line":500,"column":48}},{"start":{"line":500,"column":48},"end":{"line":500,"column":null}},{"start":{"line":501,"column":22},"end":{"line":503,"column":null}}],"line":500},"109":{"loc":{"start":{"line":506,"column":21},"end":{"line":570,"column":null}},"type":"binary-expr","locations":[{"start":{"line":506,"column":21},"end":{"line":506,"column":35}},{"start":{"line":506,"column":35},"end":{"line":506,"column":null}},{"start":{"line":507,"column":22},"end":{"line":570,"column":null}}],"line":506},"110":{"loc":{"start":{"line":512,"column":29},"end":{"line":513,"column":null}},"type":"binary-expr","locations":[{"start":{"line":512,"column":29},"end":{"line":512,"column":58}},{"start":{"line":512,"column":58},"end":{"line":513,"column":null}}],"line":512},"111":{"loc":{"start":{"line":514,"column":27},"end":{"line":517,"column":null}},"type":"binary-expr","locations":[{"start":{"line":514,"column":27},"end":{"line":514,"column":null}},{"start":{"line":515,"column":28},"end":{"line":517,"column":null}}],"line":514},"112":{"loc":{"start":{"line":522,"column":27},"end":{"line":523,"column":null}},"type":"binary-expr","locations":[{"start":{"line":522,"column":27},"end":{"line":522,"column":null}},{"start":{"line":523,"column":28},"end":{"line":523,"column":null}}],"line":522},"113":{"loc":{"start":{"line":525,"column":27},"end":{"line":526,"column":null}},"type":"binary-expr","locations":[{"start":{"line":525,"column":27},"end":{"line":525,"column":null}},{"start":{"line":526,"column":28},"end":{"line":526,"column":null}}],"line":525},"114":{"loc":{"start":{"line":528,"column":27},"end":{"line":529,"column":null}},"type":"binary-expr","locations":[{"start":{"line":528,"column":27},"end":{"line":528,"column":null}},{"start":{"line":529,"column":28},"end":{"line":529,"column":null}}],"line":528},"115":{"loc":{"start":{"line":531,"column":27},"end":{"line":532,"column":null}},"type":"binary-expr","locations":[{"start":{"line":531,"column":27},"end":{"line":531,"column":null}},{"start":{"line":532,"column":28},"end":{"line":532,"column":null}}],"line":531},"116":{"loc":{"start":{"line":538,"column":99},"end":{"line":538,"column":159}},"type":"cond-expr","locations":[{"start":{"line":538,"column":116},"end":{"line":538,"column":150}},{"start":{"line":538,"column":150},"end":{"line":538,"column":159}}],"line":538},"117":{"loc":{"start":{"line":541,"column":90},"end":{"line":541,"column":191}},"type":"cond-expr","locations":[{"start":{"line":541,"column":120},"end":{"line":541,"column":185}},{"start":{"line":541,"column":185},"end":{"line":541,"column":191}}],"line":541},"118":{"loc":{"start":{"line":546,"column":25},"end":{"line":552,"column":null}},"type":"binary-expr","locations":[{"start":{"line":546,"column":25},"end":{"line":546,"column":null}},{"start":{"line":547,"column":26},"end":{"line":552,"column":null}}],"line":546},"119":{"loc":{"start":{"line":558,"column":29},"end":{"line":558,"column":null}},"type":"binary-expr","locations":[{"start":{"line":558,"column":29},"end":{"line":558,"column":66}},{"start":{"line":558,"column":66},"end":{"line":558,"column":null}}],"line":558},"120":{"loc":{"start":{"line":558,"column":120},"end":{"line":558,"column":null}},"type":"cond-expr","locations":[{"start":{"line":558,"column":156},"end":{"line":558,"column":162}},{"start":{"line":558,"column":162},"end":{"line":558,"column":null}}],"line":558},"121":{"loc":{"start":{"line":560,"column":27},"end":{"line":569,"column":null}},"type":"cond-expr","locations":[{"start":{"line":561,"column":28},"end":{"line":565,"column":29}},{"start":{"line":565,"column":28},"end":{"line":569,"column":null}}],"line":560},"122":{"loc":{"start":{"line":576,"column":21},"end":{"line":627,"column":null}},"type":"binary-expr","locations":[{"start":{"line":576,"column":21},"end":{"line":576,"column":null}},{"start":{"line":577,"column":22},"end":{"line":627,"column":null}}],"line":576},"123":{"loc":{"start":{"line":587,"column":30},"end":{"line":589,"column":null}},"type":"cond-expr","locations":[{"start":{"line":588,"column":34},"end":{"line":588,"column":null}},{"start":{"line":589,"column":34},"end":{"line":589,"column":null}}],"line":587},"124":{"loc":{"start":{"line":594,"column":28},"end":{"line":594,"column":64}},"type":"binary-expr","locations":[{"start":{"line":594,"column":28},"end":{"line":594,"column":62}},{"start":{"line":594,"column":62},"end":{"line":594,"column":64}}],"line":594},"125":{"loc":{"start":{"line":600,"column":39},"end":{"line":600,"column":null}},"type":"binary-expr","locations":[{"start":{"line":600,"column":39},"end":{"line":600,"column":49}},{"start":{"line":600,"column":49},"end":{"line":600,"column":null}}],"line":600},"126":{"loc":{"start":{"line":604,"column":34},"end":{"line":606,"column":null}},"type":"cond-expr","locations":[{"start":{"line":605,"column":38},"end":{"line":605,"column":null}},{"start":{"line":606,"column":38},"end":{"line":606,"column":null}}],"line":604},"127":{"loc":{"start":{"line":610,"column":33},"end":{"line":610,"column":null}},"type":"binary-expr","locations":[{"start":{"line":610,"column":33},"end":{"line":610,"column":48}},{"start":{"line":610,"column":48},"end":{"line":610,"column":null}}],"line":610},"128":{"loc":{"start":{"line":614,"column":28},"end":{"line":617,"column":null}},"type":"binary-expr","locations":[{"start":{"line":614,"column":28},"end":{"line":614,"column":null}},{"start":{"line":615,"column":28},"end":{"line":617,"column":null}}],"line":614},"129":{"loc":{"start":{"line":614,"column":28},"end":{"line":614,"column":64}},"type":"binary-expr","locations":[{"start":{"line":614,"column":28},"end":{"line":614,"column":62}},{"start":{"line":614,"column":62},"end":{"line":614,"column":64}}],"line":614},"130":{"loc":{"start":{"line":620,"column":25},"end":{"line":625,"column":null}},"type":"binary-expr","locations":[{"start":{"line":620,"column":25},"end":{"line":620,"column":null}},{"start":{"line":621,"column":26},"end":{"line":625,"column":null}}],"line":620},"131":{"loc":{"start":{"line":632,"column":20},"end":{"line":640,"column":null}},"type":"binary-expr","locations":[{"start":{"line":632,"column":20},"end":{"line":632,"column":34}},{"start":{"line":632,"column":34},"end":{"line":632,"column":null}},{"start":{"line":633,"column":20},"end":{"line":640,"column":null}}],"line":632},"132":{"loc":{"start":{"line":644,"column":26},"end":{"line":644,"column":73}},"type":"cond-expr","locations":[{"start":{"line":644,"column":37},"end":{"line":644,"column":64}},{"start":{"line":644,"column":64},"end":{"line":644,"column":73}}],"line":644},"133":{"loc":{"start":{"line":647,"column":15},"end":{"line":673,"column":null}},"type":"binary-expr","locations":[{"start":{"line":647,"column":15},"end":{"line":647,"column":null}},{"start":{"line":648,"column":16},"end":{"line":673,"column":null}}],"line":647},"134":{"loc":{"start":{"line":661,"column":30},"end":{"line":661,"column":null}},"type":"binary-expr","locations":[{"start":{"line":661,"column":30},"end":{"line":661,"column":42}},{"start":{"line":661,"column":42},"end":{"line":661,"column":62}},{"start":{"line":661,"column":62},"end":{"line":661,"column":null}}],"line":661},"135":{"loc":{"start":{"line":666,"column":22},"end":{"line":666,"column":null}},"type":"if","locations":[{"start":{"line":666,"column":22},"end":{"line":666,"column":null}},{"start":{},"end":{}}],"line":666},"136":{"loc":{"start":{"line":666,"column":26},"end":{"line":666,"column":68}},"type":"binary-expr","locations":[{"start":{"line":666,"column":26},"end":{"line":666,"column":39}},{"start":{"line":666,"column":39},"end":{"line":666,"column":58}},{"start":{"line":666,"column":58},"end":{"line":666,"column":68}}],"line":666},"137":{"loc":{"start":{"line":671,"column":21},"end":{"line":671,"column":null}},"type":"cond-expr","locations":[{"start":{"line":671,"column":40},"end":{"line":671,"column":55}},{"start":{"line":671,"column":55},"end":{"line":671,"column":null}}],"line":671},"138":{"loc":{"start":{"line":679,"column":11},"end":{"line":702,"column":null}},"type":"binary-expr","locations":[{"start":{"line":679,"column":11},"end":{"line":679,"column":null}},{"start":{"line":680,"column":12},"end":{"line":702,"column":null}}],"line":679},"139":{"loc":{"start":{"line":682,"column":26},"end":{"line":682,"column":91}},"type":"cond-expr","locations":[{"start":{"line":682,"column":37},"end":{"line":682,"column":73}},{"start":{"line":682,"column":73},"end":{"line":682,"column":91}}],"line":682},"140":{"loc":{"start":{"line":685,"column":24},"end":{"line":685,"column":96}},"type":"cond-expr","locations":[{"start":{"line":685,"column":35},"end":{"line":685,"column":69}},{"start":{"line":685,"column":69},"end":{"line":685,"column":96}}],"line":685},"141":{"loc":{"start":{"line":688,"column":15},"end":{"line":700,"column":null}},"type":"binary-expr","locations":[{"start":{"line":688,"column":15},"end":{"line":688,"column":31}},{"start":{"line":688,"column":31},"end":{"line":688,"column":null}},{"start":{"line":689,"column":16},"end":{"line":700,"column":null}}],"line":688},"142":{"loc":{"start":{"line":706,"column":11},"end":{"line":771,"column":null}},"type":"binary-expr","locations":[{"start":{"line":706,"column":11},"end":{"line":706,"column":null}},{"start":{"line":707,"column":12},"end":{"line":771,"column":null}}],"line":706},"143":{"loc":{"start":{"line":708,"column":15},"end":{"line":711,"column":null}},"type":"binary-expr","locations":[{"start":{"line":708,"column":15},"end":{"line":708,"column":null}},{"start":{"line":709,"column":16},"end":{"line":711,"column":null}}],"line":708},"144":{"loc":{"start":{"line":713,"column":15},"end":{"line":722,"column":null}},"type":"binary-expr","locations":[{"start":{"line":713,"column":15},"end":{"line":713,"column":null}},{"start":{"line":714,"column":16},"end":{"line":722,"column":null}}],"line":713},"145":{"loc":{"start":{"line":730,"column":15},"end":{"line":769,"column":null}},"type":"cond-expr","locations":[{"start":{"line":731,"column":16},"end":{"line":735,"column":17}},{"start":{"line":735,"column":16},"end":{"line":769,"column":null}}],"line":730},"146":{"loc":{"start":{"line":746,"column":30},"end":{"line":746,"column":null}},"type":"cond-expr","locations":[{"start":{"line":746,"column":41},"end":{"line":746,"column":54}},{"start":{"line":746,"column":54},"end":{"line":746,"column":null}}],"line":746},"147":{"loc":{"start":{"line":755,"column":74},"end":{"line":755,"column":157}},"type":"cond-expr","locations":[{"start":{"line":755,"column":85},"end":{"line":755,"column":120}},{"start":{"line":755,"column":120},"end":{"line":755,"column":157}}],"line":755},"148":{"loc":{"start":{"line":775,"column":11},"end":{"line":781,"column":null}},"type":"binary-expr","locations":[{"start":{"line":775,"column":11},"end":{"line":775,"column":null}},{"start":{"line":776,"column":12},"end":{"line":781,"column":null}}],"line":775},"149":{"loc":{"start":{"line":785,"column":11},"end":{"line":805,"column":null}},"type":"binary-expr","locations":[{"start":{"line":785,"column":11},"end":{"line":785,"column":null}},{"start":{"line":786,"column":12},"end":{"line":805,"column":null}}],"line":785},"150":{"loc":{"start":{"line":789,"column":26},"end":{"line":789,"column":68}},"type":"cond-expr","locations":[{"start":{"line":789,"column":44},"end":{"line":789,"column":59}},{"start":{"line":789,"column":59},"end":{"line":789,"column":68}}],"line":789},"151":{"loc":{"start":{"line":789,"column":75},"end":{"line":789,"column":111}},"type":"cond-expr","locations":[{"start":{"line":789,"column":93},"end":{"line":789,"column":103}},{"start":{"line":789,"column":103},"end":{"line":789,"column":111}}],"line":789},"152":{"loc":{"start":{"line":790,"column":15},"end":{"line":790,"column":null}},"type":"binary-expr","locations":[{"start":{"line":790,"column":15},"end":{"line":790,"column":33}},{"start":{"line":790,"column":33},"end":{"line":790,"column":52}},{"start":{"line":790,"column":52},"end":{"line":790,"column":null}}],"line":790},"153":{"loc":{"start":{"line":791,"column":15},"end":{"line":795,"column":null}},"type":"binary-expr","locations":[{"start":{"line":791,"column":15},"end":{"line":791,"column":27}},{"start":{"line":791,"column":27},"end":{"line":791,"column":null}},{"start":{"line":792,"column":16},"end":{"line":795,"column":null}}],"line":791},"154":{"loc":{"start":{"line":794,"column":82},"end":{"line":794,"column":149}},"type":"cond-expr","locations":[{"start":{"line":794,"column":110},"end":{"line":794,"column":144}},{"start":{"line":794,"column":144},"end":{"line":794,"column":149}}],"line":794},"155":{"loc":{"start":{"line":794,"column":149},"end":{"line":794,"column":null}},"type":"cond-expr","locations":[{"start":{"line":794,"column":175},"end":{"line":794,"column":209}},{"start":{"line":794,"column":209},"end":{"line":794,"column":null}}],"line":794},"156":{"loc":{"start":{"line":797,"column":16},"end":{"line":798,"column":null}},"type":"binary-expr","locations":[{"start":{"line":797,"column":16},"end":{"line":797,"column":30}},{"start":{"line":797,"column":30},"end":{"line":797,"column":42}},{"start":{"line":797,"column":42},"end":{"line":797,"column":null}},{"start":{"line":798,"column":16},"end":{"line":798,"column":null}}],"line":797},"157":{"loc":{"start":{"line":800,"column":15},"end":{"line":800,"column":null}},"type":"binary-expr","locations":[{"start":{"line":800,"column":15},"end":{"line":800,"column":23}},{"start":{"line":800,"column":23},"end":{"line":800,"column":null}}],"line":800},"158":{"loc":{"start":{"line":801,"column":15},"end":{"line":801,"column":null}},"type":"binary-expr","locations":[{"start":{"line":801,"column":15},"end":{"line":801,"column":32}},{"start":{"line":801,"column":32},"end":{"line":801,"column":null}}],"line":801},"159":{"loc":{"start":{"line":802,"column":15},"end":{"line":802,"column":null}},"type":"binary-expr","locations":[{"start":{"line":802,"column":15},"end":{"line":802,"column":30}},{"start":{"line":802,"column":30},"end":{"line":802,"column":null}}],"line":802},"160":{"loc":{"start":{"line":804,"column":41},"end":{"line":804,"column":133}},"type":"cond-expr","locations":[{"start":{"line":804,"column":67},"end":{"line":804,"column":124}},{"start":{"line":804,"column":124},"end":{"line":804,"column":133}}],"line":804},"161":{"loc":{"start":{"line":804,"column":41},"end":{"line":804,"column":67}},"type":"binary-expr","locations":[{"start":{"line":804,"column":41},"end":{"line":804,"column":54}},{"start":{"line":804,"column":54},"end":{"line":804,"column":67}}],"line":804},"162":{"loc":{"start":{"line":804,"column":70},"end":{"line":804,"column":87}},"type":"binary-expr","locations":[{"start":{"line":804,"column":70},"end":{"line":804,"column":83}},{"start":{"line":804,"column":83},"end":{"line":804,"column":87}}],"line":804},"163":{"loc":{"start":{"line":804,"column":99},"end":{"line":804,"column":117}},"type":"binary-expr","locations":[{"start":{"line":804,"column":99},"end":{"line":804,"column":113}},{"start":{"line":804,"column":113},"end":{"line":804,"column":117}}],"line":804},"164":{"loc":{"start":{"line":811,"column":87},"end":{"line":811,"column":112}},"type":"binary-expr","locations":[{"start":{"line":811,"column":87},"end":{"line":811,"column":101}},{"start":{"line":811,"column":101},"end":{"line":811,"column":112}}],"line":811},"165":{"loc":{"start":{"line":813,"column":13},"end":{"line":813,"column":null}},"type":"binary-expr","locations":[{"start":{"line":813,"column":13},"end":{"line":813,"column":32}},{"start":{"line":813,"column":32},"end":{"line":813,"column":null}}],"line":813},"166":{"loc":{"start":{"line":813,"column":83},"end":{"line":813,"column":136}},"type":"cond-expr","locations":[{"start":{"line":813,"column":100},"end":{"line":813,"column":118}},{"start":{"line":813,"column":118},"end":{"line":813,"column":136}}],"line":813},"167":{"loc":{"start":{"line":814,"column":13},"end":{"line":814,"column":null}},"type":"binary-expr","locations":[{"start":{"line":814,"column":13},"end":{"line":814,"column":31}},{"start":{"line":814,"column":31},"end":{"line":814,"column":null}}],"line":814},"168":{"loc":{"start":{"line":815,"column":63},"end":{"line":815,"column":null}},"type":"binary-expr","locations":[{"start":{"line":815,"column":63},"end":{"line":815,"column":75}},{"start":{"line":815,"column":75},"end":{"line":815,"column":95}},{"start":{"line":815,"column":95},"end":{"line":815,"column":null}}],"line":815},"169":{"loc":{"start":{"line":816,"column":15},"end":{"line":816,"column":null}},"type":"cond-expr","locations":[{"start":{"line":816,"column":44},"end":{"line":816,"column":116}},{"start":{"line":816,"column":114},"end":{"line":816,"column":null}}],"line":816},"170":{"loc":{"start":{"line":816,"column":44},"end":{"line":816,"column":116}},"type":"cond-expr","locations":[{"start":{"line":816,"column":63},"end":{"line":816,"column":78}},{"start":{"line":816,"column":78},"end":{"line":816,"column":116}}],"line":816},"171":{"loc":{"start":{"line":838,"column":53},"end":{"line":838,"column":84}},"type":"binary-expr","locations":[{"start":{"line":838,"column":53},"end":{"line":838,"column":61}},{"start":{"line":838,"column":61},"end":{"line":838,"column":84}}],"line":838},"172":{"loc":{"start":{"line":838,"column":94},"end":{"line":838,"column":null}},"type":"binary-expr","locations":[{"start":{"line":838,"column":94},"end":{"line":838,"column":103}},{"start":{"line":838,"column":103},"end":{"line":838,"column":null}}],"line":838},"173":{"loc":{"start":{"line":839,"column":9},"end":{"line":839,"column":null}},"type":"binary-expr","locations":[{"start":{"line":839,"column":9},"end":{"line":839,"column":18}},{"start":{"line":839,"column":18},"end":{"line":839,"column":null}}],"line":839}},"s":{"0":1,"1":1085,"2":1085,"3":1085,"4":1085,"5":1085,"6":1085,"7":1085,"8":1085,"9":34,"10":1085,"11":34,"12":1085,"13":1085,"14":1085,"15":1085,"16":1085,"17":1085,"18":1085,"19":34,"20":34,"21":34,"22":34,"23":561,"24":1,"25":34,"26":34,"27":34,"28":34,"29":1085,"30":1085,"31":1085,"32":1085,"33":1085,"34":1085,"35":2,"36":1085,"37":23,"38":1085,"39":1085,"40":1085,"41":1085,"42":1085,"43":1085,"44":1085,"45":1085,"46":84,"47":1085,"48":1085,"49":1085,"50":1085,"51":1085,"52":1085,"53":1085,"54":1085,"55":1085,"56":1085,"57":1085,"58":1085,"59":1085,"60":1085,"61":1085,"62":7,"63":7,"64":7,"65":7,"66":6,"67":6,"68":5,"69":6,"70":6,"71":1,"72":1,"73":7,"74":1085,"75":486,"76":169,"77":317,"78":317,"79":0,"80":317,"81":317,"82":317,"83":7,"84":317,"85":317,"86":1085,"87":2,"88":0,"89":2,"90":2,"91":2,"92":2,"93":2,"94":2,"95":2,"96":2,"97":2,"98":2,"99":0,"100":2,"101":4,"102":4,"103":2,"104":2,"105":1085,"106":15,"107":15,"108":15,"109":15,"110":4,"111":8,"112":8,"113":4,"114":4,"115":4,"116":3,"117":11,"118":15,"119":15,"120":15,"121":2,"122":3,"123":0,"124":15,"125":15,"126":9,"127":4,"128":3,"129":9,"130":9,"131":12,"132":12,"133":12,"134":12,"135":12,"136":3,"137":3,"138":1085,"139":1085,"140":1085,"141":65,"142":65,"143":1085,"144":1,"145":1,"146":1085,"147":78,"148":78,"149":65,"150":13,"151":1085,"152":7,"153":7,"154":7,"155":1085,"156":1,"157":1,
[...]
r","locations":[{"start":{"line":189,"column":43},"end":{"line":189,"column":60}},{"start":{"line":189,"column":60},"end":{"line":189,"column":null}}],"line":189},"34":{"loc":{"start":{"line":191,"column":21},"end":{"line":192,"column":37}},"type":"cond-expr","locations":[{"start":{"line":191,"column":37},"end":{"line":191,"column":80}},{"start":{"line":191,"column":79},"end":{"line":192,"column":37}}],"line":191},"35":{"loc":{"start":{"line":192,"column":21},"end":{"line":192,"column":null}},"type":"cond-expr","locations":[{"start":{"line":192,"column":37},"end":{"line":192,"column":54}},{"start":{"line":192,"column":54},"end":{"line":192,"column":null}}],"line":192},"36":{"loc":{"start":{"line":207,"column":48},"end":{"line":207,"column":95}},"type":"cond-expr","locations":[{"start":{"line":207,"column":73},"end":{"line":207,"column":90}},{"start":{"line":207,"column":90},"end":{"line":207,"column":95}}],"line":207},"37":{"loc":{"start":{"line":220,"column":18},"end":{"line":222,"column":null}},"type":"cond-expr","locations":[{"start":{"line":221,"column":22},"end":{"line":221,"column":null}},{"start":{"line":222,"column":22},"end":{"line":222,"column":null}}],"line":220},"38":{"loc":{"start":{"line":234,"column":20},"end":{"line":236,"column":null}},"type":"cond-expr","locations":[{"start":{"line":235,"column":24},"end":{"line":235,"column":null}},{"start":{"line":236,"column":24},"end":{"line":236,"column":null}}],"line":234},"39":{"loc":{"start":{"line":262,"column":7},"end":{"line":401,"column":null}},"type":"cond-expr","locations":[{"start":{"line":263,"column":8},"end":{"line":267,"column":25}},{"start":{"line":267,"column":10},"end":{"line":401,"column":null}}],"line":262},"40":{"loc":{"start":{"line":267,"column":10},"end":{"line":401,"column":null}},"type":"cond-expr","locations":[{"start":{"line":268,"column":8},"end":{"line":272,"column":9}},{"start":{"line":272,"column":8},"end":{"line":401,"column":null}}],"line":267},"41":{"loc":{"start":{"line":303,"column":57},"end":{"line":303,"column":97}},"type":"cond-expr","locations":[{"start":{"line":303,"column":82},"end":{"line":303,"column":88}},{"start":{"line":303,"column":88},"end":{"line":303,"column":97}}],"line":303},"42":{"loc":{"start":{"line":304,"column":23},"end":{"line":305,"column":null}},"type":"binary-expr","locations":[{"start":{"line":304,"column":23},"end":{"line":304,"column":42}},{"start":{"line":304,"column":42},"end":{"line":305,"column":null}}],"line":304},"43":{"loc":{"start":{"line":307,"column":23},"end":{"line":307,"column":null}},"type":"cond-expr","locations":[{"start":{"line":307,"column":37},"end":{"line":307,"column":67}},{"start":{"line":307,"column":66},"end":{"line":307,"column":null}}],"line":307},"44":{"loc":{"start":{"line":313,"column":17},"end":{"line":398,"column":null}},"type":"binary-expr","locations":[{"start":{"line":313,"column":17},"end":{"line":313,"column":null}},{"start":{"line":314,"column":18},"end":{"line":398,"column":null}}],"line":313},"45":{"loc":{"start":{"line":323,"column":29},"end":{"line":330,"column":null}},"type":"cond-expr","locations":[{"start":{"line":324,"column":30},"end":{"line":328,"column":31}},{"start":{"line":328,"column":30},"end":{"line":330,"column":null}}],"line":323},"46":{"loc":{"start":{"line":335,"column":29},"end":{"line":338,"column":null}},"type":"binary-expr","locations":[{"start":{"line":335,"column":29},"end":{"line":335,"column":null}},{"start":{"line":336,"column":30},"end":{"line":338,"column":null}}],"line":335},"47":{"loc":{"start":{"line":341,"column":27},"end":{"line":342,"column":null}},"type":"binary-expr","locations":[{"start":{"line":341,"column":27},"end":{"line":341,"column":null}},{"start":{"line":342,"column":28},"end":{"line":342,"column":null}}],"line":341},"48":{"loc":{"start":{"line":344,"column":27},"end":{"line":351,"column":null}},"type":"binary-expr","locations":[{"start":{"line":344,"column":27},"end":{"line":344,"column":null}},{"start":{"line":345,"column":28},"end":{"line":351,"column":null}}],"line":344},"49":{"loc":{"start":{"line":360,"column":27},"end":{"line":393,"column":null}},"type":"binary-expr","locations":[{"start":{"line":360,"column":27},"end":{"line":360,"column":null}},{"start":{"line":361,"column":28},"end":{"line":393,"column":null}}],"line":360},"50":{"loc":{"start":{"line":370,"column":47},"end":{"line":370,"column":129}},"type":"cond-expr","locations":[{"start":{"line":370,"column":95},"end":{"line":370,"column":100}},{"start":{"line":370,"column":100},"end":{"line":370,"column":129}}],"line":370},"51":{"loc":{"start":{"line":377,"column":31},"end":{"line":391,"column":null}},"type":"binary-expr","locations":[{"start":{"line":377,"column":31},"end":{"line":377,"column":null}},{"start":{"line":378,"column":32},"end":{"line":391,"column":null}}],"line":377},"52":{"loc":{"start":{"line":381,"column":36},"end":{"line":383,"column":null}},"type":"if","locations":[{"start":{"line":381,"column":36},"end":{"line":383,"column":null}},{"start":{},"end":{}}],"line":381},"53":{"loc":{"start":{"line":405,"column":7},"end":{"line":462,"column":null}},"type":"binary-expr","locations":[{"start":{"line":405,"column":7},"end":{"line":405,"column":null}},{"start":{"line":406,"column":8},"end":{"line":462,"column":null}}],"line":405},"54":{"loc":{"start":{"line":414,"column":22},"end":{"line":414,"column":null}},"type":"cond-expr","locations":[{"start":{"line":414,"column":63},"end":{"line":414,"column":76}},{"start":{"line":414,"column":76},"end":{"line":414,"column":null}}],"line":414},"55":{"loc":{"start":{"line":414,"column":22},"end":{"line":414,"column":63}},"type":"binary-expr","locations":[{"start":{"line":414,"column":22},"end":{"line":414,"column":46}},{"start":{"line":414,"column":46},"end":{"line":414,"column":63}}],"line":414},"56":{"loc":{"start":{"line":418,"column":18},"end":{"line":420,"column":null}},"type":"cond-expr","locations":[{"start":{"line":419,"column":22},"end":{"line":419,"column":null}},{"start":{"line":420,"column":22},"end":{"line":420,"column":null}}],"line":418},"57":{"loc":{"start":{"line":418,"column":18},"end":{"line":418,"column":null}},"type":"binary-expr","locations":[{"start":{"line":418,"column":18},"end":{"line":418,"column":42}},{"start":{"line":418,"column":42},"end":{"line":418,"column":null}}],"line":418},"58":{"loc":{"start":{"line":425,"column":13},"end":{"line":426,"column":null}},"type":"binary-expr","locations":[{"start":{"line":425,"column":13},"end":{"line":425,"column":null}},{"start":{"line":426,"column":14},"end":{"line":426,"column":null}}],"line":425},"59":{"loc":{"start":{"line":437,"column":38},"end":{"line":437,"column":null}},"type":"binary-expr","locations":[{"start":{"line":437,"column":38},"end":{"line":437,"column":62}},{"start":{"line":437,"column":62},"end":{"line":437,"column":null}}],"line":437},"60":{"loc":{"start":{"line":439,"column":18},"end":{"line":439,"column":null}},"type":"if","locations":[{"start":{"line":439,"column":18},"end":{"line":439,"column":null}},{"start":{},"end":{}}],"line":439},"61":{"loc":{"start":{"line":440,"column":18},"end":{"line":440,"column":null}},"type":"if","locations":[{"start":{"line":440,"column":18},"end":{"line":440,"column":null}},{"start":{},"end":{}}],"line":440},"62":{"loc":{"start":{"line":440,"column":60},"end":{"line":440,"column":null}},"type":"binary-expr","locations":[{"start":{"line":440,"column":60},"end":{"line":440,"column":84}},{"start":{"line":440,"column":84},"end":{"line":440,"column":null}}],"line":440},"63":{"loc":{"start":{"line":441,"column":18},"end":{"line":448,"column":null}},"type":"if","locations":[{"start":{"line":441,"column":18},"end":{"line":448,"column":null}},{"start":{},"end":{}}],"line":441},"64":{"loc":{"start":{"line":451,"column":24},"end":{"line":451,"column":null}},"type":"cond-expr","locations":[{"start":{"line":451,"column":38},"end":{"line":451,"column":43}},{"start":{"line":451,"column":43},"end":{"line":451,"column":null}}],"line":451},"65":{"loc":{"start":{"line":466,"column":7},"end":{"line":574,"column":null}},"type":"binary-expr","locations":[{"start":{"line":466,"column":7},"end":{"line":466,"column":null}},{"start":{"line":467,"column":8},"end":{"line":574,"column":null}}],"line":466},"66":{"loc":{"start":{"line":484,"column":22},"end":{"line":484,"column":null}},"type":"cond-expr","locations":[{"start":{"line":484,"column":36},"end":{"line":484,"column":49}},{"start":{"line":484,"column":49},"end":{"line":484,"column":null}}],"line":484},"67":{"loc":{"start":{"line":555,"column":26},"end":{"line":555,"column":null}},"type":"binary-expr","locations":[{"start":{"line":555,"column":26},"end":{"line":555,"column":37}},{"start":{"line":555,"column":37},"end":{"line":555,"column":null}}],"line":555},"68":{"loc":{"start":{"line":565,"column":33},"end":{"line":565,"column":null}},"type":"binary-expr","locations":[{"start":{"line":565,"column":33},"end":{"line":565,"column":51}},{"start":{"line":565,"column":51},"end":{"line":565,"column":null}}],"line":565}},"s":{"0":1,"1":537,"2":74,"3":463,"4":74,"5":389,"6":92,"7":92,"8":92,"9":1,"10":91,"11":1,"12":90,"13":1,"14":89,"15":12,"16":77,"17":1,"18":76,"19":1,"20":75,"21":1,"22":74,"23":1,"24":73,"25":1,"26":72,"27":113,"28":113,"29":113,"30":113,"31":113,"32":113,"33":113,"34":113,"35":113,"36":113,"37":113,"38":113,"39":113,"40":113,"41":113,"42":113,"43":113,"44":113,"45":113,"46":21,"47":113,"48":7,"49":6,"50":6,"51":6,"52":6,"53":1,"54":113,"55":2,"56":1,"57":1,"58":6,"59":6,"60":6,"61":6,"62":6,"63":6,"64":6,"65":113,"66":113,"67":26,"68":26,"69":92,"70":92,"71":32,"72":92,"73":26,"74":27,"75":0,"76":27,"77":12,"78":15,"79":26,"80":32,"81":113,"82":58,"83":58,"84":96,"85":95,"86":39,"87":56,"88":196,"89":196,"90":196,"91":196,"92":160,"93":196,"94":56,"95":95,"96":113,"97":1,"98":1,"99":113,"100":2,"101":5,"102":1,"103":1,"104":212,"105":1,"106":30,"107":164,"108":164,"109":164,"110":522,"111":164,"112":1,"113":521,"114":438,"115":9,"116":9,"117":3,"118":2,"119":1,"120":5,"121":4,"122":5,"123":5,"124":5,"125":1,"126":5,"127":1,"128":5,"129":2,"130":2,"131":1,"132":1,"133":4,"134":1,"135":3,"136":2,"137":1,"138":1,"139":1,"140":1,"141":1,"142":1,"143":3,"144":4,"145":3},"f":{"0":537,"1":92,"2":113,"3":21,"4":7,"5":6,"6":1,"7":2,"8":1,"9":1,"10":6,"11":26,"12":27,"13":32,"14":58,"15":96,"16":95,"17":196,"18":160,"19":95,"20":1,"21":1,"22":2,"23":5,"24":1,"25":1,"26":212,"27":1,"28":30,"29":164,"30":522,"31":1,"32":521,"33":438,"34":9,"35":3,"36":1,"37":5,"38":4,"39":5,"40":1,"41":3,"42":2,"43":1,"44":1,"45":1,"46":1,"47":1,"48":1,"49":3,"50":4},"b":{"0":[74,463],"1":[537,463],"2":[74,389],"3":[92,77],"4":[1,91],"5":[92,91,91],"6":[1,90],"7":[91,91,90],"8":[1,89],"9":[90,90,90,90,90,90],"10":[12,77],"11":[89,89,77,77,77,77,77,77,77],"12":[1,76],"13":[77,77,77,77,77,76],"14":[1,75],"15":[76,76,75,75],"16":[1,74],"17":[75,75,75,74,74],"18":[1,73],"19":[74,74,74,73,73],"20":[1,72],"21":[1,0],"22":[1,0],"23":[113,13],"24":[32,60],"25":[0,27],"26":[12,15],"27":[96,2],"28":[39,56],"29":[196,112],"30":[196,179,179,178],"31":[113,111],"32":[12,99],"33":[12,99],"34":[12,99],"35":[12,99],"36":[13,100],"37":[112,1],"38":[1,211],"39":[13,100],"40":[22,78],"41":[72,92],"42":[164,78],"43":[1,163],"44":[164,163],"45":[77,444],"46":[521,72],"47":[521,219],"48":[521,219],"49":[521,514],"50":[2,7],"51":[514,443],"52":[2,1],"53":[113,14],"54":[1,13],"55":[14,2],"56":[2,12],"57":[14,2],"58":[14,8],"59":[5,0],"60":[1,4],"61":[1,4],"62":[1,1],"63":[2,3],"64":[0,4],"65":[113,19],"66":[1,18],"67":[19,13],"68":[3,2]},"meta":{"lastBranch":69,"lastFunction":51,"lastStatement":146,"seen":{"s:13:20:13:Infinity":0,"f:15:9:15:27":0,"b:16:2:16:Infinity:undefined:undefined:undefined:undefined":0,"s:16:2:16:Infinity":1,"b:16:6:16:22:16:22:16:41":1,"s:16:41:16:Infinity":2,"b:17:2:17:Infinity:undefined:undefined:undefined:undefined":2,"s:17:2:17:Infinity":3,"s:17:31:17:Infinity":4,"s:18:2:18:Infinity":5,"f:29:9:29:27":1,"s:30:8:30:Infinity":6,"b:30:15:30:32:30:32:30:34":3,"s:31:12:31:Infinity":7,"b:33:2:35:Infinity:undefined:undefined:undefined:undefined":4,"s:33:2:35:Infinity":8,"b:33:6:33:27:33:27:33:55:33:55:33:79":5,"s:34:4:34:Infinity":9,"b:36:2:38:Infinity:undefined:undefined:undefined:undefined":6,"s:36:2:38:Infinity":10,"b:36:6:36:26:36:26:36:53:36:53:36:81":7,"s:37:4:37:Infinity":11,"b:39:2:41:Infinity:undefined:undefined:undefined:undefined":8,"s:39:2:41:Infinity":12,"b:39:6:39:24:39:24:39:46:39:46:39:71:39:71:39:100:39:100:39:125:39:125:39:147":9,"s:40:4:40:Infinity":13,"b:42:2:44:Infinity:undefined:undefined:undefined:undefined":10,"s:42:2:44:Infinity":14,"b:42:6:42:33:42:33:42:51:42:51:42:71:42:71:42:96:42:96:42:121:42:121:42:149:42:149:42:175:42:175:42:200:42:200:42:225":11,"s:43:4:43:Infinity":15,"b:45:2:47:Infinity:undefined:undefined:undefined:undefined":12,"s:45:2:47:Infinity":16,"b:45:6:45:23:45:23:45:43:45:43:45:63:45:63:45:87:45:87:45:114:45:114:45:139":13,"s:46:4:46:Infinity":17,"b:48:2:50:Infinity:undefined:undefined:undefined:undefined":14,"s:48:2:50:Infinity":18,"b:48:6:48:23:48:23:48:47:48:47:48:71:48:71:48:100":15,"s:49:4:49:Infinity":19,"b:51:2:53:Infinity:undefined:undefined:undefined:undefined":16,"s:51:2:53:Infinity":20,"b:51:6:51:29:51:29:51:50:51:50:51:77:51:77:51:103:51:103:51:131":17,"s:52:4:52:Infinity":21,"b:54:2:56:Infinity:undefined:undefined:undefined:undefined":18,"s:54:2:56:Infinity":22,"b:54:6:54:27:54:27:54:48:54:48:54:75:54:75:54:98:54:98:54:124":19,"s:55:4:55:Infinity":23,"b:57:2:59:Infinity:undefined:undefined:undefined:undefined":20,"s:57:2:59:Infinity":24,"s:58:4:58:Infinity":25,"s:60:2:60:Infinity":26,"f:63:16:63:38":2,"s:64:19:64:27":27,"s:65:18:65:Infinity":28,"s:66:22:66:37":29,"s:67:20:67:29":30,"s:69:44:69:Infinity":31,"s:70:42:70:Infinity":32,"s:71:40:71:Infinity":33,"s:72:40:72:Infinity":34,"s:73:36:73:Infinity":35,"s:74:46:74:Infinity":36,"s:75:50:75:Infinity":37,"s:78:30:78:Infinity":38,"s:79:34:79:Infinity":39,"s:80:40:80:Infinity":40,"s:81:40:81:Infinity":41,"s:82:40:82:Infinity":42,"s:83:46:83:Infinity":43,"s:84:32:84:Infinity":44,"s:86:22:90:Infinity":45,"f:88:4:88:19":3,"s:88:19:88:Infinity":46,"s:92:23:102:Infinity":47,"f:93:4:93:17":4,"s:94:6:94:Infinity":48,"f:95:4:95:21":5,"s:96:6:96:Infinity":49,"s:97:6:97:Infinity":50,"s:98:6:98:Infinity":51,"s:99:6:99:Infinity":52,"f:101:4:101:14":6,"s:101:22:101:Infinity":53,"b:101:51:101:65:101:65:101:91":21,"s:104:25:110:Infinity":54,"f:105:4:105:17":7,"s:105:33:105:Infinity":55,"f:106:4:106:21":8,"s:107:6:107:Infinity":56,"f:109:4:109:14":9,"s:109:22:109:Infinity":57,"b:109:51:109:65:109:65:109:93":22,"f:112:11:112:26":10,"s:113:4:113:Infinity":58,"s:114:4:114:Infinity":59,"s:115:4:115:Infinity":60,"s:116:4:116:Infinity":61,"s:117:4:117:Infinity":62,"s:118:4:118:Infinity":63,"s:119:4:119:Infinity":64,"s:122:18:122:Infinity":65,"b:122:18:122:47:122:47:122:Infinity":23,"s:125:34:143:Infinity":66,"f:125:34:125:48":11,"s:126:16:126:Infinity":67,"s:128:4:134:Infinity":68,"s:129:19:129:Infinity":69,"b:130:6:132:Infinity:undefined:undefined:undefined:undefined":24,"s:130:6:132:Infinity":70,"s:131:8:131:Infinity":71,"s:133:6:133:Infinity":72,"s:136:17:140:Infinity":73,"f:136:42:136:48":12,"b:137:6:137:Infinity:undefined:undefined:undefined:undefined":25,"s:137:6:137:Infinity":74,"s:137:32:137:Infinity":75,"b:138:6:138:Infinity:undefined:undefined:undefined:undefined":26,"s:138:6:138:Infinity":76,"s:138:32:138:Infinity":77,"s:139:6:139:Infinity":78,"s:142:4:142:Infinity":79,"f:142:45:142:50":13,"s:142:57:142:117":80,"s:146:25:163:Infinity":81,"f:146:25:146:39":14,"s:147:14:147:Infinity":82,"s:149:4:162:Infinity":83,"f:150:7:150:15":15,"s:150:21:150:73":84,"b:150:21:150:47:150:47:150:73":27,"f:151:7:151:12":16,"b:152:8:152:Infinity:undefined:undefined:undefined:undefined":28,"s:152:8:152:Infinity":85,"s:152:16:152:Infinity":86,"s:153:30:159:Infinity":87,"f:153:38:153:46":17,"s:154:27:154:Infinity":88,"s:155:29:155:Infinity":89,"s:156:28:156:Infinity":90,"b:156:28:156:75:156:75:156:Infinity":29,"s:157:28:157:Infinity":91,"f:157:38:157:44":18,"s:157:50:157:77":92,"s:158:10:158:Infinity":93,"b:158:17:158:29:158:29:158:43:158:43:158:56:158:56:158:Infinity":30,"s:160:8:160:Infinity":94,"f:162:7:162:15":19,"s:162:21:162:39":95,"s:165:8:167:Infinity":96,"f:165:8:165:26":20,"s:166:4:166:Infinity":97,"f:166:4:166:25":21,"s:166:35:166:64":98,"s:169:2:576:Infinity":99,"b:183:15:183:Infinity:184:16:200:15":31,"b:186:45:186:56:186:56:186:Infinity":32,"f:188:20:188:35":22,"s:188:35:188:Infinity":100,"b:189:43:189:60:189:60:189:Infinity":33,"b:191:37:191:80:191:79:192:37":34,"b:192:37:192:54:192:54:192:Infinity":35,"f:194:54:194:69":23,"s:194:69:194:Infinity":101,"f:204:16:204:31":24,"s:204:31:204:Infinity":102,"b:207:73:207:90:207:90:207:95":36,"f:217:16:217:31":25,"s:217:31:217:Infinity":103,"b:221:22:221:Infinity:222:22:222:Infinity":37,"f:227:26:227:31":26,"s:228:16:243:Infinity":104,"f:231:18:231:33":27,"s:231:33:231:Infinity":105,"b:235:24:235:Infinity:236:24:236:Infinity":38,"f:253:16:253:27":28,"s:253:33:253:Infinity":106,"b:263:8:267:25:267:10:401:Infinity":39,"b:268:8:272:9:272:8:401:Infinity":40,"f:273:26:273:31":29,"s:274:25:274:Infinity":107,"s:275:32:275:Infinity":108,"s:276:32:276:Infinity":109,"f:276:44:276:52":30,"s:276:58:276:68":110,"s:278:12:398:Infinity":111,"f:283:18:283:33":31,"s:283:33:283:Infinity":112,"b:303:82:303:88:303:88:303:97":41,"b:304:23:304:42:304:42:305:Infinity":42,"b:307:37:307:67:307:66:307:Infinity":43,"b:313:17:313:Infinity:314:18:398:Infinity":44,"f:315:33:315:38":32,"s:316:22:394:Infinity":113,"b:324:30:328:31:328:30:330:Infinity":45,"b:335:29:335:Infinity:336:30:338:Infinity":46,"b:341:27:341:Infinity:342:28:342:Infinity":47,"b:344:27:344:Infinity:345:28:351:Infinity":48,"f:346:41:346:46":33,"s:347:32:349:Infinity":114,"b:360:27:360:Infinity:361:28:393:Infinity":49,"f:364:32:364:47":34,"s:365:34:365:Infinity":115,"s:370:34:370:Infinity":116,"b:370:95:370:100:370:100:370:129":50,"b:377:31:377:Infinity:378:32:391:Infinity":51,"f:380:34:380:49":35,"b:381:36:383:Infinity:undefined:undefined:undefined:undefined":52,"s:381:36:383:Infinity":117,"s:382:38:382:Infinity":118,"b:405:7:405:Infinity:406:8:462:Infinity":53,"f:408:10:408:25":36,"s:408:25:408:Infinity":119,"b:414:63:414:76:414:76:414:Infinity":54,"b:414:22:414:46:414:46:414:63":55,"f:416:16:416:27":37,"s:416:33:416:Infinity":120,"b:419:22:419:Infinity:420:22:420:Infinity":56,"b:418:18:418:42:418:42:418:Infinity":57,"b:425:13:425:Infinity:426:14:426:Infinity":58,"f:429:42:429:57":38,"s:429:57:429:79":121,"f:435:16:435:31":39,"s:437:38:437:Infinity":122,"b:437:38:437:62:437:62:437:Infinity":59,"s:438:37:438:Infinity":123,"b:439:18:439:Infinity:undefined:undefined:undefined:undefined":60,"s:439:18:439:Infinity":124,"s:439:53:439:Infinity":125,"b:440:18:440:Infinity:undefined:undefined:undefined:undefined":61,"s:440:18:440:Infinity":126,"s:440:54:440:Infinity":127,"b:440:60:440:84:440:84:440:Infinity":62,"b:441:18:448:Infinity:undefined:undefined:undefined:undefined":63,"s:441:18:448:Infinity":128,"s:442:20:447:Infinity":129,"s:443:22:443:Infinity":130,"s:445:22:445:Infinity":131,"s:446:22:446:Infinity":132,"s:449:18:455:Infinity":133,"b:451:38:451:43:451:43:451:Infinity":64,"b:466:7:466:Infinity:467:8:574:Infinity":65,"f:469:10:469:25":40,"s:469:25:469:Infinity":134,"f:478:16:478:27":41,"s:478:33:478:Infinity":135,"b:484:36:484:49:484:49:484:Infinity":66,"f:487:16:487:27":42,"s:487:33:487:Infinity":136,"f:495:18:495:29":43,"s:495:35:495:Infinity":137,"f:515:18:515:29":44,"s:515:35:515:Infinity":138,"f:524:18:524:29":45,"s:524:35:524:Infinity":139,"f:536:16:536:27":46,"s:536:33:536:Infinity":140,"f:545:16:545:27":47,"s:545:33:545:Infinity":141,"f:550:42:550:57":48,"s:550:57:550:83":142,"b:555:26:555:37:555:37:555:Infinity":67,"f:556:16:556:31":49,"s:557:31:560:Infinity":143,"f:559:21:559:26":50,"s:559:32:559:40":144,"s:561:18:567:Infinity":145,"b:565:33:565:51:565:51:565:Infinity":68},"fnNames":{}}}
}
